[{"check_name":"unresolved-attribute","description":"unresolved-attribute: Object of type `Self@ukey` has no attribute `fo`","severity":"major","fingerprint":"70d0e2260d10fd3d","location":{"path":"fsspec/archive.py","positions":{"begin":{"line":23,"column":31},"end":{"line":23,"column":38}}}},{"check_name":"unresolved-attribute","description":"unresolved-attribute: Object of type `Self@info` has no attribute `_get_dirs`","severity":"major","fingerprint":"5468fd7382d6ad7f","location":{"path":"fsspec/archive.py","positions":{"begin":{"line":40,"column":9},"end":{"line":40,"column":23}}}},{"check_name":"unresolved-attribute","description":"unresolved-attribute: Object of type `Self@info` has no attribute `dir_cache`","severity":"major","fingerprint":"3ca965195b1c9198","location":{"path":"fsspec/archive.py","positions":{"begin":{"line":42,"column":34},"end":{"line":42,"column":48}}}},{"check_name":"unresolved-attribute","description":"unresolved-attribute: Object of type `Self@info` has no attribute `dir_cache`","severity":"major","fingerprint":"7f2f87401e9241ae","location":{"path":"fsspec/archive.py","positions":{"begin":{"line":44,"column":20},"end":{"line":44,"column":34}}}},{"check_name":"unresolved-attribute","description":"unresolved-attribute: Object of type `Self@info` has no attribute `dir_cache`","severity":"major","fingerprint":"28387978d9d05836","location":{"path":"fsspec/archive.py","positions":{"begin":{"line":45,"column":20},"end":{"line":45,"column":34}}}},{"check_name":"unresolved-attribute","description":"unresolved-attribute: Object of type `Self@info` has no attribute `dir_cache`","severity":"major","fingerprint":"c142959473501616","location":{"path":"fsspec/archive.py","positions":{"begin":{"line":46,"column":28},"end":{"line":46,"column":42}}}},{"check_name":"unresolved-attribute","description":"unresolved-attribute: Object of type `Self@info` has no attribute `dir_cache`","severity":"major","fingerprint":"481d0797021de550","location":{"path":"fsspec/archive.py","positions":{"begin":{"line":47,"column":20},"end":{"line":47,"column":34}}}},{"check_name":"unresolved-attribute","description":"unresolved-attribute: Object of type `Self@ls` has no attribute `_get_dirs`","severity":"major","fingerprint":"8ec111305f741ef7","location":{"path":"fsspec/archive.py","positions":{"begin":{"line":52,"column":9},"end":{"line":52,"column":23}}}},{"check_name":"unresolved-attribute","description":"unresolved-attribute: Object of type `Self@ls` has no attribute `dir_cache`","severity":"major","fingerprint":"5d7d7851e42753b2","location":{"path":"fsspec/archive.py","positions":{"begin":{"line":54,"column":21},"end":{"line":54,"column":35}}}},{"check_name":"unresolved-global","description":"unresolved-global: Invalid global declaration of `lock`: `lock` has no declarations or bindings in the global scope","severity":"minor","fingerprint":"9e18d0e85924c2e0","location":{"path":"fsspec/asyn.py","positions":{"begin":{"line":142,"column":12},"end":{"line":142,"column":16}}}},{"check_name":"possibly-missing-attribute","description":"possibly-missing-attribute: Attribute `_coro` may be missing on object of type `Task[Any] | Unknown`","severity":"minor","fingerprint":"30ef23b74cb6ed64","location":{"path":"fsspec/asyn.py","positions":{"begin":{"line":966,"column":23},"end":{"line":966,"column":33}}}},{"check_name":"possibly-missing-attribute","description":"possibly-missing-attribute: Attribute `_coro` may be missing on object of type `Task[Any] | Unknown`","severity":"minor","fingerprint":"99ae4624fc24b103","location":{"path":"fsspec/asyn.py","positions":{"begin":{"line":967,"column":21},"end":{"line":967,"column":31}}}},{"check_name":"possibly-missing-attribute","description":"possibly-missing-attribute: Attribute `_coro` may be missing on object of type `Task[Any] | Unknown`","severity":"minor","fingerprint":"53b07d0cfe0190c5","location":{"path":"fsspec/asyn.py","positions":{"begin":{"line":968,"column":26},"end":{"line":968,"column":36}}}},{"check_name":"possibly-missing-attribute","description":"possibly-missing-attribute: Attribute `_coro` may be missing on object of type `Task[Any] | Unknown`","severity":"minor","fingerprint":"526264312f26a358","location":{"path":"fsspec/asyn.py","positions":{"begin":{"line":969,"column":23},"end":{"line":969,"column":33}}}},{"check_name":"possibly-missing-attribute","description":"possibly-missing-attribute: Attribute `_coro` may be missing on object of type `Task[Any] | Unknown`","severity":"minor","fingerprint":"3903c0c66d3c4e9d","location":{"path":"fsspec/asyn.py","positions":{"begin":{"line":970,"column":45},"end":{"line":970,"column":55}}}},{"check_name":"possibly-missing-attribute","description":"possibly-missing-attribute: Attribute `_coro` may be missing on object of type `Task[Any] | Unknown`","severity":"minor","fingerprint":"4769cc5cf55f7507","location":{"path":"fsspec/asyn.py","positions":{"begin":{"line":983,"column":17},"end":{"line":983,"column":24}}}},{"check_name":"invalid-method-override","description":"invalid-method-override: Invalid override of method `close`: Definition is incompatible with `_IOBase.close`","severity":"major","fingerprint":"1ac6c3e7e60bfead","location":{"path":"fsspec/asyn.py","positions":{"begin":{"line":1040,"column":15},"end":{"line":1040,"column":26}}}},{"check_name":"invalid-method-override","description":"invalid-method-override: Invalid override of method `flush`: Definition is incompatible with `_IOBase.flush`","severity":"major","fingerprint":"6595c278b6e8fb1f","location":{"path":"fsspec/asyn.py","positions":{"begin":{"line":1061,"column":15},"end":{"line":1061,"column":39}}}},{"check_name":"invalid-type-arguments","description":"invalid-type-arguments: Too many type arguments to class `list`: expected 1, got 2","severity":"major","fingerprint":"e21fb2ee1bd5493b","location":{"path":"fsspec/caching.py","positions":{"begin":{"line":31,"column":36},"end":{"line":31,"column":39}}}},{"check_name":"invalid-method-override","description":"invalid-method-override: Invalid override of method `_fetch`: Definition is incompatible with `BaseCache._fetch`","severity":"major","fingerprint":"c65b7ff39cd540fa","location":{"path":"fsspec/caching.py","positions":{"begin":{"line":165,"column":9},"end":{"line":165,"column":66}}}},{"check_name":"invalid-return-type","description":"invalid-return-type: Return type does not match returned value: expected `bytes`, found `Unknown | bytes | bytearray`","severity":"major","fingerprint":"5bef283db9889349","location":{"path":"fsspec/caching.py","positions":{"begin":{"line":212,"column":20},"end":{"line":212,"column":41}}}},{"check_name":"invalid-return-type","description":"invalid-return-type: Return type does not match returned value: expected `bytes`, found `Unknown | bytes | bytearray`","severity":"major","fingerprint":"6d81989ce164f128","location":{"path":"fsspec/caching.py","positions":{"begin":{"line":225,"column":16},"end":{"line":225,"column":37}}}},{"check_name":"invalid-method-override","description":"invalid-method-override: Invalid override of method `_fetch`: Definition is incompatible with `BaseCache._fetch`","severity":"major","fingerprint":"9d87be5a13583fb0","location":{"path":"fsspec/caching.py","positions":{"begin":{"line":255,"column":9},"end":{"line":255,"column":66}}}},{"check_name":"invalid-method-override","description":"invalid-method-override: Invalid override of method `_fetch`: Definition is incompatible with `BaseCache._fetch`","severity":"major","fingerprint":"4b7a6e9e60cd8a35","location":{"path":"fsspec/caching.py","positions":{"begin":{"line":301,"column":9},"end":{"line":301,"column":66}}}},{"check_name":"invalid-argument-type","description":"invalid-argument-type: Argument to function `min` is incorrect: Argument type `int | None` does not satisfy upper bound `SupportsDunderLT[Any] | SupportsDunderGT[Any]` of type variable `SupportsRichComparisonT`","severity":"major","fingerprint":"c7d18434457e6eff","location":{"path":"fsspec/caching.py","positions":{"begin":{"line":307,"column":19},"end":{"line":307,"column":22}}}},{"check_name":"invalid-method-override","description":"invalid-method-override: Invalid override of method `_fetch`: Definition is incompatible with `BaseCache._fetch`","severity":"major","fingerprint":"ea28680082dc8537","location":{"path":"fsspec/caching.py","positions":{"begin":{"line":386,"column":9},"end":{"line":386,"column":66}}}},{"check_name":"invalid-method-override","description":"invalid-method-override: Invalid override of method `_fetch`: Definition is incompatible with `BaseCache._fetch`","severity":"major","fingerprint":"1b381a78fe44bf29","location":{"path":"fsspec/caching.py","positions":{"begin":{"line":492,"column":9},"end":{"line":492,"column":66}}}},{"check_name":"invalid-argument-type","description":"invalid-argument-type: Argument is incorrect: Expected `P@UpdatableLRU.kwargs`, found `object`","severity":"major","fingerprint":"5d3bb93dd65f2c1d","location":{"path":"fsspec/caching.py","positions":{"begin":{"line":739,"column":36},"end":{"line":739,"column":44}}}},{"check_name":"invalid-method-override","description":"invalid-method-override: Invalid override of method `_fetch`: Definition is incompatible with `BaseCache._fetch`","severity":"major","fingerprint":"21f80b370c47298f","location":{"path":"fsspec/caching.py","positions":{"begin":{"line":838,"column":9},"end":{"line":838,"column":66}}}},{"check_name":"invalid-method-override","description":"invalid-method-override: Invalid override of method `call`: Definition is incompatible with `Callback.call`","severity":"major","fingerprint":"9764a3c5df75dadd","location":{"path":"fsspec/callbacks.py","positions":{"begin":{"line":232,"column":9},"end":{"line":232,"column":29}}}},{"check_name":"invalid-assignment","description":"invalid-assignment: Object of type `(closer=...) -> Unknown` is not assignable to attribute `close` of type `def close(self) -> None`","severity":"major","fingerprint":"c6ebc034ee76b6db","location":{"path":"fsspec/compression.py","positions":{"begin":{"line":61,"column":9},"end":{"line":61,"column":17}}}},{"check_name":"possibly-missing-attribute","description":"possibly-missing-attribute: Attribute `_cache` may be missing on object of type `Unknown | <class 'AbstractFileSystem'>`","severity":"minor","fingerprint":"b999c48bb699f572","location":{"path":"fsspec/conftest.py","positions":{"begin":{"line":60,"column":25},"end":{"line":60,"column":35}}}},{"check_name":"invalid-method-override","description":"invalid-method-override: Invalid override of method `__getitem__`: Definition is incompatible with `MutableSequence.__getitem__`","severity":"major","fingerprint":"d23bae3a73d974c0","location":{"path":"fsspec/core.py","positions":{"begin":{"line":206,"column":9},"end":{"line":206,"column":32}}}},{"check_name":"possibly-missing-attribute","description":"possibly-missing-attribute: Attribute `rstrip` may be missing on object of type `str | None`","severity":"minor","fingerprint":"9320a22aea554027","location":{"path":"fsspec/fuse.py","positions":{"begin":{"line":236,"column":24},"end":{"line":236,"column":47}}}},{"check_name":"invalid-method-override","description":"invalid-method-override: Invalid override of method `_info`: Definition is incompatible with `AsyncFileSystem._info`","severity":"major","fingerprint":"bf5f9fd6203b0cb7","location":{"path":"fsspec/generic.py","positions":{"begin":{"line":210,"column":15},"end":{"line":210,"column":41}}}},{"check_name":"invalid-method-override","description":"invalid-method-override: Invalid override of method `_ls`: Definition is incompatible with `AsyncFileSystem._ls`","severity":"major","fingerprint":"b0fe6f264372ac7","location":{"path":"fsspec/generic.py","positions":{"begin":{"line":220,"column":15},"end":{"line":225,"column":6}}}},{"check_name":"invalid-method-override","description":"invalid-method-override: Invalid override of method `_cat_file`: Definition is incompatible with `AsyncFileSystem._cat_file`","severity":"major","fingerprint":"67168f12cef397fb","location":{"path":"fsspec/generic.py","positions":{"begin":{"line":239,"column":15},"end":{"line":243,"column":6}}}},{"check_name":"invalid-method-override","description":"invalid-method-override: Invalid override of method `_pipe_file`: Definition is incompatible with `AsyncFileSystem._pipe_file`","severity":"major","fingerprint":"826a918b044e6b42","location":{"path":"fsspec/generic.py","positions":{"begin":{"line":250,"column":15},"end":{"line":255,"column":6}}}},{"check_name":"invalid-method-override","description":"invalid-method-override: Invalid override of method `_rm`: Definition is incompatible with `AsyncFileSystem._rm`","severity":"major","fingerprint":"4456330f32285669","location":{"path":"fsspec/generic.py","positions":{"begin":{"line":262,"column":15},"end":{"line":262,"column":39}}}},{"check_name":"invalid-method-override","description":"invalid-method-override: Invalid override of method `_cp_file`: Definition is incompatible with `AsyncFileSystem._cp_file`","severity":"major","fingerprint":"32413ca491f75105","location":{"path":"fsspec/generic.py","positions":{"begin":{"line":287,"column":15},"end":{"line":295,"column":6}}}},{"check_name":"invalid-assignment","description":"invalid-assignment: Object of type `list[Unknown]` is not assignable to attribute `options` on type `Unknown | SingleSelect`","severity":"major","fingerprint":"62be89cb2a9413d2","location":{"path":"fsspec/gui.py","positions":{"begin":{"line":406,"column":9},"end":{"line":406,"column":26}}}},{"check_name":"invalid-method-override","description":"invalid-method-override: Invalid override of method `exists`: Definition is incompatible with `AbstractFileSystem.exists`","severity":"major","fingerprint":"5db41fc46c263c47","location":{"path":"fsspec/implementations/arrow.py","positions":{"begin":{"line":95,"column":9},"end":{"line":95,"column":27}}}},{"check_name":"unresolved-attribute","description":"unresolved-attribute: Object of type `None` has no attribute `split`","severity":"major","fingerprint":"2a8ff6ce7c49fd7d","location":{"path":"fsspec/implementations/arrow.py","positions":{"begin":{"line":177,"column":20},"end":{"line":177,"column":41}}}},{"check_name":"invalid-method-override","description":"invalid-method-override: Invalid override of method `get_file`: Definition is incompatible with `AbstractFileSystem.get_file`","severity":"major","fingerprint":"b40f1c161c0f973","location":{"path":"fsspec/implementations/arrow.py","positions":{"begin":{"line":211,"column":9},"end":{"line":211,"column":47}}}},{"check_name":"invalid-argument-type","description":"invalid-argument-type: Argument expression after ** must be a mapping type: Found `Unknown | None`","severity":"major","fingerprint":"3c46b24c4129f050","location":{"path":"fsspec/implementations/asyn_wrapper.py","positions":{"begin":{"line":72,"column":63},"end":{"line":72,"column":79}}}},{"check_name":"unsupported-base","description":"unsupported-base: Unsupported class base with type `type[Self@wrap_class]`","severity":"minor","fingerprint":"e7c7146e345935e5","location":{"path":"fsspec/implementations/asyn_wrapper.py","positions":{"begin":{"line":116,"column":47},"end":{"line":116,"column":50}}}},{"check_name":"unresolved-attribute","description":"unresolved-attribute: Object of type `object` has no attribute `directory_levels`","severity":"major","fingerprint":"317ca47631e7d930","location":{"path":"fsspec/implementations/cache_mapper.py","positions":{"begin":{"line":55,"column":67},"end":{"line":55,"column":89}}}},{"check_name":"possibly-missing-attribute","description":"possibly-missing-attribute: Attribute `put` may be missing on object of type `Unknown | None`","severity":"minor","fingerprint":"e504d02b6ddbc636","location":{"path":"fsspec/implementations/cached.py","positions":{"begin":{"line":37,"column":13},"end":{"line":37,"column":24}}}},{"check_name":"invalid-assignment","description":"invalid-assignment: Object of type `Literal[False]` is not assignable to attribute `_intrans` on type `Unknown | None`","severity":"major","fingerprint":"72fa62b537bc64e5","location":{"path":"fsspec/implementations/cached.py","positions":{"begin":{"line":39,"column":9},"end":{"line":39,"column":25}}}},{"check_name":"invalid-assignment","description":"invalid-assignment: Object of type `None` is not assignable to attribute `_transaction` on type `Unknown | None`","severity":"major","fingerprint":"9415bc20342e4154","location":{"path":"fsspec/implementations/cached.py","positions":{"begin":{"line":40,"column":9},"end":{"line":40,"column":29}}}},{"check_name":"possibly-missing-attribute","description":"possibly-missing-attribute: Attribute `protocol` may be missing on object of type `Unknown | None`","severity":"minor","fingerprint":"6f3d80a5df16f394","location":{"path":"fsspec/implementations/cached.py","positions":{"begin":{"line":168,"column":19},"end":{"line":168,"column":30}}}},{"check_name":"possibly-missing-attribute","description":"possibly-missing-attribute: Attribute `protocol` may be missing on object of type `Unknown | None`","severity":"minor","fingerprint":"c1771082295f7303","location":{"path":"fsspec/implementations/cached.py","positions":{"begin":{"line":168,"column":45},"end":{"line":168,"column":56}}}},{"check_name":"possibly-missing-attribute","description":"possibly-missing-attribute: Attribute `protocol` may be missing on object of type `Unknown | None`","severity":"minor","fingerprint":"b19b9a86450ea7af","location":{"path":"fsspec/implementations/cached.py","positions":{"begin":{"line":168,"column":68},"end":{"line":168,"column":79}}}},{"check_name":"invalid-method-override","description":"invalid-method-override: Invalid override of method `ls`: Definition is incompatible with `AbstractFileSystem.ls`","severity":"major","fingerprint":"ffa35b3ed7782c1a","location":{"path":"fsspec/implementations/cached.py","positions":{"begin":{"line":424,"column":9},"end":{"line":424,"column":36}}}},{"check_name":"invalid-method-override","description":"invalid-method-override: Invalid override of method `_open`: Definition is incompatible with `CachingFileSystem._open`","severity":"major","fingerprint":"98320a871c8ec50d","location":{"path":"fsspec/implementations/cached.py","positions":{"begin":{"line":681,"column":9},"end":{"line":681,"column":47}}}},{"check_name":"invalid-method-override","description":"invalid-method-override: Invalid override of method `pipe_file`: Definition is incompatible with `AbstractFileSystem.pipe_file`","severity":"major","fingerprint":"6931baabb2329185","location":{"path":"fsspec/implementations/cached.py","positions":{"begin":{"line":784,"column":9},"end":{"line":784,"column":52}}}},{"check_name":"invalid-method-override","description":"invalid-method-override: Invalid override of method `_open`: Definition is incompatible with `CachingFileSystem._open`","severity":"major","fingerprint":"5e4b3b12558b0219","location":{"path":"fsspec/implementations/cached.py","positions":{"begin":{"line":897,"column":9},"end":{"line":897,"column":47}}}},{"check_name":"possibly-missing-attribute","description":"possibly-missing-attribute: Attribute `mkdir` may be missing on object of type `Unknown | None`","severity":"minor","fingerprint":"476b1961d2d2e739","location":{"path":"fsspec/implementations/dask.py","positions":{"begin":{"line":71,"column":13},"end":{"line":71,"column":26}}}},{"check_name":"possibly-missing-attribute","description":"possibly-missing-attribute: Attribute `rm` may be missing on object of type `Unknown | None`","severity":"minor","fingerprint":"6112fec123ebcaca","location":{"path":"fsspec/implementations/dask.py","positions":{"begin":{"line":77,"column":13},"end":{"line":77,"column":23}}}},{"check_name":"possibly-missing-attribute","description":"possibly-missing-attribute: Attribute `copy` may be missing on object of type `Unknown | None`","severity":"minor","fingerprint":"ffd8e08db9bf1cb2","location":{"path":"fsspec/implementations/dask.py","positions":{"begin":{"line":83,"column":13},"end":{"line":83,"column":25}}}},{"check_name":"possibly-missing-attribute","description":"possibly-missing-attribute: Attribute `mv` may be missing on object of type `Unknown | None`","severity":"minor","fingerprint":"d3a918d48aa9434e","location":{"path":"fsspec/implementations/dask.py","positions":{"begin":{"line":89,"column":13},"end":{"line":89,"column":23}}}},{"check_name":"possibly-missing-attribute","description":"possibly-missing-attribute: Attribute `ls` may be missing on object of type `Unknown | None`","severity":"minor","fingerprint":"108e22b7c918999","location":{"path":"fsspec/implementations/dask.py","positions":{"begin":{"line":95,"column":20},"end":{"line":95,"column":30}}}},{"check_name":"possibly-missing-attribute","description":"possibly-missing-attribute: Attribute `_open` may be missing on object of type `Unknown | None`","severity":"minor","fingerprint":"d98d40e6448fa5bd","location":{"path":"fsspec/implementations/dask.py","positions":{"begin":{"line":109,"column":20},"end":{"line":109,"column":33}}}},{"check_name":"invalid-method-override","description":"invalid-method-override: Invalid override of method `rm`: Definition is incompatible with `AbstractFileSystem.rm`","severity":"major","fingerprint":"705b3de63e730858","location":{"path":"fsspec/implementations/dbfs.py","positions":{"begin":{"line":177,"column":9},"end":{"line":177,"column":50}}}},{"check_name":"invalid-method-override","description":"invalid-method-override: Invalid override of method `mv`: Definition is incompatible with `AbstractFileSystem.mv`","severity":"major","fingerprint":"6ce2a5f4aedecb3f","location":{"path":"fsspec/implementations/dbfs.py","positions":{"begin":{"line":206,"column":9},"end":{"line":208,"column":6}}}},{"check_name":"invalid-method-override","description":"invalid-method-override: Invalid override of method `_open`: Definition is incompatible with `AbstractFileSystem._open`","severity":"major","fingerprint":"99197852ae032d28","location":{"path":"fsspec/implementations/dbfs.py","positions":{"begin":{"line":252,"column":9},"end":{"line":252,"column":69}}}},{"check_name":"possibly-missing-attribute","description":"possibly-missing-attribute: Submodule `parse` may not be available as an attribute on module `urllib`","severity":"minor","fingerprint":"774a526121e7e3a3","location":{"path":"fsspec/implementations/dbfs.py","positions":{"begin":{"line":282,"column":15},"end":{"line":282,"column":27}}}},{"check_name":"invalid-method-override","description":"invalid-method-override: Invalid override of method `_put_file`: Definition is incompatible with `AsyncFileSystem._put_file`","severity":"major","fingerprint":"bac8004df09ed82f","location":{"path":"fsspec/implementations/dirfs.py","positions":{"begin":{"line":170,"column":15},"end":{"line":170,"column":54}}}},{"check_name":"invalid-method-override","description":"invalid-method-override: Invalid override of method `put_file`: Definition is incompatible with `AbstractFileSystem.put_file`","severity":"major","fingerprint":"e4db350e1b81a244","location":{"path":"fsspec/implementations/dirfs.py","positions":{"begin":{"line":173,"column":9},"end":{"line":173,"column":47}}}},{"check_name":"invalid-method-override","description":"invalid-method-override: Invalid override of method `get_file`: Definition is incompatible with `AbstractFileSystem.get_file`","severity":"major","fingerprint":"ef6d4fbb1342ad12","location":{"path":"fsspec/implementations/dirfs.py","positions":{"begin":{"line":201,"column":9},"end":{"line":201,"column":47}}}},{"check_name":"invalid-method-override","description":"invalid-method-override: Invalid override of method `_exists`: Definition is incompatible with `AsyncFileSystem._exists`","severity":"major","fingerprint":"85f5e64511a10111","location":{"path":"fsspec/implementations/dirfs.py","positions":{"begin":{"line":228,"column":15},"end":{"line":228,"column":34}}}},{"check_name":"invalid-method-override","description":"invalid-method-override: Invalid override of method `exists`: Definition is incompatible with `AbstractFileSystem.exists`","severity":"major","fingerprint":"d091b2d40e2d4159","location":{"path":"fsspec/implementations/dirfs.py","positions":{"begin":{"line":231,"column":9},"end":{"line":231,"column":27}}}},{"check_name":"invalid-method-override","description":"invalid-method-override: Invalid override of method `_glob`: Definition is incompatible with `AsyncFileSystem._glob`","severity":"major","fingerprint":"fbeb5df5bfd1f3f1","location":{"path":"fsspec/implementations/dirfs.py","positions":{"begin":{"line":278,"column":15},"end":{"line":278,"column":42}}}},{"check_name":"invalid-method-override","description":"invalid-method-override: Invalid override of method `glob`: Definition is incompatible with `AbstractFileSystem.glob`","severity":"major","fingerprint":"67a9f5a6e529963c","location":{"path":"fsspec/implementations/dirfs.py","positions":{"begin":{"line":285,"column":9},"end":{"line":285,"column":35}}}},{"check_name":"invalid-method-override","description":"invalid-method-override: Invalid override of method `mv`: Definition is incompatible with `AbstractFileSystem.mv`","severity":"major","fingerprint":"4d64a8ad4ea8f3ca","location":{"path":"fsspec/implementations/dirfs.py","positions":{"begin":{"line":345,"column":9},"end":{"line":345,"column":41}}}},{"check_name":"invalid-method-override","description":"invalid-method-override: Invalid override of method `touch`: Definition is incompatible with `AbstractFileSystem.touch`","severity":"major","fingerprint":"bc8eb4cfc292d49e","location":{"path":"fsspec/implementations/dirfs.py","positions":{"begin":{"line":352,"column":9},"end":{"line":352,"column":36}}}},{"check_name":"possibly-missing-attribute","description":"possibly-missing-attribute: Attribute `prot_p` may be missing on object of type `Unknown | FTP`","severity":"minor","fingerprint":"b23ec652c525289e","location":{"path":"fsspec/implementations/ftp.py","positions":{"begin":{"line":113,"column":13},"end":{"line":113,"column":28}}}},{"check_name":"unresolved-attribute","description":"unresolved-attribute: Unresolved attribute `ssl_version` on type `FTP`.","severity":"major","fingerprint":"53a91c0823108ae5","location":{"path":"fsspec/implementations/ftp.py","positions":{"begin":{"line":132,"column":13},"end":{"line":132,"column":33}}}},{"check_name":"invalid-method-override","description":"invalid-method-override: Invalid override of method `_get_kwargs_from_urls`: Definition is incompatible with `AbstractFileSystem._get_kwargs_from_urls`","severity":"major","fingerprint":"2f90ea6f719af8f2","location":{"path":"fsspec/implementations/ftp.py","positions":{"begin":{"line":141,"column":9},"end":{"line":141,"column":39}}}},{"check_name":"invalid-assignment","description":"invalid-assignment: Invalid subscript assignment with key of type `Literal[\"size\"]` and value of type `int` on object of type `dict[str, str]`","severity":"major","fingerprint":"6d6c55b2614d9920","location":{"path":"fsspec/implementations/ftp.py","positions":{"begin":{"line":166,"column":25},"end":{"line":166,"column":63}}}},{"check_name":"invalid-assignment","description":"invalid-assignment: Invalid subscript assignment with key of type `Literal[\"size\"]` and value of type `Literal[0]` on object of type `dict[str, str]`","severity":"major","fingerprint":"504bfc85ea8b61a0","location":{"path":"fsspec/implementations/ftp.py","positions":{"begin":{"line":168,"column":25},"end":{"line":168,"column":44}}}},{"check_name":"invalid-method-override","description":"invalid-method-override: Invalid override of method `get_file`: Definition is incompatible with `AbstractFileSystem.get_file`","severity":"major","fingerprint":"2917051f1bd6453e","location":{"path":"fsspec/implementations/ftp.py","positions":{"begin":{"line":197,"column":9},"end":{"line":197,"column":47}}}},{"check_name":"invalid-method-override","description":"invalid-method-override: Invalid override of method `_open`: Definition is incompatible with `AbstractFileSystem._open`","severity":"major","fingerprint":"5a2863e305af03da","location":{"path":"fsspec/implementations/ftp.py","positions":{"begin":{"line":237,"column":9},"end":{"line":245,"column":6}}}},{"check_name":"invalid-method-override","description":"invalid-method-override: Invalid override of method `mv`: Definition is incompatible with `AbstractFileSystem.mv`","severity":"major","fingerprint":"1f2338968057aeab","location":{"path":"fsspec/implementations/ftp.py","positions":{"begin":{"line":295,"column":9},"end":{"line":295,"column":41}}}},{"check_name":"invalid-method-override","description":"invalid-method-override: Invalid override of method `_open`: Definition is incompatible with `AbstractFileSystem._open`","severity":"major","fingerprint":"649128f8e0865fb2","location":{"path":"fsspec/implementations/gist.py","positions":{"begin":{"line":197,"column":9},"end":{"line":197,"column":64}}}},{"check_name":"invalid-method-override","description":"invalid-method-override: Invalid override of method `_open`: Definition is incompatible with `AbstractFileSystem._open`","severity":"major","fingerprint":"b8bfe0e4309fda67","location":{"path":"fsspec/implementations/github.py","positions":{"begin":{"line":217,"column":9},"end":{"line":225,"column":6}}}},{"check_name":"invalid-method-override","description":"invalid-method-override: Invalid override of method `_ls`: Definition is incompatible with `AsyncFileSystem._ls`","severity":"major","fingerprint":"41114e10b166fda5","location":{"path":"fsspec/implementations/http.py","positions":{"begin":{"line":214,"column":15},"end":{"line":214,"column":52}}}},{"check_name":"invalid-method-override","description":"invalid-method-override: Invalid override of method `_cat_file`: Definition is incompatible with `AsyncFileSystem._cat_file`","severity":"major","fingerprint":"da3332b6ef220b70","location":{"path":"fsspec/implementations/http.py","positions":{"begin":{"line":232,"column":15},"end":{"line":232,"column":67}}}},{"check_name":"invalid-method-override","description":"invalid-method-override: Invalid override of method `_put_file`: Definition is incompatible with `AsyncFileSystem._put_file`","severity":"major","fingerprint":"3e775dc29054bcb5","location":{"path":"fsspec/implementations/http.py","positions":{"begin":{"line":280,"column":15},"end":{"line":289,"column":6}}}},{"check_name":"possibly-missing-attribute","description":"possibly-missing-attribute: Attribute `seek` may be missing on object of type `T@nullcontext | BufferedReader[_BufferedReaderStream]`","severity":"minor","fingerprint":"844b984c51923efa","location":{"path":"fsspec/implementations/http.py","positions":{"begin":{"line":305,"column":39},"end":{"line":305,"column":45}}}},{"check_name":"possibly-missing-attribute","description":"possibly-missing-attribute: Attribute `seek` may be missing on object of type `T@nullcontext | BufferedReader[_BufferedReaderStream]`","severity":"minor","fingerprint":"308acd61315b6d1f","location":{"path":"fsspec/implementations/http.py","positions":{"begin":{"line":306,"column":21},"end":{"line":306,"column":27}}}},{"check_name":"possibly-missing-attribute","description":"possibly-missing-attribute: Attribute `read` may be missing on object of type `T@nullcontext | BufferedReader[_BufferedReaderStream]`","severity":"minor","fingerprint":"397b51d1e17b4ea7","location":{"path":"fsspec/implementations/http.py","positions":{"begin":{"line":310,"column":25},"end":{"line":310,"column":31}}}},{"check_name":"possibly-missing-attribute","description":"possibly-missing-attribute: Attribute `read` may be missing on object of type `T@nullcontext | BufferedReader[_BufferedReaderStream]`","severity":"minor","fingerprint":"1a01962f396ef9b5","location":{"path":"fsspec/implementations/http.py","positions":{"begin":{"line":314,"column":29},"end":{"line":314,"column":35}}}},{"check_name":"invalid-method-override","description":"invalid-method-override: Invalid override of method `_open`: Definition is incompatible with `AbstractFileSystem._open`","severity":"major","fingerprint":"f97fecb1c2e08dc7","location":{"path":"fsspec/implementations/http.py","positions":{"begin":{"line":351,"column":9},"end":{"line":361,"column":6}}}},{"check_name":"invalid-method-override","description":"invalid-method-override: Invalid override of method `ukey`: Definition is incompatible with `AbstractFileSystem.ukey`","severity":"major","fingerprint":"86440fb9221832","location":{"path":"fsspec/implementations/http.py","positions":{"begin":{"line":424,"column":9},"end":{"line":424,"column":24}}}},{"check_name":"invalid-method-override","description":"invalid-method-override: Invalid override of method `_info`: Definition is incompatible with `AsyncFileSystem._info`","severity":"major","fingerprint":"d47620ee0c504d38","location":{"path":"fsspec/implementations/http.py","positions":{"begin":{"line":428,"column":15},"end":{"line":428,"column":41}}}},{"check_name":"possibly-missing-attribute","description":"possibly-missing-attribute: Attribute `get` may be missing on object of type `Unknown | None`","severity":"minor","fingerprint":"e14fb8bec7aaaa6c","location":{"path":"fsspec/implementations/http.py","positions":{"begin":{"line":654,"column":23},"end":{"line":654,"column":39}}}},{"check_name":"possibly-missing-attribute","description":"possibly-missing-attribute: Attribute `get` may be missing on object of type `Unknown | None`","severity":"minor","fingerprint":"f4eaadbc96237a88","location":{"path":"fsspec/implementations/http.py","positions":{"begin":{"line":692,"column":19},"end":{"line":692,"column":35}}}},{"check_name":"possibly-missing-attribute","description":"possibly-missing-attribute: Attribute `get` may be missing on object of type `Unknown | None`","severity":"minor","fingerprint":"15bab051240b1ab7","location":{"path":"fsspec/implementations/http.py","positions":{"begin":{"line":761,"column":23},"end":{"line":761,"column":39}}}},{"check_name":"invalid-argument-type","description":"invalid-argument-type: Argument to function `run_coroutine_threadsafe` is incorrect: Expected `AbstractEventLoop`, found `Unknown | None`","severity":"major","fingerprint":"90c48c8a2035302f","location":{"path":"fsspec/implementations/http.py","positions":{"begin":{"line":786,"column":57},"end":{"line":786,"column":66}}}},{"check_name":"invalid-method-override","description":"invalid-method-override: Invalid override of method `read`: Definition is incompatible with `AbstractAsyncStreamedFile.read`","severity":"major","fingerprint":"5914e73eaa01f214","location":{"path":"fsspec/implementations/http.py","positions":{"begin":{"line":804,"column":15},"end":{"line":804,"column":33}}}},{"check_name":"possibly-missing-attribute","description":"possibly-missing-attribute: Attribute `get` may be missing on object of type `Unknown | None`","severity":"minor","fingerprint":"14294b61f6d117f","location":{"path":"fsspec/implementations/http.py","positions":{"begin":{"line":806,"column":23},"end":{"line":806,"column":39}}}},{"check_name":"invalid-method-override","description":"invalid-method-override: Invalid override of method `close`: Definition is incompatible with `_IOBase.close`","severity":"major","fingerprint":"3999895a09c39281","location":{"path":"fsspec/implementations/http.py","positions":{"begin":{"line":815,"column":15},"end":{"line":815,"column":26}}}},{"check_name":"parameter-already-assigned","description":"parameter-already-assigned: Multiple values provided for parameter 2 (`session`) of function `_file_info`","severity":"major","fingerprint":"3c838949522acea5","location":{"path":"fsspec/implementations/http.py","positions":{"begin":{"line":893,"column":51},"end":{"line":893,"column":56}}}},{"check_name":"invalid-method-override","description":"invalid-method-override: Invalid override of method `ls`: Definition is incompatible with `AbstractFileSystem.ls`","severity":"major","fingerprint":"2df041d75704dd99","location":{"path":"fsspec/implementations/http_sync.py","positions":{"begin":{"line":340,"column":9},"end":{"line":340,"column":45}}}},{"check_name":"invalid-method-override","description":"invalid-method-override: Invalid override of method `cat_file`: Definition is incompatible with `AbstractFileSystem.cat_file`","severity":"major","fingerprint":"2b2e0aa7a1be9d4","location":{"path":"fsspec/implementations/http_sync.py","positions":{"begin":{"line":356,"column":9},"end":{"line":356,"column":60}}}},{"check_name":"invalid-method-override","description":"invalid-method-override: Invalid override of method `get_file`: Definition is incompatible with `AbstractFileSystem.get_file`","severity":"major","fingerprint":"f93160508a6a9c4d","location":{"path":"fsspec/implementations/http_sync.py","positions":{"begin":{"line":372,"column":9},"end":{"line":374,"column":6}}}},{"check_name":"invalid-method-override","description":"invalid-method-override: Invalid override of method `put_file`: Definition is incompatible with `AbstractFileSystem.put_file`","severity":"major","fingerprint":"2f7acfe31afab78b","location":{"path":"fsspec/implementations/http_sync.py","positions":{"begin":{"line":395,"column":9},"end":{"line":403,"column":6}}}},{"check_name":"possibly-missing-attribute","description":"possibly-missing-attribute: Attribute `seek` may be missing on object of type `T@nullcontext | BufferedReader[_BufferedReaderStream]`","severity":"minor","fingerprint":"befec6b9e80a0a82","location":{"path":"fsspec/implementations/http_sync.py","positions":{"begin":{"line":416,"column":39},"end":{"line":416,"column":45}}}},{"check_name":"possibly-missing-attribute","description":"possibly-missing-attribute: Attribute `seek` may be missing on object of type `T@nullcontext | BufferedReader[_BufferedReaderStream]`","severity":"minor","fingerprint":"576e5f6abe581d38","location":{"path":"fsspec/implementations/http_sync.py","positions":{"begin":{"line":417,"column":21},"end":{"line":417,"column":27}}}},{"check_name":"possibly-missing-attribute","description":"possibly-missing-attribute: Attribute `read` may be missing on object of type `T@nullcontext | BufferedReader[_BufferedReaderStream]`","severity":"minor","fingerprint":"9d6423a55629a3fe","location":{"path":"fsspec/implementations/http_sync.py","positions":{"begin":{"line":421,"column":25},"end":{"line":421,"column":31}}}},{"check_name":"possibly-missing-attribute","description":"possibly-missing-attribute: Attribute `read` may be missing on object of type `T@nullcontext | BufferedReader[_BufferedReaderStream]`","severity":"minor","fingerprint":"b4f88135b276e9af","location":{"path":"fsspec/implementations/http_sync.py","positions":{"begin":{"line":425,"column":29},"end":{"line":425,"column":35}}}},{"check_name":"invalid-method-override","description":"invalid-method-override: Invalid override of method `_open`: Definition is incompatible with `AbstractFileSystem._open`","severity":"major","fingerprint":"9e0c2d7bd7a7d1ab","location":{"path":"fsspec/implementations/http_sync.py","positions":{"begin":{"line":485,"column":9},"end":{"line":495,"column":6}}}},{"check_name":"invalid-method-override","description":"invalid-method-override: Invalid override of method `ukey`: Definition is incompatible with `AbstractFileSystem.ukey`","severity":"major","fingerprint":"293c22e40bfe469f","location":{"path":"fsspec/implementations/http_sync.py","positions":{"begin":{"line":537,"column":9},"end":{"line":537,"column":24}}}},{"check_name":"invalid-method-override","description":"invalid-method-override: Invalid override of method `info`: Definition is incompatible with `AbstractFileSystem.info`","severity":"major","fingerprint":"32bfe0fbd543643c","location":{"path":"fsspec/implementations/http_sync.py","positions":{"begin":{"line":541,"column":9},"end":{"line":541,"column":34}}}},{"check_name":"possibly-missing-attribute","description":"possibly-missing-attribute: Attribute `get` may be missing on object of type `Unknown | None`","severity":"minor","fingerprint":"73e5047d0f8336be","location":{"path":"fsspec/implementations/http_sync.py","positions":{"begin":{"line":744,"column":17},"end":{"line":744,"column":33}}}},{"check_name":"possibly-missing-attribute","description":"possibly-missing-attribute: Attribute `get` may be missing on object of type `Unknown | None`","severity":"minor","fingerprint":"71d48631bc57b927","location":{"path":"fsspec/implementations/http_sync.py","positions":{"begin":{"line":777,"column":13},"end":{"line":777,"column":29}}}},{"check_name":"possibly-missing-attribute","description":"possibly-missing-attribute: Attribute `get` may be missing on object of type `Unknown | None`","severity":"minor","fingerprint":"b11bc79c86dcb1f","location":{"path":"fsspec/implementations/http_sync.py","positions":{"begin":{"line":832,"column":13},"end":{"line":832,"column":29}}}},{"check_name":"invalid-method-override","description":"invalid-method-override: Invalid override of method `read`: Definition is incompatible with `AbstractBufferedFile.read`","severity":"major","fingerprint":"f517c157caa28651","location":{"path":"fsspec/implementations/http_sync.py","positions":{"begin":{"line":842,"column":9},"end":{"line":842,"column":27}}}},{"check_name":"invalid-method-override","description":"invalid-method-override: Invalid override of method `pipe_file`: Definition is incompatible with `AbstractFileSystem.pipe_file`","severity":"major","fingerprint":"363fef5b55d0d790","location":{"path":"fsspec/implementations/jupyter.py","positions":{"begin":{"line":76,"column":9},"end":{"line":76,"column":42}}}},{"check_name":"invalid-method-override","description":"invalid-method-override: Invalid override of method `_open`: Definition is incompatible with `AbstractFileSystem._open`","severity":"major","fingerprint":"71b4951c7a5e078c","location":{"path":"fsspec/implementations/jupyter.py","positions":{"begin":{"line":110,"column":9},"end":{"line":110,"column":47}}}},{"check_name":"invalid-method-override","description":"invalid-method-override: Invalid override of method `get_file`: Definition is incompatible with `AbstractFileSystem.get_file`","severity":"major","fingerprint":"81b22740ea91c4d7","location":{"path":"fsspec/implementations/local.py","positions":{"begin":{"line":152,"column":9},"end":{"line":152,"column":62}}}},{"check_name":"invalid-method-override","description":"invalid-method-override: Invalid override of method `put_file`: Definition is incompatible with `AbstractFileSystem.put_file`","severity":"major","fingerprint":"1ab1b6c8db4c5ecc","location":{"path":"fsspec/implementations/local.py","positions":{"begin":{"line":159,"column":9},"end":{"line":159,"column":62}}}},{"check_name":"invalid-method-override","description":"invalid-method-override: Invalid override of method `mv`: Definition is incompatible with `AbstractFileSystem.mv`","severity":"major","fingerprint":"d6c84cfe183b9deb","location":{"path":"fsspec/implementations/local.py","positions":{"begin":{"line":162,"column":9},"end":{"line":162,"column":65}}}},{"check_name":"invalid-method-override","description":"invalid-method-override: Invalid override of method `_open`: Definition is incompatible with `AbstractFileSystem._open`","severity":"major","fingerprint":"4ff3aa9f9e7da6b3","location":{"path":"fsspec/implementations/local.py","positions":{"begin":{"line":210,"column":9},"end":{"line":210,"column":64}}}},{"check_name":"possibly-missing-attribute","description":"possibly-missing-attribute: Attribute `seek` may be missing on object of type `Unknown | None`","severity":"minor","fingerprint":"1185478bda5eaf3f","location":{"path":"fsspec/implementations/local.py","positions":{"begin":{"line":416,"column":9},"end":{"line":416,"column":20}}}},{"check_name":"possibly-missing-attribute","description":"possibly-missing-attribute: Attribute `read` may be missing on object of type `Unknown | None`","severity":"minor","fingerprint":"637bc3de5ca6bfad","location":{"path":"fsspec/implementations/local.py","positions":{"begin":{"line":417,"column":16},"end":{"line":417,"column":27}}}},{"check_name":"unresolved-attribute","description":"unresolved-attribute: Object of type `None` has no attribute `seek`","severity":"major","fingerprint":"a3f3e18a09e59e8a","location":{"path":"fsspec/implementations/local.py","positions":{"begin":{"line":426,"column":13},"end":{"line":426,"column":24}}}},{"check_name":"possibly-missing-attribute","description":"possibly-missing-attribute: Attribute `tell` may be missing on object of type `Unknown | None`","severity":"minor","fingerprint":"e9838d45671026f5","location":{"path":"fsspec/implementations/local.py","positions":{"begin":{"line":432,"column":24},"end":{"line":432,"column":35}}}},{"check_name":"possibly-missing-attribute","description":"possibly-missing-attribute: Attribute `closed` may be missing on object of type `Unknown | None`","severity":"minor","fingerprint":"37ca404d0cd4f024","location":{"path":"fsspec/implementations/local.py","positions":{"begin":{"line":434,"column":20},"end":{"line":434,"column":33}}}},{"check_name":"possibly-missing-attribute","description":"possibly-missing-attribute: Attribute `read` may be missing on object of type `Unknown | None`","severity":"minor","fingerprint":"9fc3c33ad35fcc7c","location":{"path":"fsspec/implementations/local.py","positions":{"begin":{"line":470,"column":16},"end":{"line":470,"column":27}}}},{"check_name":"possibly-missing-attribute","description":"possibly-missing-attribute: Attribute `write` may be missing on object of type `Unknown | None`","severity":"minor","fingerprint":"582359cb02a3974f","location":{"path":"fsspec/implementations/local.py","positions":{"begin":{"line":473,"column":16},"end":{"line":473,"column":28}}}},{"check_name":"possibly-missing-attribute","description":"possibly-missing-attribute: Attribute `tell` may be missing on object of type `Unknown | None`","severity":"minor","fingerprint":"335d393cb07ffc3c","location":{"path":"fsspec/implementations/local.py","positions":{"begin":{"line":476,"column":16},"end":{"line":476,"column":27}}}},{"check_name":"possibly-missing-attribute","description":"possibly-missing-attribute: Attribute `seek` may be missing on object of type `Unknown | None`","severity":"minor","fingerprint":"fecabfd64b1d70d2","location":{"path":"fsspec/implementations/local.py","positions":{"begin":{"line":479,"column":16},"end":{"line":479,"column":27}}}},{"check_name":"possibly-missing-attribute","description":"possibly-missing-attribute: Attribute `seekable` may be missing on object of type `Unknown | None`","severity":"minor","fingerprint":"ba4bea60fb35b028","location":{"path":"fsspec/implementations/local.py","positions":{"begin":{"line":482,"column":16},"end":{"line":482,"column":31}}}},{"check_name":"possibly-missing-attribute","description":"possibly-missing-attribute: Attribute `readline` may be missing on object of type `Unknown | None`","severity":"minor","fingerprint":"6a99e02bddad25d5","location":{"path":"fsspec/implementations/local.py","positions":{"begin":{"line":485,"column":16},"end":{"line":485,"column":31}}}},{"check_name":"possibly-missing-attribute","description":"possibly-missing-attribute: Attribute `readlines` may be missing on object of type `Unknown | None`","severity":"minor","fingerprint":"b11dddfbd80a1e9d","location":{"path":"fsspec/implementations/local.py","positions":{"begin":{"line":488,"column":16},"end":{"line":488,"column":32}}}},{"check_name":"possibly-missing-attribute","description":"possibly-missing-attribute: Attribute `close` may be missing on object of type `Unknown | None`","severity":"minor","fingerprint":"ae761090e91205dd","location":{"path":"fsspec/implementations/local.py","positions":{"begin":{"line":491,"column":16},"end":{"line":491,"column":28}}}},{"check_name":"possibly-missing-attribute","description":"possibly-missing-attribute: Attribute `truncate` may be missing on object of type `Unknown | None`","severity":"minor","fingerprint":"15b54bf343ac2f8d","location":{"path":"fsspec/implementations/local.py","positions":{"begin":{"line":494,"column":16},"end":{"line":494,"column":31}}}},{"check_name":"possibly-missing-attribute","description":"possibly-missing-attribute: Attribute `closed` may be missing on object of type `Unknown | None`","severity":"minor","fingerprint":"6ed79ca60966cb92","location":{"path":"fsspec/implementations/local.py","positions":{"begin":{"line":498,"column":16},"end":{"line":498,"column":29}}}},{"check_name":"possibly-missing-attribute","description":"possibly-missing-attribute: Attribute `flush` may be missing on object of type `Unknown | None`","severity":"minor","fingerprint":"5486def87099b1bb","location":{"path":"fsspec/implementations/local.py","positions":{"begin":{"line":504,"column":9},"end":{"line":504,"column":21}}}},{"check_name":"possibly-missing-attribute","description":"possibly-missing-attribute: Attribute `__iter__` may be missing on object of type `Unknown | None`","severity":"minor","fingerprint":"ca58cc1eb1a9ee25","location":{"path":"fsspec/implementations/local.py","positions":{"begin":{"line":507,"column":16},"end":{"line":507,"column":31}}}},{"check_name":"invalid-method-override","description":"invalid-method-override: Invalid override of method `__exit__`: Definition is incompatible with `_IOBase.__exit__`","severity":"major","fingerprint":"ccd8fad213417312","location":{"path":"fsspec/implementations/local.py","positions":{"begin":{"line":516,"column":9},"end":{"line":516,"column":55}}}},{"check_name":"possibly-missing-attribute","description":"possibly-missing-attribute: Attribute `__exit__` may be missing on object of type `Unknown | None`","severity":"minor","fingerprint":"c650afa924e71455","location":{"path":"fsspec/implementations/local.py","positions":{"begin":{"line":518,"column":9},"end":{"line":518,"column":24}}}},{"check_name":"possibly-missing-attribute","description":"possibly-missing-attribute: Attribute `store` may be missing on object of type `Unknown | None`","severity":"minor","fingerprint":"e9b53828de1f6421","location":{"path":"fsspec/implementations/memory.py","positions":{"begin":{"line":310,"column":9},"end":{"line":310,"column":22}}}},{"check_name":"unresolved-attribute","description":"unresolved-attribute: Object of type `Self@__iter__` has no attribute `_mapping`","severity":"major","fingerprint":"b91f93eb2ce3b0a","location":{"path":"fsspec/implementations/reference.py","positions":{"begin":{"line":66,"column":20},"end":{"line":66,"column":33}}}},{"check_name":"unresolved-attribute","description":"unresolved-attribute: Object of type `Self@__iter__` has no attribute `_mapping`","severity":"major","fingerprint":"824dcefc92079c27","location":{"path":"fsspec/implementations/reference.py","positions":{"begin":{"line":68,"column":20},"end":{"line":68,"column":33}}}},{"check_name":"unresolved-attribute","description":"unresolved-attribute: Object of type `Self@__iter__` has no attribute `_mapping`","severity":"major","fingerprint":"680b4734752daed","location":{"path":"fsspec/implementations/reference.py","positions":{"begin":{"line":69,"column":22},"end":{"line":69,"column":35}}}},{"check_name":"unresolved-attribute","description":"unresolved-attribute: Object of type `Self@__iter__` has no attribute `_mapping`","severity":"major","fingerprint":"713b838a05ec91ac","location":{"path":"fsspec/implementations/reference.py","positions":{"begin":{"line":70,"column":27},"end":{"line":70,"column":40}}}},{"check_name":"unresolved-attribute","description":"unresolved-attribute: Object of type `Self@__iter__` has no attribute `_mapping`","severity":"major","fingerprint":"fb0f5209b1e37448","location":{"path":"fsspec/implementations/reference.py","positions":{"begin":{"line":72,"column":23},"end":{"line":72,"column":36}}}},{"check_name":"unresolved-attribute","description":"unresolved-attribute: Object of type `Self@__iter__` has no attribute `_mapping`","severity":"major","fingerprint":"b5d21bcb262ac5c9","location":{"path":"fsspec/implementations/reference.py","positions":{"begin":{"line":74,"column":24},"end":{"line":74,"column":37}}}},{"check_name":"unresolved-attribute","description":"unresolved-attribute: Object of type `Self@__iter__` has no attribute `_mapping`","severity":"major","fingerprint":"bb07d602fed027d6","location":{"path":"fsspec/implementations/reference.py","positions":{"begin":{"line":79,"column":20},"end":{"line":79,"column":33}}}},{"check_name":"unresolved-attribute","description":"unresolved-attribute: Object of type `Self@__iter__` has no attribute `_mapping`","severity":"major","fingerprint":"1e98feb71097eb39","location":{"path":"fsspec/implementations/reference.py","positions":{"begin":{"line":79,"column":42},"end":{"line":79,"column":55}}}},{"check_name":"invalid-method-override","description":"invalid-method-override: Invalid override of method `pipe_file`: Definition is incompatible with `AbstractFileSystem.pipe_file`","severity":"major","fingerprint":"99853c4de5c0b14b","location":{"path":"fsspec/implementations/reference.py","positions":{"begin":{"line":847,"column":9},"end":{"line":847,"column":42}}}},{"check_name":"invalid-method-override","description":"invalid-method-override: Invalid override of method `get_file`: Definition is incompatible with `AbstractFileSystem.get_file`","severity":"major","fingerprint":"6db3521fa64da713","location":{"path":"fsspec/implementations/reference.py","positions":{"begin":{"line":858,"column":9},"end":{"line":858,"column":74}}}},{"check_name":"invalid-method-override","description":"invalid-method-override: Invalid override of method `get`: Definition is incompatible with `AbstractFileSystem.get`","severity":"major","fingerprint":"fbc387d4df9fd238","location":{"path":"fsspec/implementations/reference.py","positions":{"begin":{"line":870,"column":9},"end":{"line":870,"column":59}}}},{"check_name":"invalid-method-override","description":"invalid-method-override: Invalid override of method `_open`: Definition is incompatible with `AbstractFileSystem._open`","severity":"major","fingerprint":"882dc95b9645d11a","location":{"path":"fsspec/implementations/reference.py","positions":{"begin":{"line":1119,"column":9},"end":{"line":1119,"column":84}}}},{"check_name":"invalid-method-override","description":"invalid-method-override: Invalid override of method `_pipe_file`: Definition is incompatible with `AsyncFileSystem._pipe_file`","severity":"major","fingerprint":"2750f3cc7b7d2610","location":{"path":"fsspec/implementations/reference.py","positions":{"begin":{"line":1229,"column":15},"end":{"line":1229,"column":71}}}},{"check_name":"invalid-argument-type","description":"invalid-argument-type: Argument to function `min` is incorrect: Argument type `Unknown | None` does not satisfy upper bound `SupportsDunderLT[Any] | SupportsDunderGT[Any]` of type variable `SupportsRichComparisonT`","severity":"major","fingerprint":"3d65ec4a2a5b3053","location":{"path":"fsspec/implementations/reference.py","positions":{"begin":{"line":1309,"column":37},"end":{"line":1309,"column":45}}}},{"check_name":"invalid-method-override","description":"invalid-method-override: Invalid override of method `_get_kwargs_from_urls`: Definition is incompatible with `AbstractFileSystem._get_kwargs_from_urls`","severity":"major","fingerprint":"cfdfc972d9da1897","location":{"path":"fsspec/implementations/sftp.py","positions":{"begin":{"line":62,"column":9},"end":{"line":62,"column":39}}}},{"check_name":"invalid-method-override","description":"invalid-method-override: Invalid override of method `mkdir`: Definition is incompatible with `AbstractFileSystem.mkdir`","severity":"major","fingerprint":"59fcec816f38764a","location":{"path":"fsspec/implementations/sftp.py","positions":{"begin":{"line":68,"column":9},"end":{"line":68,"column":57}}}},{"check_name":"invalid-method-override","description":"invalid-method-override: Invalid override of method `info`: Definition is incompatible with `AbstractFileSystem.info`","severity":"major","fingerprint":"65827d6b1148765d","location":{"path":"fsspec/implementations/sftp.py","positions":{"begin":{"line":97,"column":9},"end":{"line":97,"column":25}}}},{"check_name":"invalid-method-override","description":"invalid-method-override: Invalid override of method `ls`: Definition is incompatible with `AbstractFileSystem.ls`","severity":"major","fingerprint":"2012d324f3e8b5af","location":{"path":"fsspec/implementations/sftp.py","positions":{"begin":{"line":128,"column":9},"end":{"line":128,"column":37}}}},{"check_name":"invalid-method-override","description":"invalid-method-override: Invalid override of method `put`: Definition is incompatible with `AbstractFileSystem.put`","severity":"major","fingerprint":"a2ed3e86d644cf33","location":{"path":"fsspec/implementations/sftp.py","positions":{"begin":{"line":138,"column":9},"end":{"line":138,"column":57}}}},{"check_name":"invalid-method-override","description":"invalid-method-override: Invalid override of method `get_file`: Definition is incompatible with `AbstractFileSystem.get_file`","severity":"major","fingerprint":"a8c8d087bd15277b","location":{"path":"fsspec/implementations/sftp.py","positions":{"begin":{"line":143,"column":9},"end":{"line":143,"column":47}}}},{"check_name":"invalid-method-override","description":"invalid-method-override: Invalid override of method `_open`: Definition is incompatible with `AbstractFileSystem._open`","severity":"major","fingerprint":"b35b2986aed5ff90","location":{"path":"fsspec/implementations/sftp.py","positions":{"begin":{"line":149,"column":9},"end":{"line":149,"column":64}}}},{"check_name":"invalid-method-override","description":"invalid-method-override: Invalid override of method `mv`: Definition is incompatible with `AbstractFileSystem.mv`","severity":"major","fingerprint":"3b4bcd8a1c8318a1","location":{"path":"fsspec/implementations/sftp.py","positions":{"begin":{"line":175,"column":9},"end":{"line":175,"column":27}}}},{"check_name":"invalid-method-override","description":"invalid-method-override: Invalid override of method `copy`: Definition is incompatible with `AbstractFileSystem.copy`","severity":"major","fingerprint":"aeb07523a7393516","location":{"path":"fsspec/implementations/smb.py","positions":{"begin":{"line":325,"column":9},"end":{"line":325,"column":43}}}},{"check_name":"possibly-missing-attribute","description":"possibly-missing-attribute: Attribute `__iter__` may be missing on object of type `Unknown | None`","severity":"minor","fingerprint":"a326e4d2cb94fd53","location":{"path":"fsspec/implementations/smb.py","positions":{"begin":{"line":405,"column":16},"end":{"line":405,"column":37}}}},{"check_name":"possibly-missing-attribute","description":"possibly-missing-attribute: Attribute `__enter__` may be missing on object of type `Unknown | None`","severity":"minor","fingerprint":"e332c7a0c017ce1d","location":{"path":"fsspec/implementations/smb.py","positions":{"begin":{"line":412,"column":16},"end":{"line":412,"column":38}}}},{"check_name":"possibly-missing-attribute","description":"possibly-missing-attribute: Attribute `__exit__` may be missing on object of type `Unknown | None`","severity":"minor","fingerprint":"a07762698eb0f018","location":{"path":"fsspec/implementations/smb.py","positions":{"begin":{"line":416,"column":9},"end":{"line":416,"column":30}}}},{"check_name":"missing-argument","description":"missing-argument: No argument provided for required parameter `mode`","severity":"major","fingerprint":"1c6d61092ded4089","location":{"path":"fsspec/implementations/tar.py","positions":{"begin":{"line":80,"column":18},"end":{"line":80,"column":40}}}},{"check_name":"invalid-assignment","description":"invalid-assignment: Cannot assign to a subscript on an object of type `Mapping[str, str | int | bytes | Mapping[str, str]]`","severity":"major","fingerprint":"a38ee06235758dc8","location":{"path":"fsspec/implementations/tar.py","positions":{"begin":{"line":96,"column":13},"end":{"line":96,"column":25}}}},{"check_name":"no-matching-overload","description":"no-matching-overload: No overload of bound method `rstrip` matches arguments","severity":"major","fingerprint":"eaba75a296bc19d8","location":{"path":"fsspec/implementations/tar.py","positions":{"begin":{"line":97,"column":20},"end":{"line":97,"column":53}}}},{"check_name":"possibly-missing-attribute","description":"possibly-missing-attribute: Attribute `rstrip` may be missing on object of type `Unknown | str | int | bytes | Mapping[str, str]`","severity":"minor","fingerprint":"1025c08b2a4b551d","location":{"path":"fsspec/implementations/tar.py","positions":{"begin":{"line":97,"column":20},"end":{"line":97,"column":48}}}},{"check_name":"invalid-argument-type","description":"invalid-argument-type: Argument to bound method `rstrip` is incorrect: Expected `Buffer | None`, found `Literal[\"/\"]`","severity":"major","fingerprint":"e81595a979f1017a","location":{"path":"fsspec/implementations/tar.py","positions":{"begin":{"line":97,"column":49},"end":{"line":97,"column":52}}}},{"check_name":"invalid-assignment","description":"invalid-assignment: Cannot assign to a subscript on an object of type `Mapping[str, str | int | bytes | Mapping[str, str]]`","severity":"major","fingerprint":"62b67a8f3f579a34","location":{"path":"fsspec/implementations/tar.py","positions":{"begin":{"line":114,"column":13},"end":{"line":114,"column":25}}}},{"check_name":"no-matching-overload","description":"no-matching-overload: No overload of bound method `rstrip` matches arguments","severity":"major","fingerprint":"c198219891f580b","location":{"path":"fsspec/implementations/tar.py","positions":{"begin":{"line":114,"column":28},"end":{"line":114,"column":52}}}},{"check_name":"possibly-missing-attribute","description":"possibly-missing-attribute: Attribute `rstrip` may be missing on object of type `Unknown | str | int | bytes | Mapping[str, str]`","severity":"minor","fingerprint":"be52d53ccc16282d","location":{"path":"fsspec/implementations/tar.py","positions":{"begin":{"line":114,"column":28},"end":{"line":114,"column":47}}}},{"check_name":"invalid-argument-type","description":"invalid-argument-type: Argument to bound method `rstrip` is incorrect: Expected `Buffer | None`, found `Literal[\"/\"]`","severity":"major","fingerprint":"3ddfdc86168fa84f","location":{"path":"fsspec/implementations/tar.py","positions":{"begin":{"line":114,"column":48},"end":{"line":114,"column":51}}}},{"check_name":"invalid-assignment","description":"invalid-assignment: Cannot assign to a subscript on an object of type `Mapping[str, str | int | bytes | Mapping[str, str]]`","severity":"major","fingerprint":"7e764ab984c7f6f1","location":{"path":"fsspec/implementations/tar.py","positions":{"begin":{"line":115,"column":13},"end":{"line":115,"column":25}}}},{"check_name":"invalid-method-override","description":"invalid-method-override: Invalid override of method `_open`: Definition is incompatible with `AbstractFileSystem._open`","severity":"major","fingerprint":"8f91392f3ab29ad7","location":{"path":"fsspec/implementations/tar.py","positions":{"begin":{"line":118,"column":9},"end":{"line":118,"column":47}}}},{"check_name":"not-subscriptable","description":"not-subscriptable: Cannot subscript object of type `None` with no `__getitem__` method","severity":"major","fingerprint":"8941164f670ce620","location":{"path":"fsspec/implementations/tar.py","positions":{"begin":{"line":121,"column":27},"end":{"line":121,"column":43}}}},{"check_name":"call-non-callable","description":"call-non-callable: Object of type `None` is not callable","severity":"major","fingerprint":"e7c199111ea80507","location":{"path":"fsspec/implementations/tests/test_archive.py","positions":{"begin":{"line":227,"column":14},"end":{"line":227,"column":33}}}},{"check_name":"call-non-callable","description":"call-non-callable: Object of type `None` is not callable","severity":"major","fingerprint":"4ddf2974b4dd7064","location":{"path":"fsspec/implementations/tests/test_archive.py","positions":{"begin":{"line":232,"column":14},"end":{"line":232,"column":33}}}},{"check_name":"call-non-callable","description":"call-non-callable: Object of type `None` is not callable","severity":"major","fingerprint":"347655675029ed23","location":{"path":"fsspec/implementations/tests/test_archive.py","positions":{"begin":{"line":241,"column":14},"end":{"line":241,"column":45}}}},{"check_name":"call-non-callable","description":"call-non-callable: Object of type `None` is not callable","severity":"major","fingerprint":"32023ef05d05c6ee","location":{"path":"fsspec/implementations/tests/test_archive.py","positions":{"begin":{"line":246,"column":14},"end":{"line":246,"column":45}}}},{"check_name":"call-non-callable","description":"call-non-callable: Object of type `None` is not callable","severity":"major","fingerprint":"408e8961ec1a1c7e","location":{"path":"fsspec/implementations/tests/test_archive.py","positions":{"begin":{"line":253,"column":14},"end":{"line":253,"column":45}}}},{"check_name":"call-non-callable","description":"call-non-callable: Object of type `None` is not callable","severity":"major","fingerprint":"99810447a14f1205","location":{"path":"fsspec/implementations/tests/test_archive.py","positions":{"begin":{"line":259,"column":14},"end":{"line":259,"column":45}}}},{"check_name":"call-non-callable","description":"call-non-callable: Object of type `None` is not callable","severity":"major","fingerprint":"3c240d70689a7a3e","location":{"path":"fsspec/implementations/tests/test_archive.py","positions":{"begin":{"line":272,"column":14},"end":{"line":272,"column":45}}}},{"check_name":"call-non-callable","description":"call-non-callable: Object of type `None` is not callable","severity":"major","fingerprint":"7a1cfdb6f14d428b","location":{"path":"fsspec/implementations/tests/test_archive.py","positions":{"begin":{"line":285,"column":14},"end":{"line":285,"column":45}}}},{"check_name":"call-non-callable","description":"call-non-callable: Object of type `None` is not callable","severity":"major","fingerprint":"281c16c6775f4077","location":{"path":"fsspec/implementations/tests/test_archive.py","positions":{"begin":{"line":303,"column":14},"end":{"line":303,"column":45}}}},{"check_name":"call-non-callable","description":"call-non-callable: Object of type `None` is not callable","severity":"major","fingerprint":"44dbde5fda9fbe07","location":{"path":"fsspec/implementations/tests/test_archive.py","positions":{"begin":{"line":336,"column":14},"end":{"line":336,"column":45}}}},{"check_name":"call-non-callable","description":"call-non-callable: Object of type `None` is not callable","severity":"major","fingerprint":"edd7067b82ee621","location":{"path":"fsspec/implementations/tests/test_archive.py","positions":{"begin":{"line":363,"column":14},"end":{"line":363,"column":44}}}},{"check_name":"call-non-callable","description":"call-non-callable: Object of type `None` is not callable","severity":"major","fingerprint":"d55cd9752530ed51","location":{"path":"fsspec/implementations/tests/test_archive.py","positions":{"begin":{"line":380,"column":14},"end":{"line":380,"column":45}}}},{"check_name":"invalid-method-override","description":"invalid-method-override: Invalid override of method `_cat_file`: Definition is incompatible with `AsyncFileSystem._cat_file`","severity":"major","fingerprint":"b40ab1114f78ebdf","location":{"path":"fsspec/implementations/tests/test_asyn_wrapper.py","positions":{"begin":{"line":30,"column":15},"end":{"line":30,"column":67}}}},{"check_name":"unresolved-attribute","description":"unresolved-attribute: Object of type `AsyncFileSystemWrapper` has no attribute `_touch`","severity":"major","fingerprint":"a633ef43d951f112","location":{"path":"fsspec/implementations/tests/test_asyn_wrapper.py","positions":{"begin":{"line":114,"column":15},"end":{"line":114,"column":30}}}},{"check_name":"possibly-missing-attribute","description":"possibly-missing-attribute: Submodule `implementations` may not be available as an attribute on module `fsspec`","severity":"minor","fingerprint":"b31a9056e1f1b5ce","location":{"path":"fsspec/implementations/tests/test_cached.py","positions":{"begin":{"line":617,"column":17},"end":{"line":617,"column":39}}}},{"check_name":"possibly-missing-attribute","description":"possibly-missing-attribute: Submodule `implementations` may not be available as an attribute on module `fsspec`","severity":"minor","fingerprint":"21578e0c22bb8aaf","location":{"path":"fsspec/implementations/tests/test_cached.py","positions":{"begin":{"line":621,"column":9},"end":{"line":621,"column":31}}}},{"check_name":"invalid-argument-type","description":"invalid-argument-type: Argument to function `open_local` is incorrect: Expected `str`, found `Unknown | dict[Unknown | str, Unknown | str]`","severity":"major","fingerprint":"e71727cb4bf80445","location":{"path":"fsspec/implementations/tests/test_cached.py","positions":{"begin":{"line":986,"column":51},"end":{"line":986,"column":86}}}},{"check_name":"invalid-argument-type","description":"invalid-argument-type: Argument to function `exists` is incorrect: Expected `int | str | bytes | PathLike[str] | PathLike[bytes]`, found `str | list[str]`","severity":"major","fingerprint":"d975646d91efd69a","location":{"path":"fsspec/implementations/tests/test_cached.py","positions":{"begin":{"line":987,"column":27},"end":{"line":987,"column":31}}}},{"check_name":"no-matching-overload","description":"no-matching-overload: No overload of function `open` matches arguments","severity":"major","fingerprint":"a921c6eff7535808","location":{"path":"fsspec/implementations/tests/test_cached.py","positions":{"begin":{"line":989,"column":12},"end":{"line":989,"column":28}}}},{"check_name":"invalid-argument-type","description":"invalid-argument-type: Argument to function `exists` is incorrect: Expected `int | str | bytes | PathLike[str] | PathLike[bytes]`, found `str | list[str]`","severity":"major","fingerprint":"d996753632a950da","location":{"path":"fsspec/implementations/tests/test_cached.py","positions":{"begin":{"line":993,"column":31},"end":{"line":993,"column":35}}}},{"check_name":"invalid-argument-type","description":"invalid-argument-type: Argument to function `open_local` is incorrect: Expected `str`, found `Unknown | dict[Unknown | str, Unknown | str]`","severity":"major","fingerprint":"13205dae82d45049","location":{"path":"fsspec/implementations/tests/test_cached.py","positions":{"begin":{"line":996,"column":51},"end":{"line":996,"column":86}}}},{"check_name":"no-matching-overload","description":"no-matching-overload: No overload of function `open` matches arguments","severity":"major","fingerprint":"1d94eb84a069be3a","location":{"path":"fsspec/implementations/tests/test_cached.py","positions":{"begin":{"line":997,"column":12},"end":{"line":997,"column":28}}}},{"check_name":"possibly-missing-attribute","description":"possibly-missing-attribute: Submodule `implementations` may not be available as an attribute on module `fsspec`","severity":"minor","fingerprint":"5407e30f3213b13c","location":{"path":"fsspec/implementations/tests/test_local.py","positions":{"begin":{"line":1390,"column":35},"end":{"line":1390,"column":57}}}},{"check_name":"not-subscriptable","description":"not-subscriptable: Cannot subscript object of type `int` with no `__getitem__` method","severity":"major","fingerprint":"d409d7b6ba4b9aa7","location":{"path":"fsspec/implementations/tests/test_reference.py","positions":{"begin":{"line":108,"column":43},"end":{"line":108,"column":63}}}},{"check_name":"invalid-argument-type","description":"invalid-argument-type: Method `__getitem__` of type `Overload[(i: SupportsIndex, /) -> Unknown | dict[Unknown | str, Unknown | str | dict[Unknown | str, Unknown | dict[Unknown | str, Unknown | int]]], (s: slice[Any, Any, Any], /) -> list[Unknown | dict[Unknown | str, Unknown | str | dict[Unknown | str, Unknown | dict[Unknown | str, Unknown | int]]]]]` cannot be called with key of type `Literal[\"key5\"]` on object of type `list[Unknown | dict[Unknown | str, Unknown | str | dict[Unknown | str, Unknown | dict[Unknown | str, Unknown | int]]]]`","severity":"major","fingerprint":"8da3ae80eaf4242","location":{"path":"fsspec/implementations/tests/test_reference.py","positions":{"begin":{"line":315,"column":33},"end":{"line":315,"column":48}}}},{"check_name":"not-subscriptable","description":"not-subscriptable: Cannot subscript object of type `int` with no `__getitem__` method","severity":"major","fingerprint":"5c3a8ca58e1488e1","location":{"path":"fsspec/implementations/tests/test_reference.py","positions":{"begin":{"line":315,"column":33},"end":{"line":315,"column":56}}}},{"check_name":"not-subscriptable","description":"not-subscriptable: Cannot subscript object of type `int` with no `__getitem__` method","severity":"major","fingerprint":"6581320b37b9a9db","location":{"path":"fsspec/implementations/tests/test_reference.py","positions":{"begin":{"line":350,"column":46},"end":{"line":350,"column":69}}}},{"check_name":"possibly-missing-attribute","description":"possibly-missing-attribute: Submodule `implementations` may not be available as an attribute on module `fsspec`","severity":"minor","fingerprint":"d72b24979307e7e9","location":{"path":"fsspec/implementations/tests/test_reference.py","positions":{"begin":{"line":861,"column":10},"end":{"line":861,"column":32}}}},{"check_name":"possibly-missing-attribute","description":"possibly-missing-attribute: Submodule `implementations` may not be available as an attribute on module `fsspec`","severity":"minor","fingerprint":"93c8605ff6d69535","location":{"path":"fsspec/implementations/tests/test_reference.py","positions":{"begin":{"line":879,"column":10},"end":{"line":879,"column":32}}}},{"check_name":"possibly-missing-attribute","description":"possibly-missing-attribute: Submodule `implementations` may not be available as an attribute on module `fsspec`","severity":"minor","fingerprint":"b3e70ab4dbad1ec5","location":{"path":"fsspec/implementations/tests/test_reference.py","positions":{"begin":{"line":910,"column":5},"end":{"line":910,"column":27}}}},{"check_name":"possibly-missing-attribute","description":"possibly-missing-attribute: Submodule `implementations` may not be available as an attribute on module `fsspec`","severity":"minor","fingerprint":"5ec91d41caff33d8","location":{"path":"fsspec/implementations/tests/test_reference.py","positions":{"begin":{"line":939,"column":10},"end":{"line":939,"column":32}}}},{"check_name":"no-matching-overload","description":"no-matching-overload: No overload of bound method `open` matches arguments","severity":"major","fingerprint":"4a58a07c271098aa","location":{"path":"fsspec/implementations/tests/test_tar.py","positions":{"begin":{"line":230,"column":14},"end":{"line":230,"column":63}}}},{"check_name":"invalid-method-override","description":"invalid-method-override: Invalid override of method `_open`: Definition is incompatible with `AbstractFileSystem._open`","severity":"major","fingerprint":"195621a7effce9d4","location":{"path":"fsspec/implementations/webhdfs.py","positions":{"begin":{"line":201,"column":9},"end":{"line":210,"column":6}}}},{"check_name":"invalid-method-override","description":"invalid-method-override: Invalid override of method `_get_kwargs_from_urls`: Definition is incompatible with `AbstractFileSystem._get_kwargs_from_urls`","severity":"major","fingerprint":"fc22ce1aab7f31c6","location":{"path":"fsspec/implementations/webhdfs.py","positions":{"begin":{"line":257,"column":9},"end":{"line":257,"column":39}}}},{"check_name":"invalid-method-override","description":"invalid-method-override: Invalid override of method `info`: Definition is incompatible with `AbstractFileSystem.info`","severity":"major","fingerprint":"6e46f5ec4f2eafeb","location":{"path":"fsspec/implementations/webhdfs.py","positions":{"begin":{"line":265,"column":9},"end":{"line":265,"column":25}}}},{"check_name":"invalid-method-override","description":"invalid-method-override: Invalid override of method `mkdir`: Definition is incompatible with `AbstractFileSystem.mkdir`","severity":"major","fingerprint":"5a09100a95448229","location":{"path":"fsspec/implementations/webhdfs.py","positions":{"begin":{"line":366,"column":9},"end":{"line":366,"column":36}}}},{"check_name":"invalid-method-override","description":"invalid-method-override: Invalid override of method `mv`: Definition is incompatible with `AbstractFileSystem.mv`","severity":"major","fingerprint":"795b64539666a3b2","location":{"path":"fsspec/implementations/webhdfs.py","positions":{"begin":{"line":374,"column":9},"end":{"line":374,"column":41}}}},{"check_name":"invalid-method-override","description":"invalid-method-override: Invalid override of method `rm`: Definition is incompatible with `AbstractFileSystem.rm`","severity":"major","fingerprint":"db8696adc2066b6c","location":{"path":"fsspec/implementations/webhdfs.py","positions":{"begin":{"line":377,"column":9},"end":{"line":377,"column":50}}}},{"check_name":"invalid-method-override","description":"invalid-method-override: Invalid override of method `cp_file`: Definition is incompatible with `AbstractFileSystem.cp_file`","severity":"major","fingerprint":"6ca0d2a9ce04d6","location":{"path":"fsspec/implementations/webhdfs.py","positions":{"begin":{"line":388,"column":9},"end":{"line":388,"column":46}}}},{"check_name":"invalid-method-override","description":"invalid-method-override: Invalid override of method `pipe_file`: Definition is incompatible with `AbstractFileSystem.pipe_file`","severity":"major","fingerprint":"51e8d6bc229303e5","location":{"path":"fsspec/implementations/zip.py","positions":{"begin":{"line":110,"column":9},"end":{"line":110,"column":47}}}},{"check_name":"invalid-argument-type","description":"invalid-argument-type: Argument to bound method `open` is incorrect: Expected `Literal[\"r\", \"w\"]`, found `Unknown | LiteralString`","severity":"major","fingerprint":"17c9d16a6e640f92","location":{"path":"fsspec/implementations/zip.py","positions":{"begin":{"line":130,"column":35},"end":{"line":130,"column":50}}}},{"check_name":"invalid-assignment","description":"invalid-assignment: Object of type `Unknown` is not assignable to attribute `size` on type `Unknown | IO[bytes]`","severity":"major","fingerprint":"9aa666c6cee9e0f9","location":{"path":"fsspec/implementations/zip.py","positions":{"begin":{"line":133,"column":13},"end":{"line":133,"column":21}}}},{"check_name":"invalid-assignment","description":"invalid-assignment: Object of type `Unknown` is not assignable to attribute `name` on type `Unknown | IO[bytes]`","severity":"major","fingerprint":"991cf11b42b4124b","location":{"path":"fsspec/implementations/zip.py","positions":{"begin":{"line":134,"column":13},"end":{"line":134,"column":21}}}},{"check_name":"unsupported-operator","description":"unsupported-operator: Operator `in` is not supported between objects of type `Unknown` and `Unknown | None | dict[Unknown, dict[Unknown | str, Unknown | int | str] | Unknown]`","severity":"major","fingerprint":"9088807a5b3d65e6","location":{"path":"fsspec/implementations/zip.py","positions":{"begin":{"line":155,"column":12},"end":{"line":155,"column":34}}}},{"check_name":"not-subscriptable","description":"not-subscriptable: Cannot subscript object of type `None` with no `__getitem__` method","severity":"major","fingerprint":"5500de26b852fbd9","location":{"path":"fsspec/implementations/zip.py","positions":{"begin":{"line":155,"column":39},"end":{"line":155,"column":59}}}},{"check_name":"not-subscriptable","description":"not-subscriptable: Cannot subscript object of type `None` with no `__getitem__` method","severity":"major","fingerprint":"b8a80dfb31023688","location":{"path":"fsspec/implementations/zip.py","positions":{"begin":{"line":156,"column":28},"end":{"line":156,"column":48}}}},{"check_name":"possibly-missing-attribute","description":"possibly-missing-attribute: Attribute `items` may be missing on object of type `Unknown | None | dict[Unknown, dict[Unknown | str, Unknown | int | str] | Unknown]`","severity":"minor","fingerprint":"4e9bf482d2df6a04","location":{"path":"fsspec/implementations/zip.py","positions":{"begin":{"line":159,"column":37},"end":{"line":159,"column":57}}}},{"check_name":"invalid-assignment","description":"invalid-assignment: Object of type `str` is not assignable to `list[str]`","severity":"major","fingerprint":"55be2eafd3cb7ffe","location":{"path":"fsspec/parquet.py","positions":{"begin":{"line":108,"column":20},"end":{"line":108,"column":27}}}},{"check_name":"invalid-argument-type","description":"invalid-argument-type: Argument to bound method `__init__` is incorrect: Expected `Buffer`, found `Unknown | None`","severity":"major","fingerprint":"a86bbd987655d20","location":{"path":"fsspec/parquet.py","positions":{"begin":{"line":440,"column":49},"end":{"line":440,"column":55}}}},{"check_name":"invalid-argument-type","description":"invalid-argument-type: Argument to bound method `__init__` is incorrect: Expected `Buffer`, found `Unknown | None`","severity":"major","fingerprint":"6fe2ac36b0ebf21f","location":{"path":"fsspec/parquet.py","positions":{"begin":{"line":533,"column":45},"end":{"line":533,"column":51}}}},{"check_name":"invalid-argument-type","description":"invalid-argument-type: Argument to function `min` is incorrect: Argument type `Unknown | None` does not satisfy upper bound `SupportsDunderLT[Any] | SupportsDunderGT[Any]` of type variable `SupportsRichComparisonT`","severity":"major","fingerprint":"fa8daf88a5d2695","location":{"path":"fsspec/parquet.py","positions":{"begin":{"line":578,"column":63},"end":{"line":578,"column":75}}}},{"check_name":"unresolved-attribute","description":"unresolved-attribute: Object of type `Self@__call__` has no attribute `_extra_tokenize_attributes`","severity":"major","fingerprint":"e534b4c2bd9ce209","location":{"path":"fsspec/spec.py","positions":{"begin":{"line":68,"column":50},"end":{"line":68,"column":80}}}},{"check_name":"unresolved-attribute","description":"unresolved-attribute: Object of type `Self@__call__` has no attribute `_strip_tokenize_options`","severity":"major","fingerprint":"e9535fb63b807fcf","location":{"path":"fsspec/spec.py","positions":{"begin":{"line":71,"column":39},"end":{"line":71,"column":66}}}},{"check_name":"unresolved-attribute","description":"unresolved-attribute: Object of type `Self@__call__` has no attribute `cachable`","severity":"major","fingerprint":"330cb7608d0effa7","location":{"path":"fsspec/spec.py","positions":{"begin":{"line":80,"column":25},"end":{"line":80,"column":37}}}},{"check_name":"unresolved-attribute","description":"unresolved-attribute: Object of type `Self@__call__` has no attribute `cachable`","severity":"major","fingerprint":"381d35f5a911a0ef","location":{"path":"fsspec/spec.py","positions":{"begin":{"line":94,"column":16},"end":{"line":94,"column":28}}}},{"check_name":"unresolved-attribute","description":"unresolved-attribute: Object of type `type[Self@current]` has no attribute `_cache`","severity":"major","fingerprint":"93e9a8667dc59e66","location":{"path":"fsspec/spec.py","positions":{"begin":{"line":238,"column":27},"end":{"line":238,"column":37}}}},{"check_name":"unresolved-attribute","description":"unresolved-attribute: Object of type `type[Self@current]` has no attribute `_cache`","severity":"major","fingerprint":"5eaeff19a5d5e7f6","location":{"path":"fsspec/spec.py","positions":{"begin":{"line":239,"column":20},"end":{"line":239,"column":30}}}},{"check_name":"invalid-argument-type","description":"invalid-argument-type: Argument to function `dumps` is incorrect: Expected `type[JSONEncoder] | None`, found `type`","severity":"major","fingerprint":"d0f6b5300d2a8edd","location":{"path":"fsspec/spec.py","positions":{"begin":{"line":1461,"column":13},"end":{"line":1465,"column":14}}}},{"check_name":"parameter-already-assigned","description":"parameter-already-assigned: Multiple values provided for parameter `cls` of function `__new__`","severity":"major","fingerprint":"e20d2c3968f51f2b","location":{"path":"fsspec/spec.py","positions":{"begin":{"line":1527,"column":13},"end":{"line":1527,"column":51}}}},{"check_name":"unresolved-attribute","description":"unresolved-attribute: Object of type `type[Self@clear_instance_cache]` has no attribute `_cache`","severity":"major","fingerprint":"feb851ccff8c6baf","location":{"path":"fsspec/spec.py","positions":{"begin":{"line":1608,"column":9},"end":{"line":1608,"column":19}}}},{"check_name":"possibly-missing-attribute","description":"possibly-missing-attribute: Attribute `_fetch` may be missing on object of type `Unknown | BaseCache | None`","severity":"minor","fingerprint":"2292509be12b6ae5","location":{"path":"fsspec/spec.py","positions":{"begin":{"line":2122,"column":15},"end":{"line":2122,"column":32}}}},{"check_name":"possibly-missing-attribute","description":"possibly-missing-attribute: Attribute `_log_stats` may be missing on object of type `Unknown | BaseCache | None`","severity":"minor","fingerprint":"4e5cf9968f570ac8","location":{"path":"fsspec/spec.py","positions":{"begin":{"line":2129,"column":13},"end":{"line":2129,"column":34}}}},{"check_name":"invalid-method-override","description":"invalid-method-override: Invalid override of method `readline`: Definition is incompatible with `_IOBase.readline`","severity":"major","fingerprint":"b5244164f336bbcc","location":{"path":"fsspec/spec.py","positions":{"begin":{"line":2172,"column":9},"end":{"line":2172,"column":23}}}},{"check_name":"invalid-method-override","description":"invalid-method-override: Invalid override of method `readlines`: Definition is incompatible with `_IOBase.readlines`","severity":"major","fingerprint":"aeeb4c98aa14656d","location":{"path":"fsspec/spec.py","positions":{"begin":{"line":2189,"column":9},"end":{"line":2189,"column":24}}}},{"check_name":"unresolved-attribute","description":"unresolved-attribute: Object of type `BaseServer` has no attribute `server_port`","severity":"major","fingerprint":"c1b286ac25c1a5fb","location":{"path":"fsspec/tests/conftest.py","positions":{"begin":{"line":77,"column":39},"end":{"line":77,"column":62}}}},{"check_name":"invalid-argument-type","description":"invalid-argument-type: Argument to function `len` is incorrect: Expected `Sized`, found `(@Todo & ~None) | (bytes & ~Top[(...) -> object]) | (AssertionError & ~Top[(...) -> object])`","severity":"major","fingerprint":"4dcebc1e4a3150f8","location":{"path":"fsspec/tests/conftest.py","positions":{"begin":{"line":95,"column":40},"end":{"line":95,"column":49}}}},{"check_name":"invalid-argument-type","description":"invalid-argument-type: Argument to function `len` is incorrect: Expected `Sized`, found `(@Todo & ~None) | (bytes & ~Top[(...) -> object]) | (AssertionError & ~Top[(...) -> object])`","severity":"major","fingerprint":"2911bb7ba0ce9672","location":{"path":"fsspec/tests/conftest.py","positions":{"begin":{"line":95,"column":61},"end":{"line":95,"column":70}}}},{"check_name":"invalid-argument-type","description":"invalid-argument-type: Argument to function `len` is incorrect: Expected `Sized`, found `(@Todo & ~None) | (bytes & ~Top[(...) -> object]) | (AssertionError & ~Top[(...) -> object])`","severity":"major","fingerprint":"497f289b6aeb93f1","location":{"path":"fsspec/tests/conftest.py","positions":{"begin":{"line":101,"column":60},"end":{"line":101,"column":69}}}},{"check_name":"invalid-argument-type","description":"invalid-argument-type: Argument to function `len` is incorrect: Expected `Sized`, found `(@Todo & ~None) | (bytes & ~Top[(...) -> object]) | (AssertionError & ~Top[(...) -> object])`","severity":"major","fingerprint":"6725084b07bb35a8","location":{"path":"fsspec/tests/conftest.py","positions":{"begin":{"line":105,"column":25},"end":{"line":105,"column":34}}}},{"check_name":"invalid-argument-type","description":"invalid-argument-type: Argument to function `compress` is incorrect: Expected `SizedBuffer`, found `@Todo | (bytes & ~Top[(...) -> object]) | (AssertionError & ~Top[(...) -> object])`","severity":"major","fingerprint":"564a2a851f95bb2a","location":{"path":"fsspec/tests/conftest.py","positions":{"begin":{"line":112,"column":43},"end":{"line":112,"column":52}}}},{"check_name":"invalid-argument-type","description":"invalid-argument-type: Argument to function `len` is incorrect: Expected `Sized`, found `@Todo | (bytes & ~Top[(...) -> object]) | (AssertionError & ~Top[(...) -> object])`","severity":"major","fingerprint":"9382e11aedf85f5c","location":{"path":"fsspec/tests/conftest.py","positions":{"begin":{"line":118,"column":59},"end":{"line":118,"column":68}}}},{"check_name":"invalid-argument-type","description":"invalid-argument-type: Argument to function `compress` is incorrect: Expected `SizedBuffer`, found `(Unknown & ~None) | bytes | ((baseurl) -> Unknown) | AssertionError`","severity":"major","fingerprint":"e50018a04fe4f271","location":{"path":"fsspec/tests/conftest.py","positions":{"begin":{"line":169,"column":43},"end":{"line":169,"column":52}}}},{"check_name":"invalid-argument-type","description":"invalid-argument-type: Argument to function `len` is incorrect: Expected `Sized`, found `(Unknown & ~None) | bytes | ((baseurl) -> Unknown) | AssertionError`","severity":"major","fingerprint":"2607cac7aa2401f8","location":{"path":"fsspec/tests/conftest.py","positions":{"begin":{"line":173,"column":51},"end":{"line":173,"column":60}}}},{"check_name":"invalid-argument-type","description":"invalid-argument-type: Argument to function `len` is incorrect: Expected `Sized`, found `(Unknown & ~None) | bytes | ((baseurl) -> Unknown) | AssertionError`","severity":"major","fingerprint":"f8cf8e77b760e962","location":{"path":"fsspec/tests/conftest.py","positions":{"begin":{"line":175,"column":51},"end":{"line":175,"column":60}}}},{"check_name":"invalid-argument-type","description":"invalid-argument-type: Argument to function `len` is incorrect: Expected `Sized`, found `(Unknown & ~None) | bytes | ((baseurl) -> Unknown) | AssertionError`","severity":"major","fingerprint":"fb80f27e126bf310","location":{"path":"fsspec/tests/conftest.py","positions":{"begin":{"line":175,"column":72},"end":{"line":175,"column":81}}}},{"check_name":"unresolved-attribute","description":"unresolved-attribute: Class `MemoryFileSystem` has no attribute `_cache`","severity":"major","fingerprint":"533fe536700a080d","location":{"path":"fsspec/tests/test_api.py","positions":{"begin":{"line":23,"column":16},"end":{"line":23,"column":39}}}},{"check_name":"possibly-missing-attribute","description":"possibly-missing-attribute: Submodule `config` may not be available as an attribute on module `fsspec`","severity":"minor","fingerprint":"dfb5e7feeb87db79","location":{"path":"fsspec/tests/test_async.py","positions":{"begin":{"line":124,"column":25},"end":{"line":124,"column":38}}}},{"check_name":"possibly-missing-attribute","description":"possibly-missing-attribute: Submodule `config` may not be available as an attribute on module `fsspec`","severity":"minor","fingerprint":"460228632a0272be","location":{"path":"fsspec/tests/test_async.py","positions":{"begin":{"line":129,"column":25},"end":{"line":129,"column":38}}}},{"check_name":"invalid-argument-type","description":"invalid-argument-type: Argument to bound method `__init__` is incorrect: Expected `int`, found `None`","severity":"major","fingerprint":"f2ea7db58aa2b54f","location":{"path":"fsspec/tests/test_caches.py","positions":{"begin":{"line":239,"column":25},"end":{"line":239,"column":29}}}},{"check_name":"invalid-argument-type","description":"invalid-argument-type: Argument to bound method `__init__` is incorrect: Expected `(int, int, /) -> bytes`, found `None`","severity":"major","fingerprint":"dd8f40af4c11fe1f","location":{"path":"fsspec/tests/test_caches.py","positions":{"begin":{"line":239,"column":31},"end":{"line":239,"column":35}}}},{"check_name":"too-many-positional-arguments","description":"too-many-positional-arguments: Too many positional arguments to bound method `__init__`: expected 4, got 5","severity":"major","fingerprint":"3a9d0b666e2c0049","location":{"path":"fsspec/tests/test_caches.py","positions":{"begin":{"line":239,"column":42},"end":{"line":239,"column":47}}}},{"check_name":"unknown-argument","description":"unknown-argument: Argument `strict` does not match any known parameter of bound method `__init__`","severity":"major","fingerprint":"f780e0d0299600db","location":{"path":"fsspec/tests/test_caches.py","positions":{"begin":{"line":239,"column":49},"end":{"line":239,"column":62}}}},{"check_name":"unresolved-attribute","description":"unresolved-attribute: Object of type `BaseCache` has no attribute `data`","severity":"major","fingerprint":"13452daa4aeaf6b2","location":{"path":"fsspec/tests/test_caches.py","positions":{"begin":{"line":241,"column":23},"end":{"line":241,"column":29}}}},{"check_name":"unsupported-operator","description":"unsupported-operator: Operator `+` is not supported between objects of type `Unknown | None` and `Literal[2]`","severity":"major","fingerprint":"b37cc52527e000e2","location":{"path":"fsspec/tests/test_callbacks.py","positions":{"begin":{"line":10,"column":48},"end":{"line":10,"column":55}}}},{"check_name":"unsupported-operator","description":"unsupported-operator: Operator `+` is not supported between two objects of type `Unknown | None`","severity":"major","fingerprint":"251a0d256b2c7b32","location":{"path":"fsspec/tests/test_callbacks.py","positions":{"begin":{"line":14,"column":60},"end":{"line":14,"column":71}}}},{"check_name":"unsupported-operator","description":"unsupported-operator: Operator `+` is not supported between objects of type `Unknown | None` and `Literal[2]`","severity":"major","fingerprint":"4cc4cbb940c51c5f","location":{"path":"fsspec/tests/test_callbacks.py","positions":{"begin":{"line":24,"column":48},"end":{"line":24,"column":55}}}},{"check_name":"possibly-missing-attribute","description":"possibly-missing-attribute: Attribute `update` may be missing on object of type `Unknown | None`","severity":"minor","fingerprint":"eb60a8da0f683076","location":{"path":"fsspec/tests/test_callbacks.py","positions":{"begin":{"line":85,"column":12},"end":{"line":85,"column":32}}}},{"check_name":"invalid-argument-type","description":"invalid-argument-type: Argument expression after ** must be a mapping type: Found `Unknown | None`","severity":"major","fingerprint":"ab317095ab6710b7","location":{"path":"fsspec/tests/test_chained.py","positions":{"begin":{"line":12,"column":47},"end":{"line":12,"column":63}}}},{"check_name":"invalid-argument-type","description":"invalid-argument-type: Argument to function `open_local` is incorrect: Expected `dict[Unknown, Unknown]`, found `str`","severity":"major","fingerprint":"33ee550257ddf84d","location":{"path":"fsspec/tests/test_core.py","positions":{"begin":{"line":110,"column":44},"end":{"line":110,"column":60}}}},{"check_name":"invalid-argument-type","description":"invalid-argument-type: Argument to function `open_local` is incorrect: Expected `dict[Unknown, Unknown]`, found `Literal[\"file\"]`","severity":"major","fingerprint":"3d8335d823915f07","location":{"path":"fsspec/tests/test_core.py","positions":{"begin":{"line":110,"column":62},"end":{"line":110,"column":84}}}},{"check_name":"possibly-missing-attribute","description":"possibly-missing-attribute: Submodule `implementations` may not be available as an attribute on module `fsspec`","severity":"minor","fingerprint":"c8818a05764a6e19","location":{"path":"fsspec/tests/test_generic.py","positions":{"begin":{"line":91,"column":18},"end":{"line":91,"column":40}}}},{"check_name":"possibly-missing-attribute","description":"possibly-missing-attribute: Submodule `implementations` may not be available as an attribute on module `fsspec`","severity":"minor","fingerprint":"e198dae3d49054ff","location":{"path":"fsspec/tests/test_mapping.py","positions":{"begin":{"line":227,"column":27},"end":{"line":227,"column":49}}}},{"check_name":"possibly-missing-attribute","description":"possibly-missing-attribute: Attribute `ParquetFile` may be missing on object of type `Unknown | None`","severity":"minor","fingerprint":"9754cf5b332c3400","location":{"path":"fsspec/tests/test_parquet.py","positions":{"begin":{"line":119,"column":14},"end":{"line":119,"column":37}}}},{"check_name":"invalid-argument-type","description":"invalid-argument-type: Argument to function `open_parquet_files` is incorrect: Expected `list[str]`, found `str`","severity":"major","fingerprint":"3573b3005c8e3247","location":{"path":"fsspec/tests/test_parquet.py","positions":{"begin":{"line":205,"column":9},"end":{"line":205,"column":11}}}},{"check_name":"invalid-argument-type","description":"invalid-argument-type: Argument to function `open_parquet_files` is incorrect: Expected `list[str]`, found `str`","severity":"major","fingerprint":"d1369724cbef32ea","location":{"path":"fsspec/tests/test_parquet.py","positions":{"begin":{"line":218,"column":9},"end":{"line":218,"column":25}}}},{"check_name":"not-subscriptable","description":"not-subscriptable: Cannot delete subscript on object of type `MappingProxyType[Unknown, Unknown]` with no `__delitem__` method","severity":"major","fingerprint":"3c1273b36234cb63","location":{"path":"fsspec/tests/test_registry.py","positions":{"begin":{"line":44,"column":13},"end":{"line":44,"column":29}}}},{"check_name":"invalid-assignment","description":"invalid-assignment: Cannot assign to a subscript on an object of type `MappingProxyType[Unknown, Unknown]`","severity":"major","fingerprint":"faa71264c4a96ebb","location":{"path":"fsspec/tests/test_registry.py","positions":{"begin":{"line":46,"column":9},"end":{"line":46,"column":25}}}},{"check_name":"unresolved-attribute","description":"unresolved-attribute: Object of type `MappingProxyType[Unknown, Unknown]` has no attribute `clear`","severity":"major","fingerprint":"3a5be6f4104e3f3","location":{"path":"fsspec/tests/test_registry.py","positions":{"begin":{"line":48,"column":9},"end":{"line":48,"column":23}}}},{"check_name":"possibly-missing-attribute","description":"possibly-missing-attribute: Attribute `startswith` may be missing on object of type `Unknown | str | int`","severity":"minor","fingerprint":"18119a157875092e","location":{"path":"fsspec/tests/test_spec.py","positions":{"begin":{"line":449,"column":16},"end":{"line":449,"column":39}}}},{"check_name":"unresolved-attribute","description":"unresolved-attribute: Object of type `DummyTestFS` has no attribute `_cache`","severity":"major","fingerprint":"79a36e1b0f1d92d1","location":{"path":"fsspec/tests/test_spec.py","positions":{"begin":{"line":736,"column":16},"end":{"line":736,"column":25}}}},{"check_name":"unresolved-attribute","description":"unresolved-attribute: Object of type `DummyTestFS` has no attribute `_cache`","severity":"major","fingerprint":"c78dff20ef252da6","location":{"path":"fsspec/tests/test_spec.py","positions":{"begin":{"line":738,"column":16},"end":{"line":738,"column":25}}}},{"check_name":"unresolved-attribute","description":"unresolved-attribute: Class `DummyTestFS` has no attribute `_cache`","severity":"major","fingerprint":"e9b72f04e338b4c4","location":{"path":"fsspec/tests/test_spec.py","positions":{"begin":{"line":742,"column":16},"end":{"line":742,"column":34}}}},{"check_name":"unresolved-attribute","description":"unresolved-attribute: Class `DummyTestFS` has no attribute `_cache`","severity":"major","fingerprint":"c880a744d1f9de1b","location":{"path":"fsspec/tests/test_spec.py","positions":{"begin":{"line":745,"column":16},"end":{"line":745,"column":34}}}},{"check_name":"possibly-missing-attribute","description":"possibly-missing-attribute: Attribute `trim` may be missing on object of type `Unknown | BaseCache | None`","severity":"minor","fingerprint":"cba24bcef9ba78e8","location":{"path":"fsspec/tests/test_spec.py","positions":{"begin":{"line":797,"column":12},"end":{"line":797,"column":24}}}},{"check_name":"possibly-missing-attribute","description":"possibly-missing-attribute: Attribute `trim` may be missing on object of type `Unknown | BaseCache | None`","severity":"minor","fingerprint":"d9c244053b86e416","location":{"path":"fsspec/tests/test_spec.py","positions":{"begin":{"line":803,"column":12},"end":{"line":803,"column":24}}}},{"check_name":"invalid-method-override","description":"invalid-method-override: Invalid override of method `_open`: Definition is incompatible with `DummyTestFS._open`","severity":"major","fingerprint":"74527211d8c73a97","location":{"path":"fsspec/tests/test_spec.py","positions":{"begin":{"line":1148,"column":9},"end":{"line":1148,"column":47}}}},{"check_name":"invalid-argument-type","description":"invalid-argument-type: Method `__getitem__` of type `Overload[(i: SupportsIndex, /) -> Unknown, (s: slice[Any, Any, Any], /) -> list[Unknown]]` cannot be called with key of type `Unknown | tuple[Unknown, Unknown & ~AlwaysFalsy] | tuple[Unknown]` on object of type `list[Unknown]`","severity":"major","fingerprint":"8f7cb65b7710ef2b","location":{"path":"fsspec/tests/test_spec.py","positions":{"begin":{"line":1246,"column":9},"end":{"line":1246,"column":20}}}},{"check_name":"invalid-argument-type","description":"invalid-argument-type: Method `__getitem__` of type `Overload[(i: SupportsIndex, /) -> Unknown, (s: slice[Any, Any, Any], /) -> list[Unknown]]` cannot be called with key of type `Unknown | tuple[Unknown, Unknown & ~AlwaysFalsy] | tuple[Unknown]` on object of type `list[Unknown]`","severity":"major","fingerprint":"a211b7dc88f65330","location":{"path":"fsspec/tests/test_spec.py","positions":{"begin":{"line":1249,"column":9},"end":{"line":1249,"column":20}}}},{"check_name":"possibly-missing-attribute","description":"possibly-missing-attribute: Attribute `keys` may be missing on object of type `Unknown | defaultdict[Unknown, Unknown] | list[Unknown]`","severity":"minor","fingerprint":"63730170c543d735","location":{"path":"fsspec/tests/test_spec.py","positions":{"begin":{"line":1262,"column":20},"end":{"line":1262,"column":40}}}},{"check_name":"invalid-argument-type","description":"invalid-argument-type: Method `__getitem__` of type `Overload[(i: SupportsIndex, /) -> Unknown, (s: slice[Any, Any, Any], /) -> list[Unknown]]` cannot be called with key of type `tuple[Literal[\"top-level\"]]` on object of type `list[Unknown]`","severity":"major","fingerprint":"72ed0a99734a28ec","location":{"path":"fsspec/tests/test_spec.py","positions":{"begin":{"line":1263,"column":16},"end":{"line":1263,"column":31}}}},{"check_name":"unresolved-attribute","description":"unresolved-attribute: Object of type `Real` has no attribute `attr`","severity":"major","fingerprint":"9173a7b5ff61a536","location":{"path":"fsspec/tests/test_utils.py","positions":{"begin":{"line":393,"column":12},"end":{"line":393,"column":20}}}},{"check_name":"unresolved-attribute","description":"unresolved-attribute: Object of type `Real` has no attribute `func_1`","severity":"major","fingerprint":"a6fb3f00c285bd8d","location":{"path":"fsspec/tests/test_utils.py","positions":{"begin":{"line":395,"column":5},"end":{"line":395,"column":15}}}},{"check_name":"too-many-positional-arguments","description":"too-many-positional-arguments: Too many positional arguments to bound method `func_2`: expected 1, got 3","severity":"major","fingerprint":"ab69057df1feb76d","location":{"path":"fsspec/tests/test_utils.py","positions":{"begin":{"line":398,"column":16},"end":{"line":398,"column":17}}}},{"check_name":"invalid-assignment","description":"invalid-assignment: Object of type `Literal[True]` is not assignable to attribute `_intrans` on type `Unknown | None`","severity":"major","fingerprint":"17082a2ecaa27535","location":{"path":"fsspec/transaction.py","positions":{"begin":{"line":37,"column":9},"end":{"line":37,"column":25}}}},{"check_name":"invalid-assignment","description":"invalid-assignment: Object of type `Literal[False]` is not assignable to attribute `_intrans` on type `Unknown | None`","severity":"major","fingerprint":"ac7abc9696875e8c","location":{"path":"fsspec/transaction.py","positions":{"begin":{"line":47,"column":9},"end":{"line":47,"column":25}}}},{"check_name":"invalid-assignment","description":"invalid-assignment: Object of type `None` is not assignable to attribute `_transaction` on type `Unknown | None`","severity":"major","fingerprint":"1b2e89c16d8185bf","location":{"path":"fsspec/transaction.py","positions":{"begin":{"line":48,"column":9},"end":{"line":48,"column":29}}}},{"check_name":"possibly-missing-attribute","description":"possibly-missing-attribute: Attribute `commit` may be missing on object of type `Unknown | deque[Unknown]`","severity":"minor","fingerprint":"27fe7942878bae15","location":{"path":"fsspec/transaction.py","positions":{"begin":{"line":86,"column":13},"end":{"line":86,"column":30}}}},{"check_name":"possibly-missing-attribute","description":"possibly-missing-attribute: Attribute `discard` may be missing on object of type `Unknown | deque[Unknown]`","severity":"minor","fingerprint":"57554f72f7f8b017","location":{"path":"fsspec/transaction.py","positions":{"begin":{"line":88,"column":13},"end":{"line":88,"column":31}}}},{"check_name":"invalid-assignment","description":"invalid-assignment: Object of type `Literal[False]` is not assignable to attribute `_intrans` on type `Unknown | None`","severity":"major","fingerprint":"a5624f06bb4969b5","location":{"path":"fsspec/transaction.py","positions":{"begin":{"line":89,"column":9},"end":{"line":89,"column":25}}}},{"check_name":"invalid-argument-type","description":"invalid-argument-type: Argument to function `__new__` is incorrect: Expected `Iterable[Never]`, found `LiteralString`","severity":"major","fingerprint":"ef73ca9c65df2bb0","location":{"path":"fsspec/utils.py","positions":{"begin":{"line":712,"column":43},"end":{"line":712,"column":47}}}}]
