[{"check_name":"unresolved-attribute","description":"unresolved-attribute: Module `sys` has no member `_is_gil_enabled`","severity":"major","fingerprint":"ebd659393129eaec","location":{"path":"cloned_repos/pydantic-core/tests/conftest.py","positions":{"begin":{"line":28,"column":28},"end":{"line":28,"column":47}}}},{"check_name":"invalid-argument-type","description":"invalid-argument-type: Argument to function `module_from_spec` is incorrect: Expected `ModuleSpec`, found `ModuleSpec | None`","severity":"major","fingerprint":"5c86962b2190cad","location":{"path":"cloned_repos/pydantic-core/tests/conftest.py","positions":{"begin":{"line":153,"column":50},"end":{"line":153,"column":54}}}},{"check_name":"possibly-missing-attribute","description":"possibly-missing-attribute: Attribute `loader` may be missing on object of type `ModuleSpec | None`","severity":"minor","fingerprint":"9e21147807ae1cd5","location":{"path":"cloned_repos/pydantic-core/tests/conftest.py","positions":{"begin":{"line":155,"column":13},"end":{"line":155,"column":24}}}},{"check_name":"possibly-missing-attribute","description":"possibly-missing-attribute: Attribute `exec_module` may be missing on object of type `Loader | None`","severity":"minor","fingerprint":"c961207135a2ba05","location":{"path":"cloned_repos/pydantic-core/tests/conftest.py","positions":{"begin":{"line":155,"column":13},"end":{"line":155,"column":36}}}},{"check_name":"invalid-assignment","description":"invalid-assignment: Object of type `None` is not assignable to `<module 'numpy'>`","severity":"major","fingerprint":"71447ff0110b70ee","location":{"path":"cloned_repos/pydantic-core/tests/serializers/test_any.py","positions":{"begin":{"line":34,"column":13},"end":{"line":34,"column":17}}}},{"check_name":"unresolved-attribute","description":"unresolved-attribute: Unresolved attribute `__pydantic_serializer__` on type `<class 'Foo'>`.","severity":"major","fingerprint":"ad85cb3d9edccb94","location":{"path":"cloned_repos/pydantic-core/tests/serializers/test_any.py","positions":{"begin":{"line":473,"column":5},"end":{"line":473,"column":32}}}},{"check_name":"unresolved-attribute","description":"unresolved-attribute: Unresolved attribute `__pydantic_validator__` on type `<class 'Foo'>`.","severity":"major","fingerprint":"b52eecac8d067d82","location":{"path":"cloned_repos/pydantic-core/tests/serializers/test_any.py","positions":{"begin":{"line":502,"column":5},"end":{"line":502,"column":31}}}},{"check_name":"unresolved-attribute","description":"unresolved-attribute: Unresolved attribute `__pydantic_serializer__` on type `<class 'Foo'>`.","severity":"major","fingerprint":"cd7e7bfd4c891c","location":{"path":"cloned_repos/pydantic-core/tests/serializers/test_any.py","positions":{"begin":{"line":503,"column":5},"end":{"line":503,"column":32}}}},{"check_name":"unresolved-attribute","description":"unresolved-attribute: Unresolved attribute `__pydantic_serializer__` on type `<class 'BasicModel'>`.","severity":"major","fingerprint":"baed920b0bbf01ea","location":{"path":"cloned_repos/pydantic-core/tests/serializers/test_bytes.py","positions":{"begin":{"line":170,"column":5},"end":{"line":170,"column":39}}}},{"check_name":"unresolved-attribute","description":"unresolved-attribute: Unresolved attribute `__pydantic_serializer__` on type `<class 'Model'>`.","severity":"major","fingerprint":"a23c07eb709e475c","location":{"path":"cloned_repos/pydantic-core/tests/serializers/test_model.py","positions":{"begin":{"line":157,"column":5},"end":{"line":157,"column":34}}}},{"check_name":"unresolved-attribute","description":"unresolved-attribute: Object of type `Self@area` has no attribute `width`","severity":"major","fingerprint":"3ebd8f391e9a5690","location":{"path":"cloned_repos/pydantic-core/tests/serializers/test_model.py","positions":{"begin":{"line":691,"column":17},"end":{"line":691,"column":27}}}},{"check_name":"unresolved-attribute","description":"unresolved-attribute: Object of type `Self@area` has no attribute `height`","severity":"major","fingerprint":"621dd25ad4b3a2ad","location":{"path":"cloned_repos/pydantic-core/tests/serializers/test_model.py","positions":{"begin":{"line":691,"column":30},"end":{"line":691,"column":41}}}},{"check_name":"invalid-assignment","description":"invalid-assignment: Object of type `Literal[\"123\"]` is not assignable to attribute `root` of type `int`","severity":"major","fingerprint":"9241ee1d81c1dfb6","location":{"path":"cloned_repos/pydantic-core/tests/serializers/test_model_root.py","positions":{"begin":{"line":187,"column":5},"end":{"line":187,"column":11}}}},{"check_name":"unresolved-attribute","description":"unresolved-attribute: Unresolved attribute `__pydantic_core_schema__` on type `<class 'Parent'>`.","severity":"major","fingerprint":"8819af5bbf0d985f","location":{"path":"cloned_repos/pydantic-core/tests/serializers/test_other.py","positions":{"begin":{"line":75,"column":5},"end":{"line":75,"column":36}}}},{"check_name":"unresolved-attribute","description":"unresolved-attribute: Unresolved attribute `__pydantic_validator__` on type `<class 'Parent'>`.","severity":"major","fingerprint":"486a40e1a6bc23dd","location":{"path":"cloned_repos/pydantic-core/tests/serializers/test_other.py","positions":{"begin":{"line":84,"column":5},"end":{"line":84,"column":34}}}},{"check_name":"unresolved-attribute","description":"unresolved-attribute: Class `Parent` has no attribute `__pydantic_core_schema__`","severity":"major","fingerprint":"26145502107a8e22","location":{"path":"cloned_repos/pydantic-core/tests/serializers/test_other.py","positions":{"begin":{"line":84,"column":53},"end":{"line":84,"column":84}}}},{"check_name":"unresolved-attribute","description":"unresolved-attribute: Unresolved attribute `__pydantic_serializer__` on type `<class 'Parent'>`.","severity":"major","fingerprint":"e307ca4a8d200e8f","location":{"path":"cloned_repos/pydantic-core/tests/serializers/test_other.py","positions":{"begin":{"line":85,"column":5},"end":{"line":85,"column":35}}}},{"check_name":"unresolved-attribute","description":"unresolved-attribute: Class `Parent` has no attribute `__pydantic_core_schema__`","severity":"major","fingerprint":"f5361fb516e7e793","location":{"path":"cloned_repos/pydantic-core/tests/serializers/test_other.py","positions":{"begin":{"line":85,"column":55},"end":{"line":85,"column":86}}}},{"check_name":"unresolved-attribute","description":"unresolved-attribute: Unresolved attribute `__pydantic_core_schema__` on type `<class 'Other'>`.","severity":"major","fingerprint":"61e4da6e65dab7af","location":{"path":"cloned_repos/pydantic-core/tests/serializers/test_other.py","positions":{"begin":{"line":87,"column":5},"end":{"line":87,"column":35}}}},{"check_name":"unresolved-attribute","description":"unresolved-attribute: Unresolved attribute `__pydantic_validator__` on type `<class 'Other'>`.","severity":"major","fingerprint":"456295a931c6cdbd","location":{"path":"cloned_repos/pydantic-core/tests/serializers/test_other.py","positions":{"begin":{"line":97,"column":5},"end":{"line":97,"column":33}}}},{"check_name":"unresolved-attribute","description":"unresolved-attribute: Class `Other` has no attribute `__pydantic_core_schema__`","severity":"major","fingerprint":"9b5e6a6854692f5c","location":{"path":"cloned_repos/pydantic-core/tests/serializers/test_other.py","positions":{"begin":{"line":97,"column":52},"end":{"line":97,"column":82}}}},{"check_name":"unresolved-attribute","description":"unresolved-attribute: Unresolved attribute `__pydantic_serializer__` on type `<class 'Other'>`.","severity":"major","fingerprint":"764f564282290528","location":{"path":"cloned_repos/pydantic-core/tests/serializers/test_other.py","positions":{"begin":{"line":98,"column":5},"end":{"line":98,"column":34}}}},{"check_name":"unresolved-attribute","description":"unresolved-attribute: Class `Other` has no attribute `__pydantic_core_schema__`","severity":"major","fingerprint":"60831439171f0300","location":{"path":"cloned_repos/pydantic-core/tests/serializers/test_other.py","positions":{"begin":{"line":98,"column":54},"end":{"line":98,"column":84}}}},{"check_name":"unresolved-attribute","description":"unresolved-attribute: Class `Other` has no attribute `__pydantic_validator__`","severity":"major","fingerprint":"6ed0f4cf3603030","location":{"path":"cloned_repos/pydantic-core/tests/serializers/test_other.py","positions":{"begin":{"line":100,"column":13},"end":{"line":100,"column":41}}}},{"check_name":"unresolved-attribute","description":"unresolved-attribute: Class `Parent` has no attribute `__pydantic_serializer__`","severity":"major","fingerprint":"3e32373b557fadd4","location":{"path":"cloned_repos/pydantic-core/tests/serializers/test_other.py","positions":{"begin":{"line":101,"column":12},"end":{"line":101,"column":42}}}},{"check_name":"unresolved-attribute","description":"unresolved-attribute: Unresolved attribute `__pydantic_core_schema__` on type `<class 'ParentModel'>`.","severity":"major","fingerprint":"84300715cd768d8b","location":{"path":"cloned_repos/pydantic-core/tests/serializers/test_serialize_as_any.py","positions":{"begin":{"line":18,"column":1},"end":{"line":18,"column":37}}}},{"check_name":"unresolved-attribute","description":"unresolved-attribute: Unresolved attribute `__pydantic_validator__` on type `<class 'ParentModel'>`.","severity":"major","fingerprint":"b9db90701d1aada7","location":{"path":"cloned_repos/pydantic-core/tests/serializers/test_serialize_as_any.py","positions":{"begin":{"line":27,"column":1},"end":{"line":27,"column":35}}}},{"check_name":"unresolved-attribute","description":"unresolved-attribute: Class `ParentModel` has no attribute `__pydantic_core_schema__`","severity":"major","fingerprint":"3930fdc23c1747d","location":{"path":"cloned_repos/pydantic-core/tests/serializers/test_serialize_as_any.py","positions":{"begin":{"line":27,"column":54},"end":{"line":27,"column":90}}}},{"check_name":"unresolved-attribute","description":"unresolved-attribute: Unresolved attribute `__pydantic_serializer__` on type `<class 'ParentModel'>`.","severity":"major","fingerprint":"fc6e56cb53a3dd5d","location":{"path":"cloned_repos/pydantic-core/tests/serializers/test_serialize_as_any.py","positions":{"begin":{"line":28,"column":1},"end":{"line":28,"column":36}}}},{"check_name":"unresolved-attribute","description":"unresolved-attribute: Class `ParentModel` has no attribute `__pydantic_core_schema__`","severity":"major","fingerprint":"8d1513b31f6b72bb","location":{"path":"cloned_repos/pydantic-core/tests/serializers/test_serialize_as_any.py","positions":{"begin":{"line":28,"column":56},"end":{"line":28,"column":92}}}},{"check_name":"unresolved-attribute","description":"unresolved-attribute: Unresolved attribute `__pydantic_core_schema__` on type `<class 'ChildModel'>`.","severity":"major","fingerprint":"27394fed72f52f3a","location":{"path":"cloned_repos/pydantic-core/tests/serializers/test_serialize_as_any.py","positions":{"begin":{"line":30,"column":1},"end":{"line":30,"column":36}}}},{"check_name":"unresolved-attribute","description":"unresolved-attribute: Unresolved attribute `__pydantic_validator__` on type `<class 'ChildModel'>`.","severity":"major","fingerprint":"bf4f0d64343ebf3","location":{"path":"cloned_repos/pydantic-core/tests/serializers/test_serialize_as_any.py","positions":{"begin":{"line":39,"column":1},"end":{"line":39,"column":34}}}},{"check_name":"unresolved-attribute","description":"unresolved-attribute: Class `ChildModel` has no attribute `__pydantic_core_schema__`","severity":"major","fingerprint":"5c8d1867ca127b59","location":{"path":"cloned_repos/pydantic-core/tests/serializers/test_serialize_as_any.py","positions":{"begin":{"line":39,"column":53},"end":{"line":39,"column":88}}}},{"check_name":"unresolved-attribute","description":"unresolved-attribute: Unresolved attribute `__pydantic_serializer__` on type `<class 'ChildModel'>`.","severity":"major","fingerprint":"4f13897db23a33fa","location":{"path":"cloned_repos/pydantic-core/tests/serializers/test_serialize_as_any.py","positions":{"begin":{"line":40,"column":1},"end":{"line":40,"column":35}}}},{"check_name":"unresolved-attribute","description":"unresolved-attribute: Class `ChildModel` has no attribute `__pydantic_core_schema__`","severity":"major","fingerprint":"a50e9cf7db7b253c","location":{"path":"cloned_repos/pydantic-core/tests/serializers/test_serialize_as_any.py","positions":{"begin":{"line":40,"column":55},"end":{"line":40,"column":90}}}},{"check_name":"unresolved-attribute","description":"unresolved-attribute: Class `ChildModel` has no attribute `__pydantic_validator__`","severity":"major","fingerprint":"ac14b5c1abe81ecb","location":{"path":"cloned_repos/pydantic-core/tests/serializers/test_serialize_as_any.py","positions":{"begin":{"line":44,"column":13},"end":{"line":44,"column":46}}}},{"check_name":"unresolved-attribute","description":"unresolved-attribute: Class `ParentModel` has no attribute `__pydantic_serializer__`","severity":"major","fingerprint":"209cc0c75ca427db","location":{"path":"cloned_repos/pydantic-core/tests/serializers/test_serialize_as_any.py","positions":{"begin":{"line":45,"column":12},"end":{"line":45,"column":47}}}},{"check_name":"unresolved-attribute","description":"unresolved-attribute: Class `ParentModel` has no attribute `__pydantic_serializer__`","severity":"major","fingerprint":"d325e958b482f253","location":{"path":"cloned_repos/pydantic-core/tests/serializers/test_serialize_as_any.py","positions":{"begin":{"line":46,"column":12},"end":{"line":46,"column":47}}}},{"check_name":"unresolved-attribute","description":"unresolved-attribute: Unresolved attribute `__pydantic_core_schema__` on type `<class 'Parent'>`.","severity":"major","fingerprint":"d94803e9976d4e3f","location":{"path":"cloned_repos/pydantic-core/tests/serializers/test_serialize_as_any.py","positions":{"begin":{"line":60,"column":5},"end":{"line":60,"column":36}}}},{"check_name":"unresolved-attribute","description":"unresolved-attribute: Unresolved attribute `__pydantic_validator__` on type `<class 'Parent'>`.","severity":"major","fingerprint":"be9338245e168f39","location":{"path":"cloned_repos/pydantic-core/tests/serializers/test_serialize_as_any.py","positions":{"begin":{"line":70,"column":5},"end":{"line":70,"column":34}}}},{"check_name":"unresolved-attribute","description":"unresolved-attribute: Class `Parent` has no attribute `__pydantic_core_schema__`","severity":"major","fingerprint":"f9ecc2634a59b0d8","location":{"path":"cloned_repos/pydantic-core/tests/serializers/test_serialize_as_any.py","positions":{"begin":{"line":70,"column":53},"end":{"line":70,"column":84}}}},{"check_name":"unresolved-attribute","description":"unresolved-attribute: Unresolved attribute `__pydantic_serializer__` on type `<class 'Parent'>`.","severity":"major","fingerprint":"e388b8357a1c44ff","location":{"path":"cloned_repos/pydantic-core/tests/serializers/test_serialize_as_any.py","positions":{"begin":{"line":71,"column":5},"end":{"line":71,"column":35}}}},{"check_name":"unresolved-attribute","description":"unresolved-attribute: Class `Parent` has no attribute `__pydantic_core_schema__`","severity":"major","fingerprint":"d42c987789daac9b","location":{"path":"cloned_repos/pydantic-core/tests/serializers/test_serialize_as_any.py","positions":{"begin":{"line":71,"column":55},"end":{"line":71,"column":86}}}},{"check_name":"unresolved-attribute","description":"unresolved-attribute: Unresolved attribute `__pydantic_core_schema__` on type `<class 'Child'>`.","severity":"major","fingerprint":"52a7646527ebce5f","location":{"path":"cloned_repos/pydantic-core/tests/serializers/test_serialize_as_any.py","positions":{"begin":{"line":73,"column":5},"end":{"line":73,"column":35}}}},{"check_name":"unresolved-attribute","description":"unresolved-attribute: Unresolved attribute `__pydantic_validator__` on type `<class 'Child'>`.","severity":"major","fingerprint":"5a3303c4566ec271","location":{"path":"cloned_repos/pydantic-core/tests/serializers/test_serialize_as_any.py","positions":{"begin":{"line":84,"column":5},"end":{"line":84,"column":33}}}},{"check_name":"unresolved-attribute","description":"unresolved-attribute: Class `Child` has no attribute `__pydantic_core_schema__`","severity":"major","fingerprint":"688b181e86433d96","location":{"path":"cloned_repos/pydantic-core/tests/serializers/test_serialize_as_any.py","positions":{"begin":{"line":84,"column":52},"end":{"line":84,"column":82}}}},{"check_name":"unresolved-attribute","description":"unresolved-attribute: Unresolved attribute `__pydantic_serializer__` on type `<class 'Child'>`.","severity":"major","fingerprint":"5c011b2267d64db5","location":{"path":"cloned_repos/pydantic-core/tests/serializers/test_serialize_as_any.py","positions":{"begin":{"line":85,"column":5},"end":{"line":85,"column":34}}}},{"check_name":"unresolved-attribute","description":"unresolved-attribute: Class `Child` has no attribute `__pydantic_core_schema__`","severity":"major","fingerprint":"b83804aefe535952","location":{"path":"cloned_repos/pydantic-core/tests/serializers/test_serialize_as_any.py","positions":{"begin":{"line":85,"column":54},"end":{"line":85,"column":84}}}},{"check_name":"unresolved-attribute","description":"unresolved-attribute: Class `Child` has no attribute `__pydantic_validator__`","severity":"major","fingerprint":"17c9c94660c86958","location":{"path":"cloned_repos/pydantic-core/tests/serializers/test_serialize_as_any.py","positions":{"begin":{"line":87,"column":13},"end":{"line":87,"column":41}}}},{"check_name":"unresolved-attribute","description":"unresolved-attribute: Class `Parent` has no attribute `__pydantic_serializer__`","severity":"major","fingerprint":"1af1c3dde4db4610","location":{"path":"cloned_repos/pydantic-core/tests/serializers/test_serialize_as_any.py","positions":{"begin":{"line":88,"column":12},"end":{"line":88,"column":42}}}},{"check_name":"unresolved-attribute","description":"unresolved-attribute: Class `Parent` has no attribute `__pydantic_serializer__`","severity":"major","fingerprint":"109eb66cbd8bd795","location":{"path":"cloned_repos/pydantic-core/tests/serializers/test_serialize_as_any.py","positions":{"begin":{"line":89,"column":12},"end":{"line":89,"column":42}}}},{"check_name":"unresolved-attribute","description":"unresolved-attribute: Unresolved attribute `__pydantic_core_schema__` on type `<class 'Parent'>`.","severity":"major","fingerprint":"3203782fa04a94be","location":{"path":"cloned_repos/pydantic-core/tests/serializers/test_serialize_as_any.py","positions":{"begin":{"line":102,"column":5},"end":{"line":102,"column":36}}}},{"check_name":"unresolved-attribute","description":"unresolved-attribute: Unresolved attribute `__pydantic_validator__` on type `<class 'Parent'>`.","severity":"major","fingerprint":"9812b896b779c035","location":{"path":"cloned_repos/pydantic-core/tests/serializers/test_serialize_as_any.py","positions":{"begin":{"line":107,"column":5},"end":{"line":107,"column":34}}}},{"check_name":"unresolved-attribute","description":"unresolved-attribute: Class `Parent` has no attribute `__pydantic_core_schema__`","severity":"major","fingerprint":"7ff8150c4f717761","location":{"path":"cloned_repos/pydantic-core/tests/serializers/test_serialize_as_any.py","positions":{"begin":{"line":107,"column":53},"end":{"line":107,"column":84}}}},{"check_name":"unresolved-attribute","description":"unresolved-attribute: Unresolved attribute `__pydantic_serializer__` on type `<class 'Parent'>`.","severity":"major","fingerprint":"2a97da703e1ffb54","location":{"path":"cloned_repos/pydantic-core/tests/serializers/test_serialize_as_any.py","positions":{"begin":{"line":108,"column":5},"end":{"line":108,"column":35}}}},{"check_name":"unresolved-attribute","description":"unresolved-attribute: Class `Parent` has no attribute `__pydantic_core_schema__`","severity":"major","fingerprint":"8231ebdf68f8fdc2","location":{"path":"cloned_repos/pydantic-core/tests/serializers/test_serialize_as_any.py","positions":{"begin":{"line":108,"column":55},"end":{"line":108,"column":86}}}},{"check_name":"unresolved-attribute","description":"unresolved-attribute: Unresolved attribute `__pydantic_core_schema__` on type `<class 'Child'>`.","severity":"major","fingerprint":"7e149879b701f639","location":{"path":"cloned_repos/pydantic-core/tests/serializers/test_serialize_as_any.py","positions":{"begin":{"line":110,"column":5},"end":{"line":110,"column":35}}}},{"check_name":"unresolved-attribute","description":"unresolved-attribute: Unresolved attribute `__pydantic_validator__` on type `<class 'Child'>`.","severity":"major","fingerprint":"83572f6cfd46abd0","location":{"path":"cloned_repos/pydantic-core/tests/serializers/test_serialize_as_any.py","positions":{"begin":{"line":116,"column":5},"end":{"line":116,"column":33}}}},{"check_name":"unresolved-attribute","description":"unresolved-attribute: Class `Child` has no attribute `__pydantic_core_schema__`","severity":"major","fingerprint":"b08503936b6ff657","location":{"path":"cloned_repos/pydantic-core/tests/serializers/test_serialize_as_any.py","positions":{"begin":{"line":116,"column":52},"end":{"line":116,"column":82}}}},{"check_name":"unresolved-attribute","description":"unresolved-attribute: Unresolved attribute `__pydantic_serializer__` on type `<class 'Child'>`.","severity":"major","fingerprint":"5c769b085fe80ffd","location":{"path":"cloned_repos/pydantic-core/tests/serializers/test_serialize_as_any.py","positions":{"begin":{"line":117,"column":5},"end":{"line":117,"column":34}}}},{"check_name":"unresolved-attribute","description":"unresolved-attribute: Class `Child` has no attribute `__pydantic_core_schema__`","severity":"major","fingerprint":"c37566705d96dcd6","location":{"path":"cloned_repos/pydantic-core/tests/serializers/test_serialize_as_any.py","positions":{"begin":{"line":117,"column":54},"end":{"line":117,"column":84}}}},{"check_name":"unresolved-attribute","description":"unresolved-attribute: Class `Child` has no attribute `__pydantic_validator__`","severity":"major","fingerprint":"3b6825335d626b7c","location":{"path":"cloned_repos/pydantic-core/tests/serializers/test_serialize_as_any.py","positions":{"begin":{"line":119,"column":13},"end":{"line":119,"column":41}}}},{"check_name":"unresolved-attribute","description":"unresolved-attribute: Class `Parent` has no attribute `__pydantic_serializer__`","severity":"major","fingerprint":"d9f336c0266ae767","location":{"path":"cloned_repos/pydantic-core/tests/serializers/test_serialize_as_any.py","positions":{"begin":{"line":120,"column":12},"end":{"line":120,"column":42}}}},{"check_name":"unresolved-attribute","description":"unresolved-attribute: Class `Parent` has no attribute `__pydantic_serializer__`","severity":"major","fingerprint":"f59996f9079cfe3b","location":{"path":"cloned_repos/pydantic-core/tests/serializers/test_serialize_as_any.py","positions":{"begin":{"line":121,"column":12},"end":{"line":121,"column":42}}}},{"check_name":"unresolved-attribute","description":"unresolved-attribute: Unresolved attribute `__pydantic_core_schema__` on type `<class 'Parent'>`.","severity":"major","fingerprint":"3739ee248217ea34","location":{"path":"cloned_repos/pydantic-core/tests/serializers/test_serialize_as_any.py","positions":{"begin":{"line":134,"column":5},"end":{"line":134,"column":36}}}},{"check_name":"unresolved-attribute","description":"unresolved-attribute: Unresolved attribute `__pydantic_validator__` on type `<class 'Parent'>`.","severity":"major","fingerprint":"5875bf36761c806b","location":{"path":"cloned_repos/pydantic-core/tests/serializers/test_serialize_as_any.py","positions":{"begin":{"line":142,"column":5},"end":{"line":142,"column":34}}}},{"check_name":"unresolved-attribute","description":"unresolved-attribute: Class `Parent` has no attribute `__pydantic_core_schema__`","severity":"major","fingerprint":"7cdf494790146d7f","location":{"path":"cloned_repos/pydantic-core/tests/serializers/test_serialize_as_any.py","positions":{"begin":{"line":142,"column":53},"end":{"line":142,"column":84}}}},{"check_name":"unresolved-attribute","description":"unresolved-attribute: Unresolved attribute `__pydantic_serializer__` on type `<class 'Parent'>`.","severity":"major","fingerprint":"8b60fce610e62edd","location":{"path":"cloned_repos/pydantic-core/tests/serializers/test_serialize_as_any.py","positions":{"begin":{"line":143,"column":5},"end":{"line":143,"column":35}}}},{"check_name":"unresolved-attribute","description":"unresolved-attribute: Class `Parent` has no attribute `__pydantic_core_schema__`","severity":"major","fingerprint":"ab19a52f161cf847","location":{"path":"cloned_repos/pydantic-core/tests/serializers/test_serialize_as_any.py","positions":{"begin":{"line":143,"column":55},"end":{"line":143,"column":86}}}},{"check_name":"unresolved-attribute","description":"unresolved-attribute: Unresolved attribute `__pydantic_core_schema__` on type `<class 'Other'>`.","severity":"major","fingerprint":"e89aacf6c8f8fb44","location":{"path":"cloned_repos/pydantic-core/tests/serializers/test_serialize_as_any.py","positions":{"begin":{"line":145,"column":5},"end":{"line":145,"column":35}}}},{"check_name":"unresolved-attribute","description":"unresolved-attribute: Unresolved attribute `__pydantic_validator__` on type `<class 'Other'>`.","severity":"major","fingerprint":"e6a65d02e6ee4f6a","location":{"path":"cloned_repos/pydantic-core/tests/serializers/test_serialize_as_any.py","positions":{"begin":{"line":154,"column":5},"end":{"line":154,"column":33}}}},{"check_name":"unresolved-attribute","description":"unresolved-attribute: Class `Other` has no attribute `__pydantic_core_schema__`","severity":"major","fingerprint":"1f9d09424676401a","location":{"path":"cloned_repos/pydantic-core/tests/serializers/test_serialize_as_any.py","positions":{"begin":{"line":154,"column":52},"end":{"line":154,"column":82}}}},{"check_name":"unresolved-attribute","description":"unresolved-attribute: Unresolved attribute `__pydantic_serializer__` on type `<class 'Other'>`.","severity":"major","fingerprint":"7be07aa2e8ad67ec","location":{"path":"cloned_repos/pydantic-core/tests/serializers/test_serialize_as_any.py","positions":{"begin":{"line":155,"column":5},"end":{"line":155,"column":34}}}},{"check_name":"unresolved-attribute","description":"unresolved-attribute: Class `Other` has no attribute `__pydantic_core_schema__`","severity":"major","fingerprint":"d54c79fa54e48452","location":{"path":"cloned_repos/pydantic-core/tests/serializers/test_serialize_as_any.py","positions":{"begin":{"line":155,"column":54},"end":{"line":155,"column":84}}}},{"check_name":"unresolved-attribute","description":"unresolved-attribute: Class `Other` has no attribute `__pydantic_validator__`","severity":"major","fingerprint":"e2239f8358614556","location":{"path":"cloned_repos/pydantic-core/tests/serializers/test_serialize_as_any.py","positions":{"begin":{"line":157,"column":13},"end":{"line":157,"column":41}}}},{"check_name":"unresolved-attribute","description":"unresolved-attribute: Class `Parent` has no attribute `__pydantic_serializer__`","severity":"major","fingerprint":"156684bc7b7fee6a","location":{"path":"cloned_repos/pydantic-core/tests/serializers/test_serialize_as_any.py","positions":{"begin":{"line":158,"column":12},"end":{"line":158,"column":42}}}},{"check_name":"unresolved-attribute","description":"unresolved-attribute: Class `Parent` has no attribute `__pydantic_serializer__`","severity":"major","fingerprint":"78280528b8f4aae7","location":{"path":"cloned_repos/pydantic-core/tests/serializers/test_serialize_as_any.py","positions":{"begin":{"line":160,"column":12},"end":{"line":160,"column":42}}}},{"check_name":"unresolved-attribute","description":"unresolved-attribute: Unresolved attribute `__pydantic_core_schema__` on type `<class 'Parent'>`.","severity":"major","fingerprint":"412fca4daacb2c80","location":{"path":"cloned_repos/pydantic-core/tests/serializers/test_serialize_as_any.py","positions":{"begin":{"line":176,"column":5},"end":{"line":176,"column":36}}}},{"check_name":"unresolved-attribute","description":"unresolved-attribute: Unresolved attribute `__pydantic_validator__` on type `<class 'Parent'>`.","severity":"major","fingerprint":"a909c909952830d","location":{"path":"cloned_repos/pydantic-core/tests/serializers/test_serialize_as_any.py","positions":{"begin":{"line":185,"column":5},"end":{"line":185,"column":34}}}},{"check_name":"unresolved-attribute","description":"unresolved-attribute: Class `Parent` has no attribute `__pydantic_core_schema__`","severity":"major","fingerprint":"cec3e2aaf9fb368d","location":{"path":"cloned_repos/pydantic-core/tests/serializers/test_serialize_as_any.py","positions":{"begin":{"line":185,"column":53},"end":{"line":185,"column":84}}}},{"check_name":"unresolved-attribute","description":"unresolved-attribute: Unresolved attribute `__pydantic_serializer__` on type `<class 'Parent'>`.","severity":"major","fingerprint":"709f38530d7ff36f","location":{"path":"cloned_repos/pydantic-core/tests/serializers/test_serialize_as_any.py","positions":{"begin":{"line":186,"column":5},"end":{"line":186,"column":35}}}},{"check_name":"unresolved-attribute","description":"unresolved-attribute: Class `Parent` has no attribute `__pydantic_core_schema__`","severity":"major","fingerprint":"426b4842c62c9ee6","location":{"path":"cloned_repos/pydantic-core/tests/serializers/test_serialize_as_any.py","positions":{"begin":{"line":186,"column":55},"end":{"line":186,"column":86}}}},{"check_name":"unresolved-attribute","description":"unresolved-attribute: Unresolved attribute `__pydantic_core_schema__` on type `<class 'Other'>`.","severity":"major","fingerprint":"1a24025bed494af3","location":{"path":"cloned_repos/pydantic-core/tests/serializers/test_serialize_as_any.py","positions":{"begin":{"line":188,"column":5},"end":{"line":188,"column":35}}}},{"check_name":"unresolved-attribute","description":"unresolved-attribute: Unresolved attribute `__pydantic_validator__` on type `<class 'Other'>`.","severity":"major","fingerprint":"bddf7a5931b82b7b","location":{"path":"cloned_repos/pydantic-core/tests/serializers/test_serialize_as_any.py","positions":{"begin":{"line":198,"column":5},"end":{"line":198,"column":33}}}},{"check_name":"unresolved-attribute","description":"unresolved-attribute: Class `Other` has no attribute `__pydantic_core_schema__`","severity":"major","fingerprint":"42ca1ce55cf70fb2","location":{"path":"cloned_repos/pydantic-core/tests/serializers/test_serialize_as_any.py","positions":{"begin":{"line":198,"column":52},"end":{"line":198,"column":82}}}},{"check_name":"unresolved-attribute","description":"unresolved-attribute: Unresolved attribute `__pydantic_serializer__` on type `<class 'Other'>`.","severity":"major","fingerprint":"92779e8f61bad46b","location":{"path":"cloned_repos/pydantic-core/tests/serializers/test_serialize_as_any.py","positions":{"begin":{"line":199,"column":5},"end":{"line":199,"column":34}}}},{"check_name":"unresolved-attribute","description":"unresolved-attribute: Class `Other` has no attribute `__pydantic_core_schema__`","severity":"major","fingerprint":"368ac07d862db215","location":{"path":"cloned_repos/pydantic-core/tests/serializers/test_serialize_as_any.py","positions":{"begin":{"line":199,"column":54},"end":{"line":199,"column":84}}}},{"check_name":"unresolved-attribute","description":"unresolved-attribute: Unresolved attribute `__pydantic_core_schema__` on type `<class 'Outer'>`.","severity":"major","fingerprint":"830f1260a9d95173","location":{"path":"cloned_repos/pydantic-core/tests/serializers/test_serialize_as_any.py","positions":{"begin":{"line":201,"column":5},"end":{"line":201,"column":35}}}},{"check_name":"unresolved-attribute","description":"unresolved-attribute: Class `Parent` has no attribute `__pydantic_core_schema__`","severity":"major","fingerprint":"4be47b67d170609f","location":{"path":"cloned_repos/pydantic-core/tests/serializers/test_serialize_as_any.py","positions":{"begin":{"line":211,"column":13},"end":{"line":211,"column":44}}}},{"check_name":"unresolved-attribute","description":"unresolved-attribute: Unresolved attribute `__pydantic_validator__` on type `<class 'Outer'>`.","severity":"major","fingerprint":"f9e4ec37151ca3b3","location":{"path":"cloned_repos/pydantic-core/tests/serializers/test_serialize_as_any.py","positions":{"begin":{"line":214,"column":5},"end":{"line":214,"column":33}}}},{"check_name":"unresolved-attribute","description":"unresolved-attribute: Class `Outer` has no attribute `__pydantic_core_schema__`","severity":"major","fingerprint":"b06dc89522bf55e6","location":{"path":"cloned_repos/pydantic-core/tests/serializers/test_serialize_as_any.py","positions":{"begin":{"line":214,"column":52},"end":{"line":214,"column":82}}}},{"check_name":"unresolved-attribute","description":"unresolved-attribute: Unresolved attribute `__pydantic_serializer__` on type `<class 'Outer'>`.","severity":"major","fingerprint":"fec6d449b8a18526","location":{"path":"cloned_repos/pydantic-core/tests/serializers/test_serialize_as_any.py","positions":{"begin":{"line":215,"column":5},"end":{"line":215,"column":34}}}},{"check_name":"unresolved-attribute","description":"unresolved-attribute: Class `Outer` has no attribute `__pydantic_core_schema__`","severity":"major","fingerprint":"6f4e4016f38fa1ad","location":{"path":"cloned_repos/pydantic-core/tests/serializers/test_serialize_as_any.py","positions":{"begin":{"line":215,"column":54},"end":{"line":215,"column":84}}}},{"check_name":"unresolved-attribute","description":"unresolved-attribute: Class `Other` has no attribute `__pydantic_validator__`","severity":"major","fingerprint":"3e17ce5cd31a415f","location":{"path":"cloned_repos/pydantic-core/tests/serializers/test_serialize_as_any.py","positions":{"begin":{"line":217,"column":13},"end":{"line":217,"column":41}}}},{"check_name":"unresolved-attribute","description":"unresolved-attribute: Class `Outer` has no attribute `__pydantic_serializer__`","severity":"major","fingerprint":"3c52c3e14b55bca","location":{"path":"cloned_repos/pydantic-core/tests/serializers/test_serialize_as_any.py","positions":{"begin":{"line":221,"column":12},"end":{"line":221,"column":41}}}},{"check_name":"unresolved-attribute","description":"unresolved-attribute: Class `Outer` has no attribute `__pydantic_serializer__`","severity":"major","fingerprint":"92a3807722dd37e0","location":{"path":"cloned_repos/pydantic-core/tests/serializers/test_serialize_as_any.py","positions":{"begin":{"line":224,"column":12},"end":{"line":224,"column":41}}}},{"check_name":"unresolved-attribute","description":"unresolved-attribute: Class `Outer` has no attribute `__pydantic_serializer__`","severity":"major","fingerprint":"9ce0fb7da817179e","location":{"path":"cloned_repos/pydantic-core/tests/serializers/test_serialize_as_any.py","positions":{"begin":{"line":231,"column":12},"end":{"line":231,"column":41}}}},{"check_name":"unresolved-attribute","description":"unresolved-attribute: Class `Outer` has no attribute `__pydantic_serializer__`","severity":"major","fingerprint":"2358ab933de0175e","location":{"path":"cloned_repos/pydantic-core/tests/serializers/test_serialize_as_any.py","positions":{"begin":{"line":233,"column":9},"end":{"line":233,"column":38}}}},{"check_name":"unresolved-attribute","description":"unresolved-attribute: Unresolved attribute `__pydantic_core_schema__` on type `<class 'Node'>`.","severity":"major","fingerprint":"1ea0b0bba75cb5bd","location":{"path":"cloned_repos/pydantic-core/tests/serializers/test_serialize_as_any.py","positions":{"begin":{"line":266,"column":5},"end":{"line":266,"column":34}}}},{"check_name":"unresolved-attribute","description":"unresolved-attribute: Unresolved attribute `__pydantic_validator__` on type `<class 'Node'>`.","severity":"major","fingerprint":"3e31bfad6c811353","location":{"path":"cloned_repos/pydantic-core/tests/serializers/test_serialize_as_any.py","positions":{"begin":{"line":267,"column":5},"end":{"line":267,"column":32}}}},{"check_name":"unresolved-attribute","description":"unresolved-attribute: Class `Node` has no attribute `__pydantic_core_schema__`","severity":"major","fingerprint":"550e9f954e1bbe20","location":{"path":"cloned_repos/pydantic-core/tests/serializers/test_serialize_as_any.py","positions":{"begin":{"line":267,"column":51},"end":{"line":267,"column":80}}}},{"check_name":"unresolved-attribute","description":"unresolved-attribute: Unresolved attribute `__pydantic_serializer__` on type `<class 'Node'>`.","severity":"major","fingerprint":"9011b94549d13fef","location":{"path":"cloned_repos/pydantic-core/tests/serializers/test_serialize_as_any.py","positions":{"begin":{"line":268,"column":5},"end":{"line":268,"column":33}}}},{"check_name":"unresolved-attribute","description":"unresolved-attribute: Class `Node` has no attribute `__pydantic_core_schema__`","severity":"major","fingerprint":"7dddddb4835cff6c","location":{"path":"cloned_repos/pydantic-core/tests/serializers/test_serialize_as_any.py","positions":{"begin":{"line":268,"column":53},"end":{"line":268,"column":82}}}},{"check_name":"unresolved-attribute","description":"unresolved-attribute: Class `Node` has no attribute `__pydantic_validator__`","severity":"major","fingerprint":"5eff20efebd74c3","location":{"path":"cloned_repos/pydantic-core/tests/serializers/test_serialize_as_any.py","positions":{"begin":{"line":269,"column":13},"end":{"line":269,"column":40}}}},{"check_name":"unresolved-attribute","description":"unresolved-attribute: Class `Node` has no attribute `__pydantic_serializer__`","severity":"major","fingerprint":"dae72f9d22a61dbe","location":{"path":"cloned_repos/pydantic-core/tests/serializers/test_serialize_as_any.py","positions":{"begin":{"line":271,"column":12},"end":{"line":271,"column":40}}}},{"check_name":"unresolved-attribute","description":"unresolved-attribute: Class `Node` has no attribute `__pydantic_serializer__`","severity":"major","fingerprint":"b02f8f0831960579","location":{"path":"cloned_repos/pydantic-core/tests/serializers/test_serialize_as_any.py","positions":{"begin":{"line":275,"column":12},"end":{"line":275,"column":40}}}},{"check_name":"unresolved-attribute","description":"unresolved-attribute: Unresolved attribute `__pydantic_core_schema__` on type `<class 'RModel'>`.","severity":"major","fingerprint":"dd386f3f1c040b9b","location":{"path":"cloned_repos/pydantic-core/tests/serializers/test_serialize_as_any.py","positions":{"begin":{"line":285,"column":5},"end":{"line":285,"column":36}}}},{"check_name":"unresolved-attribute","description":"unresolved-attribute: Class `ParentModel` has no attribute `__pydantic_core_schema__`","severity":"major","fingerprint":"3d5bf55f43e25964","location":{"path":"cloned_repos/pydantic-core/tests/serializers/test_serialize_as_any.py","positions":{"begin":{"line":287,"column":9},"end":{"line":287,"column":45}}}},{"check_name":"unresolved-attribute","description":"unresolved-attribute: Unresolved attribute `__pydantic_validator__` on type `<class 'RModel'>`.","severity":"major","fingerprint":"a28bacff77cc0210","location":{"path":"cloned_repos/pydantic-core/tests/serializers/test_serialize_as_any.py","positions":{"begin":{"line":290,"column":5},"end":{"line":290,"column":34}}}},{"check_name":"unresolved-attribute","description":"unresolved-attribute: Class `RModel` has no attribute `__pydantic_core_schema__`","severity":"major","fingerprint":"bd95a851bddc80dd","location":{"path":"cloned_repos/pydantic-core/tests/serializers/test_serialize_as_any.py","positions":{"begin":{"line":290,"column":53},"end":{"line":290,"column":84}}}},{"check_name":"unresolved-attribute","description":"unresolved-attribute: Unresolved attribute `__pydantic_serializer__` on type `<class 'RModel'>`.","severity":"major","fingerprint":"ec5f1378e7b0cade","location":{"path":"cloned_repos/pydantic-core/tests/serializers/test_serialize_as_any.py","positions":{"begin":{"line":291,"column":5},"end":{"line":291,"column":35}}}},{"check_name":"unresolved-attribute","description":"unresolved-attribute: Class `RModel` has no attribute `__pydantic_core_schema__`","severity":"major","fingerprint":"d2e1b49f2eee655e","location":{"path":"cloned_repos/pydantic-core/tests/serializers/test_serialize_as_any.py","positions":{"begin":{"line":291,"column":55},"end":{"line":291,"column":86}}}},{"check_name":"unresolved-attribute","description":"unresolved-attribute: Class `RModel` has no attribute `__pydantic_validator__`","severity":"major","fingerprint":"62832ee7e1d23ea","location":{"path":"cloned_repos/pydantic-core/tests/serializers/test_serialize_as_any.py","positions":{"begin":{"line":293,"column":13},"end":{"line":293,"column":42}}}},{"check_name":"unresolved-attribute","description":"unresolved-attribute: Class `ChildModel` has no attribute `__pydantic_validator__`","severity":"major","fingerprint":"69c4c4af5040e93e","location":{"path":"cloned_repos/pydantic-core/tests/serializers/test_serialize_as_any.py","positions":{"begin":{"line":294,"column":18},"end":{"line":294,"column":51}}}},{"check_name":"unresolved-attribute","description":"unresolved-attribute: Class `RModel` has no attribute `__pydantic_serializer__`","severity":"major","fingerprint":"9c71e9a33191b531","location":{"path":"cloned_repos/pydantic-core/tests/serializers/test_serialize_as_any.py","positions":{"begin":{"line":296,"column":12},"end":{"line":296,"column":42}}}},{"check_name":"unresolved-attribute","description":"unresolved-attribute: Class `RModel` has no attribute `__pydantic_serializer__`","severity":"major","fingerprint":"bc646fab6a5defcf","location":{"path":"cloned_repos/pydantic-core/tests/serializers/test_serialize_as_any.py","positions":{"begin":{"line":298,"column":12},"end":{"line":298,"column":42}}}},{"check_name":"unresolved-attribute","description":"unresolved-attribute: Class `RModel` has no attribute `__pydantic_serializer__`","severity":"major","fingerprint":"3b75d9e19eff5274","location":{"path":"cloned_repos/pydantic-core/tests/serializers/test_serialize_as_any.py","positions":{"begin":{"line":303,"column":12},"end":{"line":303,"column":42}}}},{"check_name":"unresolved-attribute","description":"unresolved-attribute: Class `RModel` has no attribute `__pydantic_serializer__`","severity":"major","fingerprint":"bf7221b41c8403fb","location":{"path":"cloned_repos/pydantic-core/tests/serializers/test_serialize_as_any.py","positions":{"begin":{"line":305,"column":9},"end":{"line":305,"column":39}}}},{"check_name":"unresolved-attribute","description":"unresolved-attribute: Unresolved attribute `__pydantic_core_schema__` on type `<class 'CustomType'>`.","severity":"major","fingerprint":"c85e2ef51c1f7bbb","location":{"path":"cloned_repos/pydantic-core/tests/serializers/test_serialize_as_any.py","positions":{"begin":{"line":313,"column":5},"end":{"line":313,"column":40}}}},{"check_name":"unresolved-attribute","description":"unresolved-attribute: Class `ParentModel` has no attribute `__pydantic_core_schema__`","severity":"major","fingerprint":"4c9d55019cd35613","location":{"path":"cloned_repos/pydantic-core/tests/serializers/test_serialize_as_any.py","positions":{"begin":{"line":317,"column":50},"end":{"line":317,"column":86}}}},{"check_name":"unresolved-attribute","description":"unresolved-attribute: Unresolved attribute `__pydantic_validator__` on type `<class 'CustomType'>`.","severity":"major","fingerprint":"f55be5099aa8208f","location":{"path":"cloned_repos/pydantic-core/tests/serializers/test_serialize_as_any.py","positions":{"begin":{"line":322,"column":5},"end":{"line":322,"column":38}}}},{"check_name":"unresolved-attribute","description":"unresolved-attribute: Class `CustomType` has no attribute `__pydantic_core_schema__`","severity":"major","fingerprint":"898f281b4a641ac4","location":{"path":"cloned_repos/pydantic-core/tests/serializers/test_serialize_as_any.py","positions":{"begin":{"line":322,"column":57},"end":{"line":322,"column":92}}}},{"check_name":"unresolved-attribute","description":"unresolved-attribute: Unresolved attribute `__pydantic_serializer__` on type `<class 'CustomType'>`.","severity":"major","fingerprint":"f1d213c48b1573c6","location":{"path":"cloned_repos/pydantic-core/tests/serializers/test_serialize_as_any.py","positions":{"begin":{"line":323,"column":5},"end":{"line":323,"column":39}}}},{"check_name":"unresolved-attribute","description":"unresolved-attribute: Class `CustomType` has no attribute `__pydantic_core_schema__`","severity":"major","fingerprint":"60e5f87035db4724","location":{"path":"cloned_repos/pydantic-core/tests/serializers/test_serialize_as_any.py","positions":{"begin":{"line":323,"column":59},"end":{"line":323,"column":94}}}},{"check_name":"unresolved-attribute","description":"unresolved-attribute: Class `CustomType` has no attribute `__pydantic_validator__`","severity":"major","fingerprint":"8b3a446a1325df86","location":{"path":"cloned_repos/pydantic-core/tests/serializers/test_serialize_as_any.py","positions":{"begin":{"line":325,"column":13},"end":{"line":325,"column":46}}}},{"check_name":"unresolved-attribute","description":"unresolved-attribute: Class `ChildModel` has no attribute `__pydantic_validator__`","severity":"major","fingerprint":"f4ea4d07542ad52b","location":{"path":"cloned_repos/pydantic-core/tests/serializers/test_serialize_as_any.py","positions":{"begin":{"line":326,"column":19},"end":{"line":326,"column":52}}}},{"check_name":"unresolved-attribute","description":"unresolved-attribute: Class `CustomType` has no attribute `__pydantic_serializer__`","severity":"major","fingerprint":"1fb92b89ca88519e","location":{"path":"cloned_repos/pydantic-core/tests/serializers/test_serialize_as_any.py","positions":{"begin":{"line":328,"column":12},"end":{"line":328,"column":46}}}},{"check_name":"unresolved-attribute","description":"unresolved-attribute: Class `CustomType` has no attribute `__pydantic_serializer__`","severity":"major","fingerprint":"e2e26030aee36245","location":{"path":"cloned_repos/pydantic-core/tests/serializers/test_serialize_as_any.py","positions":{"begin":{"line":331,"column":12},"end":{"line":331,"column":46}}}},{"check_name":"unresolved-attribute","description":"unresolved-attribute: Class `CustomType` has no attribute `__pydantic_serializer__`","severity":"major","fingerprint":"455a8c48298330a8","location":{"path":"cloned_repos/pydantic-core/tests/serializers/test_serialize_as_any.py","positions":{"begin":{"line":335,"column":12},"end":{"line":335,"column":46}}}},{"check_name":"unresolved-attribute","description":"unresolved-attribute: Class `CustomType` has no attribute `__pydantic_serializer__`","severity":"major","fingerprint":"596692f7390705dc","location":{"path":"cloned_repos/pydantic-core/tests/serializers/test_serialize_as_any.py","positions":{"begin":{"line":337,"column":9},"end":{"line":337,"column":43}}}},{"check_name":"unresolved-attribute","description":"unresolved-attribute: Unresolved attribute `__pydantic_core_schema__` on type `<class 'InnerModel'>`.","severity":"major","fingerprint":"c2bd9a1e8ab03f4c","location":{"path":"cloned_repos/pydantic-core/tests/serializers/test_serialize_as_any.py","positions":{"begin":{"line":348,"column":5},"end":{"line":348,"column":40}}}},{"check_name":"unresolved-attribute","description":"unresolved-attribute: Unresolved attribute `__pydantic_validator__` on type `<class 'InnerModel'>`.","severity":"major","fingerprint":"991b2e041e6fe8ae","location":{"path":"cloned_repos/pydantic-core/tests/serializers/test_serialize_as_any.py","positions":{"begin":{"line":352,"column":5},"end":{"line":352,"column":38}}}},{"check_name":"unresolved-attribute","description":"unresolved-attribute: Class `InnerModel` has no attribute `__pydantic_core_schema__`","severity":"major","fingerprint":"c17d1c205494690c","location":{"path":"cloned_repos/pydantic-core/tests/serializers/test_serialize_as_any.py","positions":{"begin":{"line":352,"column":57},"end":{"line":352,"column":92}}}},{"check_name":"unresolved-attribute","description":"unresolved-attribute: Unresolved attribute `__pydantic_serializer__` on type `<class 'InnerModel'>`.","severity":"major","fingerprint":"391ab07498496c15","location":{"path":"cloned_repos/pydantic-core/tests/serializers/test_serialize_as_any.py","positions":{"begin":{"line":353,"column":5},"end":{"line":353,"column":39}}}},{"check_name":"unresolved-attribute","description":"unresolved-attribute: Class `InnerModel` has no attribute `__pydantic_core_schema__`","severity":"major","fingerprint":"c14ea7d00952cb65","location":{"path":"cloned_repos/pydantic-core/tests/serializers/test_serialize_as_any.py","positions":{"begin":{"line":353,"column":59},"end":{"line":353,"column":94}}}},{"check_name":"unresolved-attribute","description":"unresolved-attribute: Unresolved attribute `__pydantic_core_schema__` on type `<class 'MyModel'>`.","severity":"major","fingerprint":"81bc35d83d7a34f0","location":{"path":"cloned_repos/pydantic-core/tests/serializers/test_serialize_as_any.py","positions":{"begin":{"line":361,"column":5},"end":{"line":361,"column":37}}}},{"check_name":"unresolved-attribute","description":"unresolved-attribute: Class `InnerModel` has no attribute `__pydantic_core_schema__`","severity":"major","fingerprint":"fdfaa9832ae8897b","location":{"path":"cloned_repos/pydantic-core/tests/serializers/test_serialize_as_any.py","positions":{"begin":{"line":363,"column":77},"end":{"line":363,"column":112}}}},{"check_name":"unresolved-attribute","description":"unresolved-attribute: Unresolved attribute `__pydantic_validator__` on type `<class 'MyModel'>`.","severity":"major","fingerprint":"1add5b30ed0d2e60","location":{"path":"cloned_repos/pydantic-core/tests/serializers/test_serialize_as_any.py","positions":{"begin":{"line":369,"column":5},"end":{"line":369,"column":35}}}},{"check_name":"unresolved-attribute","description":"unresolved-attribute: Class `MyModel` has no attribute `__pydantic_core_schema__`","severity":"major","fingerprint":"62bfa829687331e2","location":{"path":"cloned_repos/pydantic-core/tests/serializers/test_serialize_as_any.py","positions":{"begin":{"line":369,"column":54},"end":{"line":369,"column":86}}}},{"check_name":"unresolved-attribute","description":"unresolved-attribute: Unresolved attribute `__pydantic_serializer__` on type `<class 'MyModel'>`.","severity":"major","fingerprint":"9b2afc72cd72bf8d","location":{"path":"cloned_repos/pydantic-core/tests/serializers/test_serialize_as_any.py","positions":{"begin":{"line":370,"column":5},"end":{"line":370,"column":36}}}},{"check_name":"unresolved-attribute","description":"unresolved-attribute: Class `MyModel` has no attribute `__pydantic_core_schema__`","severity":"major","fingerprint":"5d6319b309bea4eb","location":{"path":"cloned_repos/pydantic-core/tests/serializers/test_serialize_as_any.py","positions":{"begin":{"line":370,"column":56},"end":{"line":370,"column":88}}}},{"check_name":"unresolved-attribute","description":"unresolved-attribute: Class `MyModel` has no attribute `__pydantic_validator__`","severity":"major","fingerprint":"44b706aa42849ffd","location":{"path":"cloned_repos/pydantic-core/tests/serializers/test_serialize_as_any.py","positions":{"begin":{"line":372,"column":16},"end":{"line":372,"column":46}}}},{"check_name":"unresolved-attribute","description":"unresolved-attribute: Class `MyModel` has no attribute `__pydantic_serializer__`","severity":"major","fingerprint":"90a9895ec85317c4","location":{"path":"cloned_repos/pydantic-core/tests/serializers/test_serialize_as_any.py","positions":{"begin":{"line":373,"column":12},"end":{"line":373,"column":43}}}},{"check_name":"invalid-assignment","description":"invalid-assignment: Object of type `None` is not assignable to `<module 'numpy'>`","severity":"major","fingerprint":"137683306c5b374d","location":{"path":"cloned_repos/pydantic-core/tests/serializers/test_simple.py","positions":{"begin":{"line":11,"column":13},"end":{"line":11,"column":17}}}},{"check_name":"invalid-assignment","description":"invalid-assignment: Object of type `None` is not assignable to `<module 'pandas'>`","severity":"major","fingerprint":"a35e8a72ba70a1bc","location":{"path":"cloned_repos/pydantic-core/tests/serializers/test_timedelta.py","positions":{"begin":{"line":10,"column":14},"end":{"line":10,"column":18}}}},{"check_name":"unresolved-attribute","description":"unresolved-attribute: Unresolved attribute `_a` on type `Data`.","severity":"major","fingerprint":"7dadf75f99a04","location":{"path":"cloned_repos/pydantic-core/tests/serializers/test_union.py","positions":{"begin":{"line":824,"column":5},"end":{"line":824,"column":21}}}},{"check_name":"possibly-missing-attribute","description":"possibly-missing-attribute: Attribute `set_config` may be missing on object of type `Unknown | None`","severity":"minor","fingerprint":"bf4002a9cc42a8c2","location":{"path":"cloned_repos/pydantic-core/tests/test_docstrings.py","positions":{"begin":{"line":19,"column":5},"end":{"line":19,"column":28}}}},{"check_name":"possibly-missing-attribute","description":"possibly-missing-attribute: Attribute `update_examples` may be missing on object of type `Unknown | None`","severity":"minor","fingerprint":"d72029c63100d047","location":{"path":"cloned_repos/pydantic-core/tests/test_docstrings.py","positions":{"begin":{"line":21,"column":8},"end":{"line":21,"column":36}}}},{"check_name":"possibly-missing-attribute","description":"possibly-missing-attribute: Attribute `format` may be missing on object of type `Unknown | None`","severity":"minor","fingerprint":"6382c14d7a52b3bc","location":{"path":"cloned_repos/pydantic-core/tests/test_docstrings.py","positions":{"begin":{"line":22,"column":9},"end":{"line":22,"column":28}}}},{"check_name":"possibly-missing-attribute","description":"possibly-missing-attribute: Attribute `run_print_update` may be missing on object of type `Unknown | None`","severity":"minor","fingerprint":"17b5062f6b544761","location":{"path":"cloned_repos/pydantic-core/tests/test_docstrings.py","positions":{"begin":{"line":23,"column":9},"end":{"line":23,"column":38}}}},{"check_name":"possibly-missing-attribute","description":"possibly-missing-attribute: Attribute `lint` may be missing on object of type `Unknown | None`","severity":"minor","fingerprint":"e39a12c05eee31b1","location":{"path":"cloned_repos/pydantic-core/tests/test_docstrings.py","positions":{"begin":{"line":25,"column":9},"end":{"line":25,"column":26}}}},{"check_name":"possibly-missing-attribute","description":"possibly-missing-attribute: Attribute `run_print_check` may be missing on object of type `Unknown | None`","severity":"minor","fingerprint":"8e8c85379f42ab15","location":{"path":"cloned_repos/pydantic-core/tests/test_docstrings.py","positions":{"begin":{"line":26,"column":9},"end":{"line":26,"column":37}}}},{"check_name":"possibly-missing-attribute","description":"possibly-missing-attribute: Attribute `set_config` may be missing on object of type `Unknown | None`","severity":"minor","fingerprint":"e7df272e9089347","location":{"path":"cloned_repos/pydantic-core/tests/test_docstrings.py","positions":{"begin":{"line":33,"column":5},"end":{"line":33,"column":28}}}},{"check_name":"possibly-missing-attribute","description":"possibly-missing-attribute: Attribute `update_examples` may be missing on object of type `Unknown | None`","severity":"minor","fingerprint":"be4f4965f875d1d1","location":{"path":"cloned_repos/pydantic-core/tests/test_docstrings.py","positions":{"begin":{"line":34,"column":8},"end":{"line":34,"column":36}}}},{"check_name":"possibly-missing-attribute","description":"possibly-missing-attribute: Attribute `format` may be missing on object of type `Unknown | None`","severity":"minor","fingerprint":"ac2c3ee4e0385948","location":{"path":"cloned_repos/pydantic-core/tests/test_docstrings.py","positions":{"begin":{"line":35,"column":9},"end":{"line":35,"column":28}}}},{"check_name":"possibly-missing-attribute","description":"possibly-missing-attribute: Attribute `lint` may be missing on object of type `Unknown | None`","severity":"minor","fingerprint":"800acb5729eb2f68","location":{"path":"cloned_repos/pydantic-core/tests/test_docstrings.py","positions":{"begin":{"line":37,"column":9},"end":{"line":37,"column":26}}}},{"check_name":"possibly-missing-attribute","description":"possibly-missing-attribute: Attribute `run` may be missing on object of type `Unknown | None`","severity":"minor","fingerprint":"c0d15ee37f54aba0","location":{"path":"cloned_repos/pydantic-core/tests/test_docstrings.py","positions":{"begin":{"line":38,"column":9},"end":{"line":38,"column":25}}}},{"check_name":"possibly-missing-attribute","description":"possibly-missing-attribute: Attribute `groups` may be missing on object of type `Match[str] | None`","severity":"minor","fingerprint":"a6db28ffabd19633","location":{"path":"cloned_repos/pydantic-core/tests/test_hypothesis.py","positions":{"begin":{"line":137,"column":28},"end":{"line":137,"column":36}}}},{"check_name":"unresolved-attribute","description":"unresolved-attribute: Unresolved attribute `__pydantic_validator__` on type `<class 'Foobar'>`.","severity":"major","fingerprint":"444a7ab000d6a809","location":{"path":"cloned_repos/pydantic-core/tests/test_json.py","positions":{"begin":{"line":284,"column":5},"end":{"line":284,"column":34}}}},{"check_name":"unresolved-attribute","description":"unresolved-attribute: Unresolved attribute `__pydantic_serializer__` on type `<class 'Foobar'>`.","severity":"major","fingerprint":"ad0792708b01fcfa","location":{"path":"cloned_repos/pydantic-core/tests/test_json.py","positions":{"begin":{"line":285,"column":5},"end":{"line":285,"column":35}}}},{"check_name":"unresolved-attribute","description":"unresolved-attribute: Unresolved attribute `__pydantic_complete__` on type `<class 'InnerModel'>`.","severity":"major","fingerprint":"7f3c54f500836529","location":{"path":"cloned_repos/pydantic-core/tests/test_prebuilt.py","positions":{"begin":{"line":19,"column":5},"end":{"line":19,"column":37}}}},{"check_name":"unresolved-attribute","description":"unresolved-attribute: Unresolved attribute `__pydantic_validator__` on type `<class 'InnerModel'>`.","severity":"major","fingerprint":"16b8d792a9e0e9e3","location":{"path":"cloned_repos/pydantic-core/tests/test_prebuilt.py","positions":{"begin":{"line":20,"column":5},"end":{"line":20,"column":38}}}},{"check_name":"unresolved-attribute","description":"unresolved-attribute: Unresolved attribute `__pydantic_serializer__` on type `<class 'InnerModel'>`.","severity":"major","fingerprint":"392289aa816e2b67","location":{"path":"cloned_repos/pydantic-core/tests/test_prebuilt.py","positions":{"begin":{"line":21,"column":5},"end":{"line":21,"column":39}}}},{"check_name":"unresolved-attribute","description":"unresolved-attribute: Unresolved attribute `__pydantic_complete__` on type `<class 'InnerModel'>`.","severity":"major","fingerprint":"8cec5341a2a80a9a","location":{"path":"cloned_repos/pydantic-core/tests/test_prebuilt.py","positions":{"begin":{"line":73,"column":5},"end":{"line":73,"column":37}}}},{"check_name":"unresolved-attribute","description":"unresolved-attribute: Unresolved attribute `__pydantic_serializer__` on type `<class 'InnerModel'>`.","severity":"major","fingerprint":"10b8a9bda142596","location":{"path":"cloned_repos/pydantic-core/tests/test_prebuilt.py","positions":{"begin":{"line":74,"column":5},"end":{"line":74,"column":39}}}},{"check_name":"unresolved-attribute","description":"unresolved-attribute: Unresolved attribute `__pydantic_complete__` on type `<class 'InnerModel'>`.","severity":"major","fingerprint":"22a428f9bded0f26","location":{"path":"cloned_repos/pydantic-core/tests/test_prebuilt.py","positions":{"begin":{"line":133,"column":5},"end":{"line":133,"column":37}}}},{"check_name":"unresolved-attribute","description":"unresolved-attribute: Unresolved attribute `__pydantic_validator__` on type `<class 'InnerModel'>`.","severity":"major","fingerprint":"21c6880b59626477","location":{"path":"cloned_repos/pydantic-core/tests/test_prebuilt.py","positions":{"begin":{"line":134,"column":5},"end":{"line":134,"column":38}}}},{"check_name":"unresolved-attribute","description":"unresolved-attribute: Unresolved attribute `__pydantic_complete__` on type `<class 'InnerModel'>`.","severity":"major","fingerprint":"f699ee8818682e06","location":{"path":"cloned_repos/pydantic-core/tests/test_prebuilt.py","positions":{"begin":{"line":193,"column":5},"end":{"line":193,"column":37}}}},{"check_name":"unresolved-attribute","description":"unresolved-attribute: Unresolved attribute `__pydantic_validator__` on type `<class 'InnerModel'>`.","severity":"major","fingerprint":"529d87a028bb3fb6","location":{"path":"cloned_repos/pydantic-core/tests/test_prebuilt.py","positions":{"begin":{"line":194,"column":5},"end":{"line":194,"column":38}}}},{"check_name":"unresolved-attribute","description":"unresolved-attribute: Unresolved attribute `__pydantic_complete__` on type `<class 'InnerModel'>`.","severity":"major","fingerprint":"afe49c5d1468a023","location":{"path":"cloned_repos/pydantic-core/tests/test_prebuilt.py","positions":{"begin":{"line":250,"column":5},"end":{"line":250,"column":37}}}},{"check_name":"unresolved-attribute","description":"unresolved-attribute: Unresolved attribute `__pydantic_serializer__` on type `<class 'InnerModel'>`.","severity":"major","fingerprint":"a102dbd0c7842a55","location":{"path":"cloned_repos/pydantic-core/tests/test_prebuilt.py","positions":{"begin":{"line":251,"column":5},"end":{"line":251,"column":39}}}},{"check_name":"unresolved-attribute","description":"unresolved-attribute: Unresolved attribute `__pydantic_complete__` on type `<class 'InnerModel'>`.","severity":"major","fingerprint":"6d150b4025fe0a94","location":{"path":"cloned_repos/pydantic-core/tests/test_prebuilt.py","positions":{"begin":{"line":304,"column":5},"end":{"line":304,"column":37}}}},{"check_name":"unresolved-attribute","description":"unresolved-attribute: Unresolved attribute `__pydantic_validator__` on type `<class 'InnerModel'>`.","severity":"major","fingerprint":"7b087fa381e52572","location":{"path":"cloned_repos/pydantic-core/tests/test_prebuilt.py","positions":{"begin":{"line":305,"column":5},"end":{"line":305,"column":38}}}},{"check_name":"unresolved-attribute","description":"unresolved-attribute: Unresolved attribute `__pydantic_complete__` on type `<class 'InnerModel'>`.","severity":"major","fingerprint":"97a403a525d98f14","location":{"path":"cloned_repos/pydantic-core/tests/test_prebuilt.py","positions":{"begin":{"line":366,"column":5},"end":{"line":366,"column":37}}}},{"check_name":"unresolved-attribute","description":"unresolved-attribute: Unresolved attribute `__pydantic_validator__` on type `<class 'InnerModel'>`.","severity":"major","fingerprint":"a137d71c4411e121","location":{"path":"cloned_repos/pydantic-core/tests/test_prebuilt.py","positions":{"begin":{"line":367,"column":5},"end":{"line":367,"column":38}}}},{"check_name":"unresolved-attribute","description":"unresolved-attribute: Module `sys` has no member `pypy_version_info`","severity":"major","fingerprint":"5d3f3c53d1b89b2d","location":{"path":"cloned_repos/pydantic-core/tests/validators/test_complex.py","positions":{"begin":{"line":89,"column":52},"end":{"line":89,"column":73}}}},{"check_name":"invalid-argument-type","description":"invalid-argument-type: Argument is incorrect: Expected `bool`, found `Literal[\"wrong\"]`","severity":"major","fingerprint":"dacfb69365d830d8","location":{"path":"cloned_repos/pydantic-core/tests/validators/test_dataclasses.py","positions":{"begin":{"line":258,"column":48},"end":{"line":258,"column":57}}}},{"check_name":"invalid-argument-type","description":"invalid-argument-type: Argument is incorrect: Expected `str`, found `Literal[b\"hello\"]`","severity":"major","fingerprint":"92a86277adc8e8bd","location":{"path":"cloned_repos/pydantic-core/tests/validators/test_dataclasses.py","positions":{"begin":{"line":263,"column":45},"end":{"line":263,"column":55}}}},{"check_name":"invalid-argument-type","description":"invalid-argument-type: Argument is incorrect: Expected `bool`, found `Literal[\"true\"]`","severity":"major","fingerprint":"8db08e39b8fcf80","location":{"path":"cloned_repos/pydantic-core/tests/validators/test_dataclasses.py","positions":{"begin":{"line":263,"column":57},"end":{"line":263,"column":65}}}},{"check_name":"invalid-argument-type","description":"invalid-argument-type: Argument is incorrect: Expected `str`, found `Literal[b\"hello\"]`","severity":"major","fingerprint":"d51c3f5dad471628","location":{"path":"cloned_repos/pydantic-core/tests/validators/test_dataclasses.py","positions":{"begin":{"line":265,"column":49},"end":{"line":265,"column":59}}}},{"check_name":"invalid-argument-type","description":"invalid-argument-type: Argument is incorrect: Expected `bool`, found `Literal[\"true\"]`","severity":"major","fingerprint":"6b96a634b2e83ffa","location":{"path":"cloned_repos/pydantic-core/tests/validators/test_dataclasses.py","positions":{"begin":{"line":265,"column":61},"end":{"line":265,"column":69}}}},{"check_name":"invalid-argument-type","description":"invalid-argument-type: Argument is incorrect: Expected `bool`, found `Literal[\"wrong\"]`","severity":"major","fingerprint":"7c377c79626f0eff","location":{"path":"cloned_repos/pydantic-core/tests/validators/test_dataclasses.py","positions":{"begin":{"line":268,"column":60},"end":{"line":268,"column":69}}}},{"check_name":"invalid-argument-type","description":"invalid-argument-type: Argument is incorrect: Expected `bool`, found `Literal[\"wrong\"]`","severity":"major","fingerprint":"80b5612600ee6ac7","location":{"path":"cloned_repos/pydantic-core/tests/validators/test_dataclasses.py","positions":{"begin":{"line":275,"column":47},"end":{"line":275,"column":56}}}},{"check_name":"invalid-argument-type","description":"invalid-argument-type: Argument is incorrect: Expected `bool`, found `Literal[\"True\"]`","severity":"major","fingerprint":"af17a8e6be896db3","location":{"path":"cloned_repos/pydantic-core/tests/validators/test_dataclasses.py","positions":{"begin":{"line":354,"column":43},"end":{"line":354,"column":51}}}},{"check_name":"invalid-argument-type","description":"invalid-argument-type: Argument is incorrect: Expected `str`, found `Literal[b\"hello\"]`","severity":"major","fingerprint":"bf4a18e38ec37512","location":{"path":"cloned_repos/pydantic-core/tests/validators/test_dataclasses.py","positions":{"begin":{"line":464,"column":33},"end":{"line":464,"column":43}}}},{"check_name":"invalid-argument-type","description":"invalid-argument-type: Argument is incorrect: Expected `bool`, found `Literal[\"true\"]`","severity":"major","fingerprint":"42ca2bbdabed66f1","location":{"path":"cloned_repos/pydantic-core/tests/validators/test_dataclasses.py","positions":{"begin":{"line":464,"column":45},"end":{"line":464,"column":53}}}},{"check_name":"invalid-argument-type","description":"invalid-argument-type: Argument is incorrect: Expected `str`, found `Literal[b\"hello\"]`","severity":"major","fingerprint":"d897fe2a900cc2ad","location":{"path":"cloned_repos/pydantic-core/tests/validators/test_dataclasses.py","positions":{"begin":{"line":467,"column":32},"end":{"line":467,"column":42}}}},{"check_name":"invalid-argument-type","description":"invalid-argument-type: Argument is incorrect: Expected `bool`, found `Literal[\"true\"]`","severity":"major","fingerprint":"feb683c1fd3157e0","location":{"path":"cloned_repos/pydantic-core/tests/validators/test_dataclasses.py","positions":{"begin":{"line":467,"column":44},"end":{"line":467,"column":52}}}},{"check_name":"invalid-assignment","description":"invalid-assignment: Object of type `def __init__(self, *args, **kwargs) -> Unknown` is not assignable to attribute `__init__` of type `Overload[(self, o: object, /) -> None, (self, name: str, bases: tuple[type, ...], dict: dict[str, Any], /, **kwds: Any) -> None]`","severity":"major","fingerprint":"38647e3ed74bca49","location":{"path":"cloned_repos/pydantic-core/tests/validators/test_dataclasses.py","positions":{"begin":{"line":708,"column":5},"end":{"line":708,"column":17}}}},{"check_name":"unknown-argument","description":"unknown-argument: Argument `aAlias` does not match any known parameter of bound method `__init__`","severity":"major","fingerprint":"e87f3b980ba9b18b","location":{"path":"cloned_repos/pydantic-core/tests/validators/test_dataclasses.py","positions":{"begin":{"line":710,"column":15},"end":{"line":710,"column":30}}}},{"check_name":"unknown-argument","description":"unknown-argument: Argument `bAlias` does not match any known parameter of bound method `__init__`","severity":"major","fingerprint":"73a22acc3039e1","location":{"path":"cloned_repos/pydantic-core/tests/validators/test_dataclasses.py","positions":{"begin":{"line":710,"column":32},"end":{"line":710,"column":47}}}},{"check_name":"unknown-argument","description":"unknown-argument: Argument `aAlias` does not match any known parameter of bound method `__init__`","severity":"major","fingerprint":"9a517ded10ca4b90","location":{"path":"cloned_repos/pydantic-core/tests/validators/test_dataclasses.py","positions":{"begin":{"line":715,"column":13},"end":{"line":715,"column":28}}}},{"check_name":"unknown-argument","description":"unknown-argument: Argument `bAlias` does not match any known parameter of bound method `__init__`","severity":"major","fingerprint":"7dcc8ed308d09c89","location":{"path":"cloned_repos/pydantic-core/tests/validators/test_dataclasses.py","positions":{"begin":{"line":715,"column":30},"end":{"line":715,"column":46}}}},{"check_name":"invalid-assignment","description":"invalid-assignment: Object of type `def __init__(self, *args, **kwargs) -> Unknown` is not assignable to attribute `__init__` of type `Overload[(self, o: object, /) -> None, (self, name: str, bases: tuple[type, ...], dict: dict[str, Any], /, **kwds: Any) -> None]`","severity":"major","fingerprint":"bd213908d9f5895","location":{"path":"cloned_repos/pydantic-core/tests/validators/test_dataclasses.py","positions":{"begin":{"line":751,"column":5},"end":{"line":751,"column":17}}}},{"check_name":"unknown-argument","description":"unknown-argument: Argument `aAlias` does not match any known parameter of bound method `__init__`","severity":"major","fingerprint":"411fbf39ab6222db","location":{"path":"cloned_repos/pydantic-core/tests/validators/test_dataclasses.py","positions":{"begin":{"line":753,"column":15},"end":{"line":753,"column":30}}}},{"check_name":"unknown-argument","description":"unknown-argument: Argument `bAlias` does not match any known parameter of bound method `__init__`","severity":"major","fingerprint":"fd933f72271ae96f","location":{"path":"cloned_repos/pydantic-core/tests/validators/test_dataclasses.py","positions":{"begin":{"line":753,"column":32},"end":{"line":753,"column":47}}}},{"check_name":"unknown-argument","description":"unknown-argument: Argument `aAlias` does not match any known parameter of bound method `__init__`","severity":"major","fingerprint":"9ad772207e8614bb","location":{"path":"cloned_repos/pydantic-core/tests/validators/test_dataclasses.py","positions":{"begin":{"line":757,"column":13},"end":{"line":757,"column":28}}}},{"check_name":"unknown-argument","description":"unknown-argument: Argument `bAlias` does not match any known parameter of bound method `__init__`","severity":"major","fingerprint":"2491f56fda5eabb4","location":{"path":"cloned_repos/pydantic-core/tests/validators/test_dataclasses.py","positions":{"begin":{"line":757,"column":30},"end":{"line":757,"column":46}}}},{"check_name":"invalid-argument-type","description":"invalid-argument-type: Argument is incorrect: Expected `str`, found `Literal[b\"hello\"]`","severity":"major","fingerprint":"566c8620a21b501a","location":{"path":"cloned_repos/pydantic-core/tests/validators/test_dataclasses.py","positions":{"begin":{"line":1413,"column":50},"end":{"line":1413,"column":60}}}},{"check_name":"invalid-argument-type","description":"invalid-argument-type: Argument is incorrect: Expected `bool`, found `Literal[\"true\"]`","severity":"major","fingerprint":"3b6874047b250168","location":{"path":"cloned_repos/pydantic-core/tests/validators/test_dataclasses.py","positions":{"begin":{"line":1413,"column":62},"end":{"line":1413,"column":70}}}},{"check_name":"invalid-argument-type","description":"invalid-argument-type: Argument is incorrect: Expected `str`, found `Literal[b\"hello\"]`","severity":"major","fingerprint":"5b9db706a870abf0","location":{"path":"cloned_repos/pydantic-core/tests/validators/test_dataclasses.py","positions":{"begin":{"line":1415,"column":54},"end":{"line":1415,"column":64}}}},{"check_name":"invalid-argument-type","description":"invalid-argument-type: Argument is incorrect: Expected `bool`, found `Literal[\"true\"]`","severity":"major","fingerprint":"f8dc6e22b34d90b4","location":{"path":"cloned_repos/pydantic-core/tests/validators/test_dataclasses.py","positions":{"begin":{"line":1415,"column":66},"end":{"line":1415,"column":74}}}},{"check_name":"invalid-argument-type","description":"invalid-argument-type: Argument is incorrect: Expected `str`, found `Literal[b\"hello\"]`","severity":"major","fingerprint":"1fb2c7a0fcd69f9d","location":{"path":"cloned_repos/pydantic-core/tests/validators/test_dataclasses.py","positions":{"begin":{"line":1418,"column":54},"end":{"line":1418,"column":64}}}},{"check_name":"invalid-argument-type","description":"invalid-argument-type: Argument is incorrect: Expected `bool`, found `Literal[\"wrong\"]`","severity":"major","fingerprint":"916e89c360966914","location":{"path":"cloned_repos/pydantic-core/tests/validators/test_dataclasses.py","positions":{"begin":{"line":1418,"column":66},"end":{"line":1418,"column":75}}}},{"check_name":"invalid-argument-type","description":"invalid-argument-type: Argument is incorrect: Expected `bool`, found `Literal[\"wrong\"]`","severity":"major","fingerprint":"2bc5b3b584562b47","location":{"path":"cloned_repos/pydantic-core/tests/validators/test_dataclasses.py","positions":{"begin":{"line":1429,"column":52},"end":{"line":1429,"column":61}}}},{"check_name":"unresolved-attribute","description":"unresolved-attribute: Unresolved attribute `__pydantic_validator__` on type `<class 'Dataclass'>`.","severity":"major","fingerprint":"72d341fb9cc7e6dd","location":{"path":"cloned_repos/pydantic-core/tests/validators/test_dataclasses.py","positions":{"begin":{"line":1594,"column":9},"end":{"line":1594,"column":41}}}},{"check_name":"unresolved-attribute","description":"unresolved-attribute: Unresolved attribute `branch` on type `Cls`.","severity":"major","fingerprint":"9d1de6bc00afbbe0","location":{"path":"cloned_repos/pydantic-core/tests/validators/test_definitions_recursive.py","positions":{"begin":{"line":362,"column":5},"end":{"line":362,"column":16}}}},{"check_name":"unresolved-attribute","description":"unresolved-attribute: Unresolved attribute `branch` on type `Cls`.","severity":"major","fingerprint":"73132638113ccdbe","location":{"path":"cloned_repos/pydantic-core/tests/validators/test_definitions_recursive.py","positions":{"begin":{"line":369,"column":5},"end":{"line":369,"column":16}}}},{"check_name":"invalid-argument-type","description":"invalid-argument-type: Argument is incorrect: Expected `list[Model]`, found `list[Model | int]`","severity":"major","fingerprint":"43e66683a7c8b5c8","location":{"path":"cloned_repos/pydantic-core/tests/validators/test_definitions_recursive.py","positions":{"begin":{"line":878,"column":71},"end":{"line":878,"column":78}}}},{"check_name":"invalid-raise","description":"invalid-raise: Cannot raise object of type `None`: Not an instance or subclass of `BaseException`","severity":"major","fingerprint":"80697d0b36af79f0","location":{"path":"cloned_repos/pydantic-core/tests/validators/test_dict.py","positions":{"begin":{"line":146,"column":19},"end":{"line":146,"column":23}}}},{"check_name":"invalid-method-override","description":"invalid-method-override: Invalid override of method `_missing_`: Definition is incompatible with `Enum._missing_`","severity":"major","fingerprint":"3f975949b691c03d","location":{"path":"cloned_repos/pydantic-core/tests/validators/test_enums.py","positions":{"begin":{"line":165,"column":13},"end":{"line":165,"column":30}}}},{"check_name":"invalid-method-override","description":"invalid-method-override: Invalid override of method `_missing_`: Definition is incompatible with `Enum._missing_`","severity":"major","fingerprint":"4344200d4a80b8d4","location":{"path":"cloned_repos/pydantic-core/tests/validators/test_enums.py","positions":{"begin":{"line":190,"column":13},"end":{"line":190,"column":30}}}},{"check_name":"invalid-method-override","description":"invalid-method-override: Invalid override of method `_missing_`: Definition is incompatible with `Enum._missing_`","severity":"major","fingerprint":"15a5b6a036ad0c79","location":{"path":"cloned_repos/pydantic-core/tests/validators/test_enums.py","positions":{"begin":{"line":217,"column":13},"end":{"line":217,"column":30}}}},{"check_name":"unsupported-base","description":"unsupported-base: Unsupported class base with type `type[Exception]`","severity":"minor","fingerprint":"6a7385174e22a1b8","location":{"path":"cloned_repos/pydantic-core/tests/validators/test_function.py","positions":{"begin":{"line":548,"column":19},"end":{"line":548,"column":29}}}},{"check_name":"invalid-method-override","description":"invalid-method-override: Invalid override of method `__getitem__`: Definition is incompatible with `Sequence.__getitem__`","severity":"major","fingerprint":"3bac946499ee74fb","location":{"path":"cloned_repos/pydantic-core/tests/validators/test_list.py","positions":{"begin":{"line":449,"column":9},"end":{"line":449,"column":45}}}},{"check_name":"invalid-assignment","description":"invalid-assignment: Not enough values to unpack: Expected 3","severity":"major","fingerprint":"8923ac65f49fe829","location":{"path":"cloned_repos/pydantic-core/tests/validators/test_model.py","positions":{"begin":{"line":298,"column":9},"end":{"line":298,"column":26}}}},{"check_name":"possibly-missing-attribute","description":"possibly-missing-attribute: Attribute `group` may be missing on object of type `Match[str] | None`","severity":"minor","fingerprint":"719b8430309e9a56","location":{"path":"cloned_repos/pydantic-core/tests/validators/test_model.py","positions":{"begin":{"line":634,"column":12},"end":{"line":634,"column":56}}}},{"check_name":"possibly-missing-attribute","description":"possibly-missing-attribute: Attribute `group` may be missing on object of type `Match[str] | None`","severity":"minor","fingerprint":"a8a1595dd4b3c0d","location":{"path":"cloned_repos/pydantic-core/tests/validators/test_model.py","positions":{"begin":{"line":726,"column":12},"end":{"line":726,"column":56}}}},{"check_name":"unresolved-attribute","description":"unresolved-attribute: Unresolved attribute `__pydantic_extra__` on type `MySubModel`.","severity":"major","fingerprint":"bee7350e25708c2b","location":{"path":"cloned_repos/pydantic-core/tests/validators/test_model.py","positions":{"begin":{"line":788,"column":5},"end":{"line":788,"column":26}}}},{"check_name":"unresolved-attribute","description":"unresolved-attribute: Unresolved attribute `__pydantic_fields_set__` on type `MySubModel`.","severity":"major","fingerprint":"aad8ba102df8dbb5","location":{"path":"cloned_repos/pydantic-core/tests/validators/test_model.py","positions":{"begin":{"line":789,"column":5},"end":{"line":789,"column":31}}}},{"check_name":"unresolved-attribute","description":"unresolved-attribute: Unresolved attribute `__pydantic_extra__` on type `MySubModel`.","severity":"major","fingerprint":"cb364b6ba279323e","location":{"path":"cloned_repos/pydantic-core/tests/validators/test_model.py","positions":{"begin":{"line":797,"column":5},"end":{"line":797,"column":26}}}},{"check_name":"unresolved-attribute","description":"unresolved-attribute: Unresolved attribute `__pydantic_fields_set__` on type `MySubModel`.","severity":"major","fingerprint":"8afae0a2e31eeaa7","location":{"path":"cloned_repos/pydantic-core/tests/validators/test_model.py","positions":{"begin":{"line":798,"column":5},"end":{"line":798,"column":31}}}},{"check_name":"unresolved-attribute","description":"unresolved-attribute: Unresolved attribute `__pydantic_extra__` on type `MyModel`.","severity":"major","fingerprint":"d84edb7a09e0ee01","location":{"path":"cloned_repos/pydantic-core/tests/validators/test_model.py","positions":{"begin":{"line":832,"column":5},"end":{"line":832,"column":26}}}},{"check_name":"unresolved-attribute","description":"unresolved-attribute: Unresolved attribute `__pydantic_fields_set__` on type `MyModel`.","severity":"major","fingerprint":"a938f79c15f9081a","location":{"path":"cloned_repos/pydantic-core/tests/validators/test_model.py","positions":{"begin":{"line":833,"column":5},"end":{"line":833,"column":31}}}},{"check_name":"unresolved-attribute","description":"unresolved-attribute: Object of type `Self@call_me_maybe` has no attribute `__pydantic_fields_set__`","severity":"major","fingerprint":"ea6a4d1b8cda1d6a","location":{"path":"cloned_repos/pydantic-core/tests/validators/test_model.py","positions":{"begin":{"line":858,"column":20},"end":{"line":858,"column":48}}}},{"check_name":"possibly-missing-attribute","description":"possibly-missing-attribute: Attribute `group` may be missing on object of type `Match[str] | None`","severity":"minor","fingerprint":"a04172fde9db9865","location":{"path":"cloned_repos/pydantic-core/tests/validators/test_model.py","positions":{"begin":{"line":901,"column":12},"end":{"line":901,"column":56}}}},{"check_name":"unresolved-attribute","description":"unresolved-attribute: Unresolved attribute `__pydantic_fields_set__` on type `MyModel`.","severity":"major","fingerprint":"ff1ec67393059418","location":{"path":"cloned_repos/pydantic-core/tests/validators/test_model.py","positions":{"begin":{"line":1036,"column":5},"end":{"line":1036,"column":30}}}},{"check_name":"unresolved-attribute","description":"unresolved-attribute: Unresolved attribute `field_a` on type `MyModel`.","severity":"major","fingerprint":"b5e0cc0f9c8292e6","location":{"path":"cloned_repos/pydantic-core/tests/validators/test_model.py","positions":{"begin":{"line":1119,"column":5},"end":{"line":1119,"column":14}}}},{"check_name":"unresolved-attribute","description":"unresolved-attribute: Unresolved attribute `field_b` on type `MyModel`.","severity":"major","fingerprint":"278af3e4b21ea688","location":{"path":"cloned_repos/pydantic-core/tests/validators/test_model.py","positions":{"begin":{"line":1120,"column":5},"end":{"line":1120,"column":14}}}},{"check_name":"invalid-assignment","description":"invalid-assignment: Object of type `Literal[\"different\"]` is not assignable to attribute `field_a` on type `MyModel & ~<Protocol with members '__pydantic_fields_set__'>`","severity":"major","fingerprint":"bc9ae4f5e45cfc6f","location":{"path":"cloned_repos/pydantic-core/tests/validators/test_model.py","positions":{"begin":{"line":1125,"column":5},"end":{"line":1125,"column":14}}}},{"check_name":"unresolved-attribute","description":"unresolved-attribute: Object of type `MyModel & ~<Protocol with members '__pydantic_fields_set__'>` has no attribute `field_b`","severity":"major","fingerprint":"da59dddebf269e4c","location":{"path":"cloned_repos/pydantic-core/tests/validators/test_model.py","positions":{"begin":{"line":1126,"column":12},"end":{"line":1126,"column":21}}}},{"check_name":"unsupported-operator","description":"unsupported-operator: Operator `+` is not supported between objects of type `Literal[1]` and `Literal[\"a\"]`","severity":"major","fingerprint":"5a12ee34774e4c31","location":{"path":"cloned_repos/pydantic-core/tests/validators/test_model_fields.py","positions":{"begin":{"line":1458,"column":18},"end":{"line":1458,"column":25}}}},{"check_name":"unresolved-attribute","description":"unresolved-attribute: Object of type `MyModel` has no attribute `field_a`","severity":"major","fingerprint":"83ae083f36edccf9","location":{"path":"cloned_repos/pydantic-core/tests/validators/test_model_init.py","positions":{"begin":{"line":80,"column":12},"end":{"line":80,"column":22}}}},{"check_name":"unresolved-attribute","description":"unresolved-attribute: Object of type `MyModel` has no attribute `field_b`","severity":"major","fingerprint":"bb6c93f7907772fc","location":{"path":"cloned_repos/pydantic-core/tests/validators/test_model_init.py","positions":{"begin":{"line":81,"column":23},"end":{"line":81,"column":33}}}},{"check_name":"unresolved-attribute","description":"unresolved-attribute: Object of type `MyModel` has no attribute `field_b`","severity":"major","fingerprint":"2e4956a12c1eab7e","location":{"path":"cloned_repos/pydantic-core/tests/validators/test_model_init.py","positions":{"begin":{"line":82,"column":12},"end":{"line":82,"column":22}}}},{"check_name":"unresolved-attribute","description":"unresolved-attribute: Object of type `MyModel` has no attribute `field_b`","severity":"major","fingerprint":"2ebca7cc228267f9","location":{"path":"cloned_repos/pydantic-core/tests/validators/test_model_init.py","positions":{"begin":{"line":83,"column":12},"end":{"line":83,"column":22}}}},{"check_name":"unresolved-attribute","description":"unresolved-attribute: Object of type `MyModel` has no attribute `__pydantic_fields_set__`","severity":"major","fingerprint":"2af930eea7b2e879","location":{"path":"cloned_repos/pydantic-core/tests/validators/test_model_init.py","positions":{"begin":{"line":85,"column":12},"end":{"line":85,"column":38}}}},{"check_name":"unresolved-attribute","description":"unresolved-attribute: Object of type `MyModel` has no attribute `__pydantic_fields_set__`","severity":"major","fingerprint":"e5c345097672806","location":{"path":"cloned_repos/pydantic-core/tests/validators/test_model_init.py","positions":{"begin":{"line":118,"column":12},"end":{"line":118,"column":38}}}},{"check_name":"unresolved-attribute","description":"unresolved-attribute: Object of type `MyModel` has no attribute `__pydantic_fields_set__`","severity":"major","fingerprint":"bd34aecbed8a1a1e","location":{"path":"cloned_repos/pydantic-core/tests/validators/test_model_init.py","positions":{"begin":{"line":152,"column":12},"end":{"line":152,"column":38}}}},{"check_name":"unresolved-attribute","description":"unresolved-attribute: Object of type `MyModel` has no attribute `__pydantic_fields_set__`","severity":"major","fingerprint":"47e2772345d59445","location":{"path":"cloned_repos/pydantic-core/tests/validators/test_model_init.py","positions":{"begin":{"line":188,"column":12},"end":{"line":188,"column":38}}}},{"check_name":"unresolved-attribute","description":"unresolved-attribute: Object of type `Self@__init__` has no attribute `__pydantic_validator__`","severity":"major","fingerprint":"c5651c5f7f5b426c","location":{"path":"cloned_repos/pydantic-core/tests/validators/test_model_init.py","positions":{"begin":{"line":212,"column":13},"end":{"line":212,"column":40}}}},{"check_name":"unresolved-attribute","description":"unresolved-attribute: Object of type `Self@__init__` has no attribute `a`","severity":"major","fingerprint":"587a1987009ed70f","location":{"path":"cloned_repos/pydantic-core/tests/validators/test_model_init.py","positions":{"begin":{"line":213,"column":22},"end":{"line":213,"column":28}}}},{"check_name":"unresolved-attribute","description":"unresolved-attribute: Unresolved attribute `__pydantic_validator__` on type `<class 'Model'>`.","severity":"major","fingerprint":"5740b30944beedc3","location":{"path":"cloned_repos/pydantic-core/tests/validators/test_model_init.py","positions":{"begin":{"line":227,"column":5},"end":{"line":227,"column":33}}}},{"check_name":"unresolved-attribute","description":"unresolved-attribute: Object of type `Self@__init__` has no attribute `__pydantic_validator__`","severity":"major","fingerprint":"30ea86087437de5a","location":{"path":"cloned_repos/pydantic-core/tests/validators/test_model_init.py","positions":{"begin":{"line":261,"column":13},"end":{"line":261,"column":40}}}},{"check_name":"unresolved-attribute","description":"unresolved-attribute: Unresolved attribute `__pydantic_validator__` on type `<class 'ModelInner'>`.","severity":"major","fingerprint":"a5b4593be48b451c","location":{"path":"cloned_repos/pydantic-core/tests/validators/test_model_init.py","positions":{"begin":{"line":273,"column":5},"end":{"line":273,"column":38}}}},{"check_name":"unresolved-attribute","description":"unresolved-attribute: Object of type `Self@__init__` has no attribute `__pydantic_validator__`","severity":"major","fingerprint":"b1fafd10f1ddc930","location":{"path":"cloned_repos/pydantic-core/tests/validators/test_model_init.py","positions":{"begin":{"line":282,"column":13},"end":{"line":282,"column":40}}}},{"check_name":"unresolved-attribute","description":"unresolved-attribute: Unresolved attribute `__pydantic_validator__` on type `<class 'ModelOuter'>`.","severity":"major","fingerprint":"1887891d86080d99","location":{"path":"cloned_repos/pydantic-core/tests/validators/test_model_init.py","positions":{"begin":{"line":284,"column":5},"end":{"line":284,"column":38}}}},{"check_name":"unresolved-attribute","description":"unresolved-attribute: Object of type `ModelOuter` has no attribute `__pydantic_fields_set__`","severity":"major","fingerprint":"838cdaadf08c9619","location":{"path":"cloned_repos/pydantic-core/tests/validators/test_model_init.py","positions":{"begin":{"line":298,"column":12},"end":{"line":298,"column":37}}}},{"check_name":"unresolved-attribute","description":"unresolved-attribute: Unresolved attribute `__pydantic_validator__` on type `<class 'ModelInner'>`.","severity":"major","fingerprint":"4b1143d908845034","location":{"path":"cloned_repos/pydantic-core/tests/validators/test_model_init.py","positions":{"begin":{"line":333,"column":5},"end":{"line":333,"column":38}}}},{"check_name":"unresolved-attribute","description":"unresolved-attribute: Unresolved attribute `__pydantic_validator__` on type `<class 'ModelOuter'>`.","severity":"major","fingerprint":"ead330e66658428e","location":{"path":"cloned_repos/pydantic-core/tests/validators/test_model_init.py","positions":{"begin":{"line":348,"column":5},"end":{"line":348,"column":38}}}},{"check_name":"unresolved-attribute","description":"unresolved-attribute: Unresolved attribute `__pydantic_validator__` on type `<class 'Model'>`.","severity":"major","fingerprint":"c017dc0ab958ab1f","location":{"path":"cloned_repos/pydantic-core/tests/validators/test_model_init.py","positions":{"begin":{"line":450,"column":9},"end":{"line":450,"column":37}}}},{"check_name":"unresolved-attribute","description":"unresolved-attribute: Object of type `RootModel` has no attribute `__pydantic_fields_set__`","severity":"major","fingerprint":"ef11a03619e19df9","location":{"path":"cloned_repos/pydantic-core/tests/validators/test_model_root.py","positions":{"begin":{"line":188,"column":12},"end":{"line":188,"column":37}}}},{"check_name":"unresolved-attribute","description":"unresolved-attribute: Object of type `RootModel` has no attribute `__pydantic_fields_set__`","severity":"major","fingerprint":"3f1e087e36d6bd64","location":{"path":"cloned_repos/pydantic-core/tests/validators/test_model_root.py","positions":{"begin":{"line":192,"column":12},"end":{"line":192,"column":37}}}},{"check_name":"invalid-assignment","description":"invalid-assignment: Object of type `Literal[42]` is not assignable to `RootModel`","severity":"major","fingerprint":"6ed545c82da4416a","location":{"path":"cloned_repos/pydantic-core/tests/validators/test_model_root.py","positions":{"begin":{"line":202,"column":28},"end":{"line":202,"column":30}}}},{"check_name":"unresolved-attribute","description":"unresolved-attribute: Object of type `RootModel` has no attribute `__pydantic_fields_set__`","severity":"major","fingerprint":"c43c490cb86dd909","location":{"path":"cloned_repos/pydantic-core/tests/validators/test_model_root.py","positions":{"begin":{"line":225,"column":12},"end":{"line":225,"column":43}}}},{"check_name":"unresolved-attribute","description":"unresolved-attribute: Unresolved attribute `__pydantic_validator__` on type `def validate(v, info) -> Unknown`.","severity":"major","fingerprint":"59885c2a3414e61d","location":{"path":"cloned_repos/pydantic-core/tests/validators/test_nullable.py","positions":{"begin":{"line":57,"column":9},"end":{"line":57,"column":40}}}},{"check_name":"invalid-assignment","description":"invalid-assignment: Object of type `None` is not assignable to `<module 'pandas'>`","severity":"major","fingerprint":"200e2d04b9560139","location":{"path":"cloned_repos/pydantic-core/tests/validators/test_timedelta.py","positions":{"begin":{"line":15,"column":14},"end":{"line":15,"column":18}}}},{"check_name":"possibly-missing-attribute","description":"possibly-missing-attribute: Attribute `groups` may be missing on object of type `Match[str] | None`","severity":"minor","fingerprint":"b9ced843cb800718","location":{"path":"cloned_repos/pydantic-core/tests/validators/test_timedelta.py","positions":{"begin":{"line":274,"column":28},"end":{"line":274,"column":36}}}},{"check_name":"unsupported-operator","description":"unsupported-operator: Operator `+` is not supported between objects of type `Literal[1]` and `Literal[\"a\"]`","severity":"major","fingerprint":"12a3bf4b6479369c","location":{"path":"cloned_repos/pydantic-core/tests/validators/test_typed_dict.py","positions":{"begin":{"line":882,"column":18},"end":{"line":882,"column":25}}}},{"check_name":"unresolved-attribute","description":"unresolved-attribute: Unresolved attribute `__pydantic_validator__` on type `def validate(v, info) -> Unknown`.","severity":"major","fingerprint":"9cc9d869d3ad6474","location":{"path":"cloned_repos/pydantic-core/tests/validators/test_typed_dict.py","positions":{"begin":{"line":1222,"column":9},"end":{"line":1222,"column":40}}}},{"check_name":"unresolved-attribute","description":"unresolved-attribute: Unresolved attribute `a` on type `ModelB`.","severity":"major","fingerprint":"2a74adbb35eb836","location":{"path":"cloned_repos/pydantic-core/tests/validators/test_union.py","positions":{"begin":{"line":179,"column":9},"end":{"line":179,"column":13}}}},{"check_name":"unresolved-attribute","description":"unresolved-attribute: Unresolved attribute `b` on type `ModelB`.","severity":"major","fingerprint":"2fd83c4a533bfd71","location":{"path":"cloned_repos/pydantic-core/tests/validators/test_union.py","positions":{"begin":{"line":180,"column":9},"end":{"line":180,"column":13}}}},{"check_name":"unresolved-attribute","description":"unresolved-attribute: Unresolved attribute `c` on type `ModelB`.","severity":"major","fingerprint":"1a7faa8c5c58e6ac","location":{"path":"cloned_repos/pydantic-core/tests/validators/test_union.py","positions":{"begin":{"line":181,"column":9},"end":{"line":181,"column":13}}}},{"check_name":"possibly-missing-attribute","description":"possibly-missing-attribute: Attribute `validate_python` may be missing on object of type `Unknown | None`","severity":"minor","fingerprint":"c70a2aec3503d9c4","location":{"path":"cloned_repos/pydantic-core/tests/validators/test_url.py","positions":{"begin":{"line":68,"column":17},"end":{"line":68,"column":46}}}},{"check_name":"possibly-missing-attribute","description":"possibly-missing-attribute: Attribute `validate_python` may be missing on object of type `Unknown | None`","severity":"minor","fingerprint":"c2927dce85cc724a","location":{"path":"cloned_repos/pydantic-core/tests/validators/test_url.py","positions":{"begin":{"line":79,"column":26},"end":{"line":79,"column":55}}}},{"check_name":"invalid-assignment","description":"invalid-assignment: Invalid subscript assignment with key of type `Unknown` and value of type `Literal[5432]` on object of type `dict[str, str | list[Unknown | dict[Unknown | str, Unknown | str | int]]]`","severity":"major","fingerprint":"6225915494724342","location":{"path":"cloned_repos/pydantic-core/tests/validators/test_url.py","positions":{"begin":{"line":1451,"column":9},"end":{"line":1451,"column":29}}}},{"check_name":"unresolved-attribute","description":"unresolved-attribute: Unresolved attribute `__pydantic_validator__` on type `<class 'Defaulted'>`.","severity":"major","fingerprint":"d8e386142033832e","location":{"path":"cloned_repos/pydantic-core/tests/validators/test_with_default.py","positions":{"begin":{"line":665,"column":9},"end":{"line":665,"column":41}}}},{"check_name":"call-non-callable","description":"call-non-callable: Object of type `Exception` is not callable","severity":"major","fingerprint":"a98127c71515948e","location":{"path":"cloned_repos/pydantic-core/tests/validators/test_with_default.py","positions":{"begin":{"line":777,"column":15},"end":{"line":777,"column":19}}}},{"check_name":"invalid-argument-type","description":"invalid-argument-type: Argument to function `_raise` is incorrect: Expected `Exception`, found `<class 'AssertionError'>`","severity":"major","fingerprint":"8c2863e158395b21","location":{"path":"cloned_repos/pydantic-core/tests/validators/test_with_default.py","positions":{"begin":{"line":780,"column":26},"end":{"line":780,"column":40}}}},{"check_name":"call-non-callable","description":"call-non-callable: Object of type `Exception` is not callable","severity":"major","fingerprint":"2676592b4e807906","location":{"path":"cloned_repos/pydantic-core/tests/validators/test_with_default.py","positions":{"begin":{"line":805,"column":15},"end":{"line":805,"column":19}}}},{"check_name":"invalid-argument-type","description":"invalid-argument-type: Argument to function `_raise` is incorrect: Expected `Exception`, found `<class 'AssertionError'>`","severity":"major","fingerprint":"3c122bf1c8ec4a82","location":{"path":"cloned_repos/pydantic-core/tests/validators/test_with_default.py","positions":{"begin":{"line":808,"column":26},"end":{"line":808,"column":40}}}},{"check_name":"invalid-syntax","description":"invalid-syntax: `await` statement outside of a function","severity":"major","fingerprint":"3aff6b61fbc8e430","location":{"path":"cloned_repos/pydantic-core/wasm-preview/run_tests.py","positions":{"begin":{"line":62,"column":5},"end":{"line":62,"column":49}}}},{"check_name":"invalid-syntax","description":"invalid-syntax: `await` outside of an asynchronous function","severity":"major","fingerprint":"a6b08195a228b378","location":{"path":"cloned_repos/pydantic-core/wasm-preview/run_tests.py","positions":{"begin":{"line":62,"column":5},"end":{"line":62,"column":49}}}},{"check_name":"unresolved-reference","description":"unresolved-reference: Name `tests_zip` used when not defined","severity":"major","fingerprint":"f87aed43d0e1ec73","location":{"path":"cloned_repos/pydantic-core/wasm-preview/run_tests.py","positions":{"begin":{"line":62,"column":16},"end":{"line":62,"column":25}}}},{"check_name":"unresolved-reference","description":"unresolved-reference: Name `pydantic_core_version` used when not defined","severity":"major","fingerprint":"27f5bfd5d0775b59","location":{"path":"cloned_repos/pydantic-core/wasm-preview/run_tests.py","positions":{"begin":{"line":62,"column":27},"end":{"line":62,"column":48}}}}]
